<?xml version="1.0" encoding="utf-8"?>
<test-run id="2" testcasecount="141" result="Passed" total="141" passed="141" failed="0" inconclusive="0" skipped="0" asserts="0" engine-version="3.5.0.0" clr-version="4.0.30319.42000" start-time="2026-07-05 01:37:06Z" end-time="2026-07-05 01:37:06Z" duration="0.0923352">
  <test-suite type="TestSuite" id="1163" name="KingdomWar" fullname="KingdomWar" runstate="Runnable" testcasecount="141" result="Passed" start-time="2026-07-05 01:37:06Z" end-time="2026-07-05 01:37:06Z" duration="0.092335" total="141" passed="141" failed="0" inconclusive="0" skipped="0" asserts="0">
    <properties />
    <test-suite type="Assembly" id="1312" name="EditMode.dll" fullname="D:/fs2025/unity/KingdomWar/Library/ScriptAssemblies/EditMode.dll" runstate="Runnable" testcasecount="140" result="Passed" start-time="2026-07-05 01:37:06Z" end-time="2026-07-05 01:37:06Z" duration="0.080520" total="140" passed="140" failed="0" inconclusive="0" skipped="0" asserts="0">
      <properties>
        <property name="_PID" value="25184" />
        <property name="_APPDOMAIN" value="Unity Child Domain" />
        <property name="platform" value="EditMode" />
      </properties>
      <test-suite type="TestFixture" id="1164" name="BattleManagerTests" fullname="BattleManagerTests" classname="BattleManagerTests" runstate="Runnable" testcasecount="6" result="Passed" start-time="2026-07-05 01:37:06Z" end-time="2026-07-05 01:37:06Z" duration="0.017216" total="6" passed="6" failed="0" inconclusive="0" skipped="0" asserts="0">
        <properties />
        <test-case id="1165" name="BattleStatus_Enum_Exists" fullname="BattleManagerTests.BattleStatus_Enum_Exists" methodname="BattleStatus_Enum_Exists" classname="BattleManagerTests" runstate="Runnable" seed="898310370" result="Passed" start-time="2026-07-05 01:37:06Z" end-time="2026-07-05 01:37:06Z" duration="0.006540" asserts="0">
          <properties />
        </test-case>
        <test-case id="1167" name="BattleStatus_HasFighting" fullname="BattleManagerTests.BattleStatus_HasFighting" methodname="BattleStatus_HasFighting" classname="BattleManagerTests" runstate="Runnable" seed="1169293186" result="Passed" start-time="2026-07-05 01:37:06Z" end-time="2026-07-05 01:37:06Z" duration="0.000243" asserts="0">
          <properties />
        </test-case>
        <test-case id="1166" name="BattleStatus_HasWaiting" fullname="BattleManagerTests.BattleStatus_HasWaiting" methodname="BattleStatus_HasWaiting" classname="BattleManagerTests" runstate="Runnable" seed="1252331974" result="Passed" start-time="2026-07-05 01:37:06Z" end-time="2026-07-05 01:37:06Z" duration="0.000130" asserts="0">
          <properties />
        </test-case>
        <test-case id="1168" name="UnitState_Enum_Exists" fullname="BattleManagerTests.UnitState_Enum_Exists" methodname="UnitState_Enum_Exists" classname="BattleManagerTests" runstate="Runnable" seed="1330222133" result="Passed" start-time="2026-07-05 01:37:06Z" end-time="2026-07-05 01:37:06Z" duration="0.000100" asserts="0">
          <properties />
        </test-case>
        <test-case id="1170" name="UnitState_HasDead" fullname="BattleManagerTests.UnitState_HasDead" methodname="UnitState_HasDead" classname="BattleManagerTests" runstate="Runnable" seed="911775074" result="Passed" start-time="2026-07-05 01:37:06Z" end-time="2026-07-05 01:37:06Z" duration="0.000113" asserts="0">
          <properties />
        </test-case>
        <test-case id="1169" name="UnitState_HasIdle" fullname="BattleManagerTests.UnitState_HasIdle" methodname="UnitState_HasIdle" classname="BattleManagerTests" runstate="Runnable" seed="1849273465" result="Passed" start-time="2026-07-05 01:37:06Z" end-time="2026-07-05 01:37:06Z" duration="0.000089" asserts="0">
          <properties />
        </test-case>
      </test-suite>
      <test-suite type="TestFixture" id="1180" name="CardUpgradeExtensionsTests" fullname="CardUpgradeExtensionsTests" classname="CardUpgradeExtensionsTests" runstate="Runnable" testcasecount="5" result="Passed" start-time="2026-07-05 01:37:06Z" end-time="2026-07-05 01:37:06Z" duration="0.007440" total="5" passed="5" failed="0" inconclusive="0" skipped="0" asserts="0">
        <properties />
        <test-case id="1183" name="BuildingHealthAtLevel1_EqualsBaseHealth" fullname="CardUpgradeExtensionsTests.BuildingHealthAtLevel1_EqualsBaseHealth" methodname="BuildingHealthAtLevel1_EqualsBaseHealth" classname="CardUpgradeExtensionsTests" runstate="Runnable" seed="249936156" result="Passed" start-time="2026-07-05 01:37:06Z" end-time="2026-07-05 01:37:06Z" duration="0.003882" asserts="0">
          <properties />
        </test-case>
        <test-case id="1184" name="SpellDamageAtLevel1_EqualsBaseDamage" fullname="CardUpgradeExtensionsTests.SpellDamageAtLevel1_EqualsBaseDamage" methodname="SpellDamageAtLevel1_EqualsBaseDamage" classname="CardUpgradeExtensionsTests" runstate="Runnable" seed="1568381962" result="Passed" start-time="2026-07-05 01:37:06Z" end-time="2026-07-05 01:37:06Z" duration="0.000196" asserts="0">
          <properties />
        </test-case>
        <test-case id="1185" name="SpellDamageAtLevel9_MoreThanDouble" fullname="CardUpgradeExtensionsTests.SpellDamageAtLevel9_MoreThanDouble" methodname="SpellDamageAtLevel9_MoreThanDouble" classname="CardUpgradeExtensionsTests" runstate="Runnable" seed="973776599" result="Passed" start-time="2026-07-05 01:37:06Z" end-time="2026-07-05 01:37:06Z" duration="0.001977" asserts="0">
          <properties />
        </test-case>
        <test-case id="1181" name="UnitHealthAtLevel1_EqualsBaseHealth" fullname="CardUpgradeExtensionsTests.UnitHealthAtLevel1_EqualsBaseHealth" methodname="UnitHealthAtLevel1_EqualsBaseHealth" classname="CardUpgradeExtensionsTests" runstate="Runnable" seed="856264068" result="Passed" start-time="2026-07-05 01:37:06Z" end-time="2026-07-05 01:37:06Z" duration="0.000234" asserts="0">
          <properties />
        </test-case>
        <test-case id="1182" name="UnitHealthAtLevel13_About3xBase" fullname="CardUpgradeExtensionsTests.UnitHealthAtLevel13_About3xBase" methodname="UnitHealthAtLevel13_About3xBase" classname="CardUpgradeExtensionsTests" runstate="Runnable" seed="744967809" result="Passed" start-time="2026-07-05 01:37:06Z" end-time="2026-07-05 01:37:06Z" duration="0.000144" asserts="0">
          <properties />
        </test-case>
      </test-suite>
      <test-suite type="TestFixture" id="1171" name="CardUpgradeTableTests" fullname="CardUpgradeTableTests" classname="CardUpgradeTableTests" runstate="Runnable" testcasecount="8" result="Passed" start-time="2026-07-05 01:37:06Z" end-time="2026-07-05 01:37:06Z" duration="0.006175" total="8" passed="8" failed="0" inconclusive="0" skipped="0" asserts="0">
        <properties />
        <test-case id="1179" name="GetFragmentsRequired_ReturnsCorrectValues" fullname="CardUpgradeTableTests.GetFragmentsRequired_ReturnsCorrectValues" methodname="GetFragmentsRequired_ReturnsCorrectValues" classname="CardUpgradeTableTests" runstate="Runnable" seed="159126974" result="Passed" start-time="2026-07-05 01:37:06Z" end-time="2026-07-05 01:37:06Z" duration="0.000370" asserts="0">
          <properties />
        </test-case>
        <test-case id="1176" name="GetLevel_ReturnsNull_ForInvalidLevel" fullname="CardUpgradeTableTests.GetLevel_ReturnsNull_ForInvalidLevel" methodname="GetLevel_ReturnsNull_ForInvalidLevel" classname="CardUpgradeTableTests" runstate="Runnable" seed="401091663" result="Passed" start-time="2026-07-05 01:37:06Z" end-time="2026-07-05 01:37:06Z" duration="0.002694" asserts="0">
          <properties />
          <output><![CDATA[Invalid card level: 0. Must be between 1 and 13.
Invalid card level: 14. Must be between 1 and 13.
]]></output>
        </test-case>
        <test-case id="1178" name="GetStatMultiplier_IncreasesWithLevel" fullname="CardUpgradeTableTests.GetStatMultiplier_IncreasesWithLevel" methodname="GetStatMultiplier_IncreasesWithLevel" classname="CardUpgradeTableTests" runstate="Runnable" seed="181585538" result="Passed" start-time="2026-07-05 01:37:06Z" end-time="2026-07-05 01:37:06Z" duration="0.000851" asserts="0">
          <properties />
        </test-case>
        <test-case id="1177" name="GetUpgradeCost_IncreasesWithLevel" fullname="CardUpgradeTableTests.GetUpgradeCost_IncreasesWithLevel" methodname="GetUpgradeCost_IncreasesWithLevel" classname="CardUpgradeTableTests" runstate="Runnable" seed="1395712440" result="Passed" start-time="2026-07-05 01:37:06Z" end-time="2026-07-05 01:37:06Z" duration="0.000225" asserts="0">
          <properties />
        </test-case>
        <test-case id="1173" name="Level1_HasZeroCost" fullname="CardUpgradeTableTests.Level1_HasZeroCost" methodname="Level1_HasZeroCost" classname="CardUpgradeTableTests" runstate="Runnable" seed="1043734346" result="Passed" start-time="2026-07-05 01:37:06Z" end-time="2026-07-05 01:37:06Z" duration="0.000542" asserts="0">
          <properties />
        </test-case>
        <test-case id="1175" name="Level13_HasHighestMultiplier" fullname="CardUpgradeTableTests.Level13_HasHighestMultiplier" methodname="Level13_HasHighestMultiplier" classname="CardUpgradeTableTests" runstate="Runnable" seed="1973131341" result="Passed" start-time="2026-07-05 01:37:06Z" end-time="2026-07-05 01:37:06Z" duration="0.000178" asserts="0">
          <properties />
        </test-case>
        <test-case id="1174" name="Level2_HasCorrectMultiplier" fullname="CardUpgradeTableTests.Level2_HasCorrectMultiplier" methodname="Level2_HasCorrectMultiplier" classname="CardUpgradeTableTests" runstate="Runnable" seed="1045092398" result="Passed" start-time="2026-07-05 01:37:06Z" end-time="2026-07-05 01:37:06Z" duration="0.000199" asserts="0">
          <properties />
        </test-case>
        <test-case id="1172" name="Table_Has13Levels" fullname="CardUpgradeTableTests.Table_Has13Levels" methodname="Table_Has13Levels" classname="CardUpgradeTableTests" runstate="Runnable" seed="1209763505" result="Passed" start-time="2026-07-05 01:37:06Z" end-time="2026-07-05 01:37:06Z" duration="0.000110" asserts="0">
          <properties />
        </test-case>
      </test-suite>
      <test-suite type="TestSuite" id="1313" name="KingdomWar" fullname="KingdomWar" runstate="Runnable" testcasecount="121" result="Passed" start-time="2026-07-05 01:37:06Z" end-time="2026-07-05 01:37:06Z" duration="0.048449" total="121" passed="121" failed="0" inconclusive="0" skipped="0" asserts="0">
        <properties />
        <test-suite type="TestSuite" id="1314" name="Tests" fullname="KingdomWar.Tests" runstate="Runnable" testcasecount="121" result="Passed" start-time="2026-07-05 01:37:06Z" end-time="2026-07-05 01:37:06Z" duration="0.048150" total="121" passed="121" failed="0" inconclusive="0" skipped="0" asserts="0">
          <properties />
          <test-suite type="TestSuite" id="1315" name="EditMode" fullname="KingdomWar.Tests.EditMode" runstate="Runnable" testcasecount="121" result="Passed" start-time="2026-07-05 01:37:06Z" end-time="2026-07-05 01:37:06Z" duration="0.048037" total="121" passed="121" failed="0" inconclusive="0" skipped="0" asserts="0">
            <properties />
            <test-suite type="TestFixture" id="1186" name="AIOpponentTests" fullname="KingdomWar.Tests.EditMode.AIOpponentTests" classname="KingdomWar.Tests.EditMode.AIOpponentTests" runstate="Runnable" testcasecount="52" result="Passed" start-time="2026-07-05 01:37:06Z" end-time="2026-07-05 01:37:06Z" duration="0.018981" total="52" passed="52" failed="0" inconclusive="0" skipped="0" asserts="0">
              <properties />
              <test-case id="1187" name="AIDifficulty_Has4Values" fullname="KingdomWar.Tests.EditMode.AIOpponentTests.AIDifficulty_Has4Values" methodname="AIDifficulty_Has4Values" classname="KingdomWar.Tests.EditMode.AIOpponentTests" runstate="Runnable" seed="2084722876" result="Passed" start-time="2026-07-05 01:37:06Z" end-time="2026-07-05 01:37:06Z" duration="0.000220" asserts="0">
                <properties />
              </test-case>
              <test-case id="1188" name="AIDifficulty_HasEasy" fullname="KingdomWar.Tests.EditMode.AIOpponentTests.AIDifficulty_HasEasy" methodname="AIDifficulty_HasEasy" classname="KingdomWar.Tests.EditMode.AIOpponentTests" runstate="Runnable" seed="236739203" result="Passed" start-time="2026-07-05 01:37:06Z" end-time="2026-07-05 01:37:06Z" duration="0.000157" asserts="0">
                <properties />
              </test-case>
              <test-case id="1189" name="AIDifficulty_HasExpert" fullname="KingdomWar.Tests.EditMode.AIOpponentTests.AIDifficulty_HasExpert" methodname="AIDifficulty_HasExpert" classname="KingdomWar.Tests.EditMode.AIOpponentTests" runstate="Runnable" seed="756593569" result="Passed" start-time="2026-07-05 01:37:06Z" end-time="2026-07-05 01:37:06Z" duration="0.000099" asserts="0">
                <properties />
              </test-case>
              <test-case id="1190" name="AIDifficulty_ValuesAreSequential" fullname="KingdomWar.Tests.EditMode.AIOpponentTests.AIDifficulty_ValuesAreSequential" methodname="AIDifficulty_ValuesAreSequential" classname="KingdomWar.Tests.EditMode.AIOpponentTests" runstate="Runnable" seed="213271012" result="Passed" start-time="2026-07-05 01:37:06Z" end-time="2026-07-05 01:37:06Z" duration="0.000129" asserts="0">
                <properties />
              </test-case>
              <test-case id="1191" name="AIPlayStyle_Has3Values" fullname="KingdomWar.Tests.EditMode.AIOpponentTests.AIPlayStyle_Has3Values" methodname="AIPlayStyle_Has3Values" classname="KingdomWar.Tests.EditMode.AIOpponentTests" runstate="Runnable" seed="568544563" result="Passed" start-time="2026-07-05 01:37:06Z" end-time="2026-07-05 01:37:06Z" duration="0.000131" asserts="0">
                <properties />
              </test-case>
              <test-case id="1229" name="AllDifficulties_ConstructSuccessfully" fullname="KingdomWar.Tests.EditMode.AIOpponentTests.AllDifficulties_ConstructSuccessfully" methodname="AllDifficulties_ConstructSuccessfully" classname="KingdomWar.Tests.EditMode.AIOpponentTests" runstate="Runnable" seed="245911445" result="Passed" start-time="2026-07-05 01:37:06Z" end-time="2026-07-05 01:37:06Z" duration="0.002907" asserts="0">
                <properties />
              </test-case>
              <test-case id="1230" name="AllDifficulties_InitialHandHas4Cards" fullname="KingdomWar.Tests.EditMode.AIOpponentTests.AllDifficulties_InitialHandHas4Cards" methodname="AllDifficulties_InitialHandHas4Cards" classname="KingdomWar.Tests.EditMode.AIOpponentTests" runstate="Runnable" seed="1373785718" result="Passed" start-time="2026-07-05 01:37:06Z" end-time="2026-07-05 01:37:06Z" duration="0.000404" asserts="0">
                <properties />
              </test-case>
              <test-case id="1231" name="AllPlayerIds_ConstructSuccessfully" fullname="KingdomWar.Tests.EditMode.AIOpponentTests.AllPlayerIds_ConstructSuccessfully" methodname="AllPlayerIds_ConstructSuccessfully" classname="KingdomWar.Tests.EditMode.AIOpponentTests" runstate="Runnable" seed="1934179541" result="Passed" start-time="2026-07-05 01:37:06Z" end-time="2026-07-05 01:37:06Z" duration="0.000207" asserts="0">
                <properties />
              </test-case>
              <test-case id="1198" name="Config_AllDecks_Have8Cards" fullname="KingdomWar.Tests.EditMode.AIOpponentTests.Config_AllDecks_Have8Cards" methodname="Config_AllDecks_Have8Cards" classname="KingdomWar.Tests.EditMode.AIOpponentTests" runstate="Runnable" seed="330310636" result="Passed" start-time="2026-07-05 01:37:06Z" end-time="2026-07-05 01:37:06Z" duration="0.000251" asserts="0">
                <properties />
              </test-case>
              <test-case id="1199" name="Config_AllDecks_HaveValidDeckName" fullname="KingdomWar.Tests.EditMode.AIOpponentTests.Config_AllDecks_HaveValidDeckName" methodname="Config_AllDecks_HaveValidDeckName" classname="KingdomWar.Tests.EditMode.AIOpponentTests" runstate="Runnable" seed="103994535" result="Passed" start-time="2026-07-05 01:37:06Z" end-time="2026-07-05 01:37:06Z" duration="0.001688" asserts="0">
                <properties />
              </test-case>
              <test-case id="1192" name="Config_DecisionInterval_DecreasesWithDifficulty" fullname="KingdomWar.Tests.EditMode.AIOpponentTests.Config_DecisionInterval_DecreasesWithDifficulty" methodname="Config_DecisionInterval_DecreasesWithDifficulty" classname="KingdomWar.Tests.EditMode.AIOpponentTests" runstate="Runnable" seed="662465341" result="Passed" start-time="2026-07-05 01:37:06Z" end-time="2026-07-05 01:37:06Z" duration="0.000250" asserts="0">
                <properties />
              </test-case>
              <test-case id="1201" name="Config_DeckSize_Is8" fullname="KingdomWar.Tests.EditMode.AIOpponentTests.Config_DeckSize_Is8" methodname="Config_DeckSize_Is8" classname="KingdomWar.Tests.EditMode.AIOpponentTests" runstate="Runnable" seed="2000437122" result="Passed" start-time="2026-07-05 01:37:06Z" end-time="2026-07-05 01:37:06Z" duration="0.000110" asserts="0">
                <properties />
              </test-case>
              <test-case id="1197" name="Config_GetDeckForDifficulty_EasyReturnsOnlyStarterPush" fullname="KingdomWar.Tests.EditMode.AIOpponentTests.Config_GetDeckForDifficulty_EasyReturnsOnlyStarterPush" methodname="Config_GetDeckForDifficulty_EasyReturnsOnlyStarterPush" classname="KingdomWar.Tests.EditMode.AIOpponentTests" runstate="Runnable" seed="1222901659" result="Passed" start-time="2026-07-05 01:37:06Z" end-time="2026-07-05 01:37:06Z" duration="0.000110" asserts="0">
                <properties />
              </test-case>
              <test-case id="1196" name="Config_GetDeckForDifficulty_ReturnsValidDeck" fullname="KingdomWar.Tests.EditMode.AIOpponentTests.Config_GetDeckForDifficulty_ReturnsValidDeck" methodname="Config_GetDeckForDifficulty_ReturnsValidDeck" classname="KingdomWar.Tests.EditMode.AIOpponentTests" runstate="Runnable" seed="930532677" result="Passed" start-time="2026-07-05 01:37:06Z" end-time="2026-07-05 01:37:06Z" duration="0.000173" asserts="0">
                <properties />
              </test-case>
              <test-case id="1200" name="Config_HandSize_Is4" fullname="KingdomWar.Tests.EditMode.AIOpponentTests.Config_HandSize_Is4" methodname="Config_HandSize_Is4" classname="KingdomWar.Tests.EditMode.AIOpponentTests" runstate="Runnable" seed="1067347547" result="Passed" start-time="2026-07-05 01:37:06Z" end-time="2026-07-05 01:37:06Z" duration="0.000098" asserts="0">
                <properties />
              </test-case>
              <test-case id="1202" name="Config_Has4Decks" fullname="KingdomWar.Tests.EditMode.AIOpponentTests.Config_Has4Decks" methodname="Config_Has4Decks" classname="KingdomWar.Tests.EditMode.AIOpponentTests" runstate="Runnable" seed="967618892" result="Passed" start-time="2026-07-05 01:37:06Z" end-time="2026-07-05 01:37:06Z" duration="0.000098" asserts="0">
                <properties />
              </test-case>
              <test-case id="1193" name="Config_MinElixirToAttack_DecreasesWithDifficulty" fullname="KingdomWar.Tests.EditMode.AIOpponentTests.Config_MinElixirToAttack_DecreasesWithDifficulty" methodname="Config_MinElixirToAttack_DecreasesWithDifficulty" classname="KingdomWar.Tests.EditMode.AIOpponentTests" runstate="Runnable" seed="511366755" result="Passed" start-time="2026-07-05 01:37:06Z" end-time="2026-07-05 01:37:06Z" duration="0.000147" asserts="0">
                <properties />
              </test-case>
              <test-case id="1194" name="Config_PlacementRandomRadius_DecreasesWithDifficulty" fullname="KingdomWar.Tests.EditMode.AIOpponentTests.Config_PlacementRandomRadius_DecreasesWithDifficulty" methodname="Config_PlacementRandomRadius_DecreasesWithDifficulty" classname="KingdomWar.Tests.EditMode.AIOpponentTests" runstate="Runnable" seed="1159657744" result="Passed" start-time="2026-07-05 01:37:06Z" end-time="2026-07-05 01:37:06Z" duration="0.000139" asserts="0">
                <properties />
              </test-case>
              <test-case id="1195" name="Config_ReactionDelay_DecreasesWithDifficulty" fullname="KingdomWar.Tests.EditMode.AIOpponentTests.Config_ReactionDelay_DecreasesWithDifficulty" methodname="Config_ReactionDelay_DecreasesWithDifficulty" classname="KingdomWar.Tests.EditMode.AIOpponentTests" runstate="Runnable" seed="608800646" result="Passed" start-time="2026-07-05 01:37:06Z" end-time="2026-07-05 01:37:06Z" duration="0.000151" asserts="0">
                <properties />
              </test-case>
              <test-case id="1205" name="Constructor_DrawsInitialHand" fullname="KingdomWar.Tests.EditMode.AIOpponentTests.Constructor_DrawsInitialHand" methodname="Constructor_DrawsInitialHand" classname="KingdomWar.Tests.EditMode.AIOpponentTests" runstate="Runnable" seed="1208452123" result="Passed" start-time="2026-07-05 01:37:06Z" end-time="2026-07-05 01:37:06Z" duration="0.000176" asserts="0">
                <properties />
              </test-case>
              <test-case id="1208" name="Constructor_HandCardsAreDistinct" fullname="KingdomWar.Tests.EditMode.AIOpponentTests.Constructor_HandCardsAreDistinct" methodname="Constructor_HandCardsAreDistinct" classname="KingdomWar.Tests.EditMode.AIOpponentTests" runstate="Runnable" seed="561757015" result="Passed" start-time="2026-07-05 01:37:06Z" end-time="2026-07-05 01:37:06Z" duration="0.000224" asserts="0">
                <properties />
              </test-case>
              <test-case id="1207" name="Constructor_HandCardsAreStrings" fullname="KingdomWar.Tests.EditMode.AIOpponentTests.Constructor_HandCardsAreStrings" methodname="Constructor_HandCardsAreStrings" classname="KingdomWar.Tests.EditMode.AIOpponentTests" runstate="Runnable" seed="1372646913" result="Passed" start-time="2026-07-05 01:37:06Z" end-time="2026-07-05 01:37:06Z" duration="0.000201" asserts="0">
                <properties />
              </test-case>
              <test-case id="1206" name="Constructor_InitializesDrawPile" fullname="KingdomWar.Tests.EditMode.AIOpponentTests.Constructor_InitializesDrawPile" methodname="Constructor_InitializesDrawPile" classname="KingdomWar.Tests.EditMode.AIOpponentTests" runstate="Runnable" seed="516599268" result="Passed" start-time="2026-07-05 01:37:06Z" end-time="2026-07-05 01:37:06Z" duration="0.000131" asserts="0">
                <properties />
              </test-case>
              <test-case id="1204" name="Constructor_InitializesElixir" fullname="KingdomWar.Tests.EditMode.AIOpponentTests.Constructor_InitializesElixir" methodname="Constructor_InitializesElixir" classname="KingdomWar.Tests.EditMode.AIOpponentTests" runstate="Runnable" seed="1723508294" result="Passed" start-time="2026-07-05 01:37:06Z" end-time="2026-07-05 01:37:06Z" duration="0.000189" asserts="0">
                <properties />
              </test-case>
              <test-case id="1203" name="Constructor_SetsDifficultyAndPlayerId" fullname="KingdomWar.Tests.EditMode.AIOpponentTests.Constructor_SetsDifficultyAndPlayerId" methodname="Constructor_SetsDifficultyAndPlayerId" classname="KingdomWar.Tests.EditMode.AIOpponentTests" runstate="Runnable" seed="1593905634" result="Passed" start-time="2026-07-05 01:37:06Z" end-time="2026-07-05 01:37:06Z" duration="0.000926" asserts="0">
                <properties />
              </test-case>
              <test-case id="1235" name="Elixir_SetAndGet" fullname="KingdomWar.Tests.EditMode.AIOpponentTests.Elixir_SetAndGet" methodname="Elixir_SetAndGet" classname="KingdomWar.Tests.EditMode.AIOpponentTests" runstate="Runnable" seed="1260515860" result="Passed" start-time="2026-07-05 01:37:06Z" end-time="2026-07-05 01:37:06Z" duration="0.000216" asserts="0">
                <properties />
              </test-case>
              <test-case id="1236" name="ElixirRegenRate_DefaultIsCorrect" fullname="KingdomWar.Tests.EditMode.AIOpponentTests.ElixirRegenRate_DefaultIsCorrect" methodname="ElixirRegenRate_DefaultIsCorrect" classname="KingdomWar.Tests.EditMode.AIOpponentTests" runstate="Runnable" seed="1867287957" result="Passed" start-time="2026-07-05 01:37:06Z" end-time="2026-07-05 01:37:06Z" duration="0.000130" asserts="0">
                <properties />
              </test-case>
              <test-case id="1226" name="GetDeckRemaining_ReturnsCorrectCount" fullname="KingdomWar.Tests.EditMode.AIOpponentTests.GetDeckRemaining_ReturnsCorrectCount" methodname="GetDeckRemaining_ReturnsCorrectCount" classname="KingdomWar.Tests.EditMode.AIOpponentTests" runstate="Runnable" seed="1434255941" result="Passed" start-time="2026-07-05 01:37:06Z" end-time="2026-07-05 01:37:06Z" duration="0.000125" asserts="0">
                <properties />
              </test-case>
              <test-case id="1227" name="GetHand_IsReadOnly" fullname="KingdomWar.Tests.EditMode.AIOpponentTests.GetHand_IsReadOnly" methodname="GetHand_IsReadOnly" classname="KingdomWar.Tests.EditMode.AIOpponentTests" runstate="Runnable" seed="1631694733" result="Passed" start-time="2026-07-05 01:37:06Z" end-time="2026-07-05 01:37:06Z" duration="0.000399" asserts="0">
                <properties />
              </test-case>
              <test-case id="1228" name="GetHand_MultipleCalls_ReturnConsistentState" fullname="KingdomWar.Tests.EditMode.AIOpponentTests.GetHand_MultipleCalls_ReturnConsistentState" methodname="GetHand_MultipleCalls_ReturnConsistentState" classname="KingdomWar.Tests.EditMode.AIOpponentTests" runstate="Runnable" seed="578673949" result="Passed" start-time="2026-07-05 01:37:06Z" end-time="2026-07-05 01:37:06Z" duration="0.000265" asserts="0">
                <properties />
              </test-case>
              <test-case id="1225" name="GetHand_ReturnsCurrentHand" fullname="KingdomWar.Tests.EditMode.AIOpponentTests.GetHand_ReturnsCurrentHand" methodname="GetHand_ReturnsCurrentHand" classname="KingdomWar.Tests.EditMode.AIOpponentTests" runstate="Runnable" seed="1285725908" result="Passed" start-time="2026-07-05 01:37:06Z" end-time="2026-07-05 01:37:06Z" duration="0.000158" asserts="0">
                <properties />
              </test-case>
              <test-case id="1237" name="MaxElixir_DefaultIs10" fullname="KingdomWar.Tests.EditMode.AIOpponentTests.MaxElixir_DefaultIs10" methodname="MaxElixir_DefaultIs10" classname="KingdomWar.Tests.EditMode.AIOpponentTests" runstate="Runnable" seed="1343771304" result="Passed" start-time="2026-07-05 01:37:06Z" end-time="2026-07-05 01:37:06Z" duration="0.000113" asserts="0">
                <properties />
              </test-case>
              <test-case id="1218" name="MultipleReactToEnemyPlay_DoesNotCrash" fullname="KingdomWar.Tests.EditMode.AIOpponentTests.MultipleReactToEnemyPlay_DoesNotCrash" methodname="MultipleReactToEnemyPlay_DoesNotCrash" classname="KingdomWar.Tests.EditMode.AIOpponentTests" runstate="Runnable" seed="1782322823" result="Passed" start-time="2026-07-05 01:37:06Z" end-time="2026-07-05 01:37:06Z" duration="0.000292" asserts="0">
                <properties />
              </test-case>
              <test-case id="1223" name="MultipleReset_DoesNotCrash" fullname="KingdomWar.Tests.EditMode.AIOpponentTests.MultipleReset_DoesNotCrash" methodname="MultipleReset_DoesNotCrash" classname="KingdomWar.Tests.EditMode.AIOpponentTests" runstate="Runnable" seed="1138901513" result="Passed" start-time="2026-07-05 01:37:06Z" end-time="2026-07-05 01:37:06Z" duration="0.000240" asserts="0">
                <properties />
              </test-case>
              <test-case id="1238" name="OnCardPlayed_EventIsNull_DoesNotThrow" fullname="KingdomWar.Tests.EditMode.AIOpponentTests.OnCardPlayed_EventIsNull_DoesNotThrow" methodname="OnCardPlayed_EventIsNull_DoesNotThrow" classname="KingdomWar.Tests.EditMode.AIOpponentTests" runstate="Runnable" seed="1462463355" result="Passed" start-time="2026-07-05 01:37:06Z" end-time="2026-07-05 01:37:06Z" duration="0.000998" asserts="0">
                <properties />
              </test-case>
              <test-case id="1217" name="ReactToEnemyPlay_DelayExpires_ThenNormalUpdate" fullname="KingdomWar.Tests.EditMode.AIOpponentTests.ReactToEnemyPlay_DelayExpires_ThenNormalUpdate" methodname="ReactToEnemyPlay_DelayExpires_ThenNormalUpdate" classname="KingdomWar.Tests.EditMode.AIOpponentTests" runstate="Runnable" seed="742053007" result="Passed" start-time="2026-07-05 01:37:06Z" end-time="2026-07-05 01:37:06Z" duration="0.000213" asserts="0">
                <properties />
              </test-case>
              <test-case id="1215" name="ReactToEnemyPlay_DoesNotCrash" fullname="KingdomWar.Tests.EditMode.AIOpponentTests.ReactToEnemyPlay_DoesNotCrash" methodname="ReactToEnemyPlay_DoesNotCrash" classname="KingdomWar.Tests.EditMode.AIOpponentTests" runstate="Runnable" seed="1749843639" result="Passed" start-time="2026-07-05 01:37:06Z" end-time="2026-07-05 01:37:06Z" duration="0.000191" asserts="0">
                <properties />
              </test-case>
              <test-case id="1216" name="ReactToEnemyPlay_ThenUpdateAI_DoesNotCrash" fullname="KingdomWar.Tests.EditMode.AIOpponentTests.ReactToEnemyPlay_ThenUpdateAI_DoesNotCrash" methodname="ReactToEnemyPlay_ThenUpdateAI_DoesNotCrash" classname="KingdomWar.Tests.EditMode.AIOpponentTests" runstate="Runnable" seed="1673406144" result="Passed" start-time="2026-07-05 01:37:06Z" end-time="2026-07-05 01:37:06Z" duration="0.000189" asserts="0">
                <properties />
              </test-case>
              <test-case id="1224" name="Reset_ClearsDecisionTimer" fullname="KingdomWar.Tests.EditMode.AIOpponentTests.Reset_ClearsDecisionTimer" methodname="Reset_ClearsDecisionTimer" classname="KingdomWar.Tests.EditMode.AIOpponentTests" runstate="Runnable" seed="1698282741" result="Passed" start-time="2026-07-05 01:37:06Z" end-time="2026-07-05 01:37:06Z" duration="0.000148" asserts="0">
                <properties />
              </test-case>
              <test-case id="1219" name="Reset_ClearsElixir" fullname="KingdomWar.Tests.EditMode.AIOpponentTests.Reset_ClearsElixir" methodname="Reset_ClearsElixir" classname="KingdomWar.Tests.EditMode.AIOpponentTests" runstate="Runnable" seed="152244223" result="Passed" start-time="2026-07-05 01:37:06Z" end-time="2026-07-05 01:37:06Z" duration="0.000136" asserts="0">
                <properties />
              </test-case>
              <test-case id="1222" name="Reset_ClearsReactionState" fullname="KingdomWar.Tests.EditMode.AIOpponentTests.Reset_ClearsReactionState" methodname="Reset_ClearsReactionState" classname="KingdomWar.Tests.EditMode.AIOpponentTests" runstate="Runnable" seed="674579021" result="Passed" start-time="2026-07-05 01:37:06Z" end-time="2026-07-05 01:37:06Z" duration="0.000172" asserts="0">
                <properties />
              </test-case>
              <test-case id="1221" name="Reset_ReinitializesDrawPile" fullname="KingdomWar.Tests.EditMode.AIOpponentTests.Reset_ReinitializesDrawPile" methodname="Reset_ReinitializesDrawPile" classname="KingdomWar.Tests.EditMode.AIOpponentTests" runstate="Runnable" seed="205182498" result="Passed" start-time="2026-07-05 01:37:06Z" end-time="2026-07-05 01:37:06Z" duration="0.000130" asserts="0">
                <properties />
              </test-case>
              <test-case id="1220" name="Reset_ReinitializesHand" fullname="KingdomWar.Tests.EditMode.AIOpponentTests.Reset_ReinitializesHand" methodname="Reset_ReinitializesHand" classname="KingdomWar.Tests.EditMode.AIOpponentTests" runstate="Runnable" seed="963913341" result="Passed" start-time="2026-07-05 01:37:06Z" end-time="2026-07-05 01:37:06Z" duration="0.000155" asserts="0">
                <properties />
              </test-case>
              <test-case id="1233" name="TwoInstances_HaveSeparateDrawPiles" fullname="KingdomWar.Tests.EditMode.AIOpponentTests.TwoInstances_HaveSeparateDrawPiles" methodname="TwoInstances_HaveSeparateDrawPiles" classname="KingdomWar.Tests.EditMode.AIOpponentTests" runstate="Runnable" seed="1286426458" result="Passed" start-time="2026-07-05 01:37:06Z" end-time="2026-07-05 01:37:06Z" duration="0.000133" asserts="0">
                <properties />
              </test-case>
              <test-case id="1232" name="TwoInstances_HaveSeparateHands" fullname="KingdomWar.Tests.EditMode.AIOpponentTests.TwoInstances_HaveSeparateHands" methodname="TwoInstances_HaveSeparateHands" classname="KingdomWar.Tests.EditMode.AIOpponentTests" runstate="Runnable" seed="2010757825" result="Passed" start-time="2026-07-05 01:37:06Z" end-time="2026-07-05 01:37:06Z" duration="0.000259" asserts="0">
                <properties />
              </test-case>
              <test-case id="1214" name="UpdateAI_AllDifficulties_DoNotCrash" fullname="KingdomWar.Tests.EditMode.AIOpponentTests.UpdateAI_AllDifficulties_DoNotCrash" methodname="UpdateAI_AllDifficulties_DoNotCrash" classname="KingdomWar.Tests.EditMode.AIOpponentTests" runstate="Runnable" seed="577121196" result="Passed" start-time="2026-07-05 01:37:06Z" end-time="2026-07-05 01:37:06Z" duration="0.000259" asserts="0">
                <properties />
              </test-case>
              <test-case id="1211" name="UpdateAI_MultipleCalls_DoesNotCrash" fullname="KingdomWar.Tests.EditMode.AIOpponentTests.UpdateAI_MultipleCalls_DoesNotCrash" methodname="UpdateAI_MultipleCalls_DoesNotCrash" classname="KingdomWar.Tests.EditMode.AIOpponentTests" runstate="Runnable" seed="1935122230" result="Passed" start-time="2026-07-05 01:37:06Z" end-time="2026-07-05 01:37:06Z" duration="0.000219" asserts="0">
                <properties />
              </test-case>
              <test-case id="1234" name="UpdateAI_WithEmptyHand_DoesNotCrash" fullname="KingdomWar.Tests.EditMode.AIOpponentTests.UpdateAI_WithEmptyHand_DoesNotCrash" methodname="UpdateAI_WithEmptyHand_DoesNotCrash" classname="KingdomWar.Tests.EditMode.AIOpponentTests" runstate="Runnable" seed="500730907" result="Passed" start-time="2026-07-05 01:37:06Z" end-time="2026-07-05 01:37:06Z" duration="0.000136" asserts="0">
                <properties />
              </test-case>
              <test-case id="1210" name="UpdateAI_WithLargeDelta_DoesNotCrash" fullname="KingdomWar.Tests.EditMode.AIOpponentTests.UpdateAI_WithLargeDelta_DoesNotCrash" methodname="UpdateAI_WithLargeDelta_DoesNotCrash" classname="KingdomWar.Tests.EditMode.AIOpponentTests" runstate="Runnable" seed="1073944998" result="Passed" start-time="2026-07-05 01:37:06Z" end-time="2026-07-05 01:37:06Z" duration="0.000124" asserts="0">
                <properties />
              </test-case>
              <test-case id="1213" name="UpdateAI_WithNegativeDelta_DoesNotCrash" fullname="KingdomWar.Tests.EditMode.AIOpponentTests.UpdateAI_WithNegativeDelta_DoesNotCrash" methodname="UpdateAI_WithNegativeDelta_DoesNotCrash" classname="KingdomWar.Tests.EditMode.AIOpponentTests" runstate="Runnable" seed="210352620" result="Passed" start-time="2026-07-05 01:37:06Z" end-time="2026-07-05 01:37:06Z" duration="0.000132" asserts="0">
                <properties />
              </test-case>
              <test-case id="1209" name="UpdateAI_WithSmallDelta_DoesNotCrash" fullname="KingdomWar.Tests.EditMode.AIOpponentTests.UpdateAI_WithSmallDelta_DoesNotCrash" methodname="UpdateAI_WithSmallDelta_DoesNotCrash" classname="KingdomWar.Tests.EditMode.AIOpponentTests" runstate="Runnable" seed="49183082" result="Passed" start-time="2026-07-05 01:37:06Z" end-time="2026-07-05 01:37:06Z" duration="0.000148" asserts="0">
                <properties />
              </test-case>
              <test-case id="1212" name="UpdateAI_WithZeroDelta_DoesNotCrash" fullname="KingdomWar.Tests.EditMode.AIOpponentTests.UpdateAI_WithZeroDelta_DoesNotCrash" methodname="UpdateAI_WithZeroDelta_DoesNotCrash" classname="KingdomWar.Tests.EditMode.AIOpponentTests" runstate="Runnable" seed="1729906055" result="Passed" start-time="2026-07-05 01:37:06Z" end-time="2026-07-05 01:37:06Z" duration="0.000119" asserts="0">
                <properties />
              </test-case>
            </test-suite>
            <test-suite type="TestFixture" id="1239" name="ArenaSystemTests" fullname="KingdomWar.Tests.EditMode.ArenaSystemTests" classname="KingdomWar.Tests.EditMode.ArenaSystemTests" runstate="Runnable" testcasecount="16" result="Passed" start-time="2026-07-05 01:37:06Z" end-time="2026-07-05 01:37:06Z" duration="0.009364" total="16" passed="16" failed="0" inconclusive="0" skipped="0" asserts="0">
              <properties />
              <test-case id="1246" name="ArenaConfig_AllArenas_HaveIncreasingTrophyThresholds" fullname="KingdomWar.Tests.EditMode.ArenaSystemTests.ArenaConfig_AllArenas_HaveIncreasingTrophyThresholds" methodname="ArenaConfig_AllArenas_HaveIncreasingTrophyThresholds" classname="KingdomWar.Tests.EditMode.ArenaSystemTests" runstate="Runnable" seed="1339564233" result="Passed" start-time="2026-07-05 01:37:06Z" end-time="2026-07-05 01:37:06Z" duration="0.002449" asserts="0">
                <properties />
              </test-case>
              <test-case id="1244" name="ArenaConfig_GetArenaByTrophies_HandlesNegative" fullname="KingdomWar.Tests.EditMode.ArenaSystemTests.ArenaConfig_GetArenaByTrophies_HandlesNegative" methodname="ArenaConfig_GetArenaByTrophies_HandlesNegative" classname="KingdomWar.Tests.EditMode.ArenaSystemTests" runstate="Runnable" seed="676122758" result="Passed" start-time="2026-07-05 01:37:06Z" end-time="2026-07-05 01:37:06Z" duration="0.001080" asserts="0">
                <properties />
                <output><![CDATA[[ArenaConfig] No arena found for trophies: -1, returning default TrainingCamp
]]></output>
              </test-case>
              <test-case id="1243" name="ArenaConfig_GetArenaByTrophies_ReturnsCorrectArena" fullname="KingdomWar.Tests.EditMode.ArenaSystemTests.ArenaConfig_GetArenaByTrophies_ReturnsCorrectArena" methodname="ArenaConfig_GetArenaByTrophies_ReturnsCorrectArena" classname="KingdomWar.Tests.EditMode.ArenaSystemTests" runstate="Runnable" seed="1309932247" result="Passed" start-time="2026-07-05 01:37:06Z" end-time="2026-07-05 01:37:06Z" duration="0.000318" asserts="0">
                <properties />
              </test-case>
              <test-case id="1245" name="ArenaConfig_GetArenaIdByLevel_ReturnsHighestUnlocked" fullname="KingdomWar.Tests.EditMode.ArenaSystemTests.ArenaConfig_GetArenaIdByLevel_ReturnsHighestUnlocked" methodname="ArenaConfig_GetArenaIdByLevel_ReturnsHighestUnlocked" classname="KingdomWar.Tests.EditMode.ArenaSystemTests" runstate="Runnable" seed="1084879341" result="Passed" start-time="2026-07-05 01:37:06Z" end-time="2026-07-05 01:37:06Z" duration="0.000302" asserts="0">
                <properties />
              </test-case>
              <test-case id="1240" name="ArenaConfig_Has8Arenas" fullname="KingdomWar.Tests.EditMode.ArenaSystemTests.ArenaConfig_Has8Arenas" methodname="ArenaConfig_Has8Arenas" classname="KingdomWar.Tests.EditMode.ArenaSystemTests" runstate="Runnable" seed="2033861445" result="Passed" start-time="2026-07-05 01:37:06Z" end-time="2026-07-05 01:37:06Z" duration="0.000223" asserts="0">
                <properties />
              </test-case>
              <test-case id="1242" name="ArenaConfig_Legendary_HasMaxIntMax" fullname="KingdomWar.Tests.EditMode.ArenaSystemTests.ArenaConfig_Legendary_HasMaxIntMax" methodname="ArenaConfig_Legendary_HasMaxIntMax" classname="KingdomWar.Tests.EditMode.ArenaSystemTests" runstate="Runnable" seed="681183961" result="Passed" start-time="2026-07-05 01:37:06Z" end-time="2026-07-05 01:37:06Z" duration="0.000284" asserts="0">
                <properties />
              </test-case>
              <test-case id="1241" name="ArenaConfig_TrainingCamp_StartsAtZero" fullname="KingdomWar.Tests.EditMode.ArenaSystemTests.ArenaConfig_TrainingCamp_StartsAtZero" methodname="ArenaConfig_TrainingCamp_StartsAtZero" classname="KingdomWar.Tests.EditMode.ArenaSystemTests" runstate="Runnable" seed="935965822" result="Passed" start-time="2026-07-05 01:37:06Z" end-time="2026-07-05 01:37:06Z" duration="0.000257" asserts="0">
                <properties />
              </test-case>
              <test-case id="1252" name="TrophyManager_CalculateTrophyChange_BonusCappedAt10" fullname="KingdomWar.Tests.EditMode.ArenaSystemTests.TrophyManager_CalculateTrophyChange_BonusCappedAt10" methodname="TrophyManager_CalculateTrophyChange_BonusCappedAt10" classname="KingdomWar.Tests.EditMode.ArenaSystemTests" runstate="Runnable" seed="188193308" result="Passed" start-time="2026-07-05 01:37:06Z" end-time="2026-07-05 01:37:06Z" duration="0.000334" asserts="0">
                <properties />
              </test-case>
              <test-case id="1249" name="TrophyManager_CalculateTrophyChange_DrawIsZero" fullname="KingdomWar.Tests.EditMode.ArenaSystemTests.TrophyManager_CalculateTrophyChange_DrawIsZero" methodname="TrophyManager_CalculateTrophyChange_DrawIsZero" classname="KingdomWar.Tests.EditMode.ArenaSystemTests" runstate="Runnable" seed="262255556" result="Passed" start-time="2026-07-05 01:37:06Z" end-time="2026-07-05 01:37:06Z" duration="0.000344" asserts="0">
                <properties />
              </test-case>
              <test-case id="1248" name="TrophyManager_CalculateTrophyChange_LossLosesTrophies" fullname="KingdomWar.Tests.EditMode.ArenaSystemTests.TrophyManager_CalculateTrophyChange_LossLosesTrophies" methodname="TrophyManager_CalculateTrophyChange_LossLosesTrophies" classname="KingdomWar.Tests.EditMode.ArenaSystemTests" runstate="Runnable" seed="1102038819" result="Passed" start-time="2026-07-05 01:37:06Z" end-time="2026-07-05 01:37:06Z" duration="0.000321" asserts="0">
                <properties />
              </test-case>
              <test-case id="1253" name="TrophyManager_CalculateTrophyChange_LossNeverPositive" fullname="KingdomWar.Tests.EditMode.ArenaSystemTests.TrophyManager_CalculateTrophyChange_LossNeverPositive" methodname="TrophyManager_CalculateTrophyChange_LossNeverPositive" classname="KingdomWar.Tests.EditMode.ArenaSystemTests" runstate="Runnable" seed="1635016190" result="Passed" start-time="2026-07-05 01:37:06Z" end-time="2026-07-05 01:37:06Z" duration="0.000300" asserts="0">
                <properties />
              </test-case>
              <test-case id="1251" name="TrophyManager_CalculateTrophyChange_LossVsHigher_LosesLess" fullname="KingdomWar.Tests.EditMode.ArenaSystemTests.TrophyManager_CalculateTrophyChange_LossVsHigher_LosesLess" methodname="TrophyManager_CalculateTrophyChange_LossVsHigher_LosesLess" classname="KingdomWar.Tests.EditMode.ArenaSystemTests" runstate="Runnable" seed="2034649912" result="Passed" start-time="2026-07-05 01:37:06Z" end-time="2026-07-05 01:37:06Z" duration="0.000221" asserts="0">
                <properties />
              </test-case>
              <test-case id="1255" name="TrophyManager_CalculateTrophyChange_LossVsMuchLower_Max40Loss" fullname="KingdomWar.Tests.EditMode.ArenaSystemTests.TrophyManager_CalculateTrophyChange_LossVsMuchLower_Max40Loss" methodname="TrophyManager_CalculateTrophyChange_LossVsMuchLower_Max40Loss" classname="KingdomWar.Tests.EditMode.ArenaSystemTests" runstate="Runnable" seed="1928420443" result="Passed" start-time="2026-07-05 01:37:06Z" end-time="2026-07-05 01:37:06Z" duration="0.000228" asserts="0">
                <properties />
              </test-case>
              <test-case id="1247" name="TrophyManager_CalculateTrophyChange_WinGainsTrophies" fullname="KingdomWar.Tests.EditMode.ArenaSystemTests.TrophyManager_CalculateTrophyChange_WinGainsTrophies" methodname="TrophyManager_CalculateTrophyChange_WinGainsTrophies" classname="KingdomWar.Tests.EditMode.ArenaSystemTests" runstate="Runnable" seed="885174868" result="Passed" start-time="2026-07-05 01:37:06Z" end-time="2026-07-05 01:37:06Z" duration="0.000248" asserts="0">
                <properties />
              </test-case>
              <test-case id="1250" name="TrophyManager_CalculateTrophyChange_WinVsHigher_GainsBonus" fullname="KingdomWar.Tests.EditMode.ArenaSystemTests.TrophyManager_CalculateTrophyChange_WinVsHigher_GainsBonus" methodname="TrophyManager_CalculateTrophyChange_WinVsHigher_GainsBonus" classname="KingdomWar.Tests.EditMode.ArenaSystemTests" runstate="Runnable" seed="948336624" result="Passed" start-time="2026-07-05 01:37:06Z" end-time="2026-07-05 01:37:06Z" duration="0.000220" asserts="0">
                <properties />
              </test-case>
              <test-case id="1254" name="TrophyManager_CalculateTrophyChange_WinVsMuchLower_Minimum15" fullname="KingdomWar.Tests.EditMode.ArenaSystemTests.TrophyManager_CalculateTrophyChange_WinVsMuchLower_Minimum15" methodname="TrophyManager_CalculateTrophyChange_WinVsMuchLower_Minimum15" classname="KingdomWar.Tests.EditMode.ArenaSystemTests" runstate="Runnable" seed="1154540108" result="Passed" start-time="2026-07-05 01:37:06Z" end-time="2026-07-05 01:37:06Z" duration="0.000201" asserts="0">
                <properties />
              </test-case>
            </test-suite>
            <test-suite type="TestFixture" id="1256" name="EconomyBalanceTests" fullname="KingdomWar.Tests.EditMode.EconomyBalanceTests" classname="KingdomWar.Tests.EditMode.EconomyBalanceTests" runstate="Runnable" testcasecount="20" result="Passed" start-time="2026-07-05 01:37:06Z" end-time="2026-07-05 01:37:06Z" duration="0.006020" total="20" passed="20" failed="0" inconclusive="0" skipped="0" asserts="0">
              <properties />
              <test-case id="1276" name="BattleDrawGold_IsBetweenLoseAndWin" fullname="KingdomWar.Tests.EditMode.EconomyBalanceTests.BattleDrawGold_IsBetweenLoseAndWin" methodname="BattleDrawGold_IsBetweenLoseAndWin" classname="KingdomWar.Tests.EditMode.EconomyBalanceTests" runstate="Runnable" seed="332385498" result="Passed" start-time="2026-07-05 01:37:06Z" end-time="2026-07-05 01:37:06Z" duration="0.001091" asserts="0">
                <properties />
                <output><![CDATA[EconomyBalanceSO not found in Resources/Config/, using defaults!
]]></output>
              </test-case>
              <test-case id="1275" name="BattleLoseGold_IsLessThanWinGold" fullname="KingdomWar.Tests.EditMode.EconomyBalanceTests.BattleLoseGold_IsLessThanWinGold" methodname="BattleLoseGold_IsLessThanWinGold" classname="KingdomWar.Tests.EditMode.EconomyBalanceTests" runstate="Runnable" seed="1335669028" result="Passed" start-time="2026-07-05 01:37:06Z" end-time="2026-07-05 01:37:06Z" duration="0.000159" asserts="0">
                <properties />
              </test-case>
              <test-case id="1274" name="BattleWinGold_IsPositive" fullname="KingdomWar.Tests.EditMode.EconomyBalanceTests.BattleWinGold_IsPositive" methodname="BattleWinGold_IsPositive" classname="KingdomWar.Tests.EditMode.EconomyBalanceTests" runstate="Runnable" seed="1546875598" result="Passed" start-time="2026-07-05 01:37:06Z" end-time="2026-07-05 01:37:06Z" duration="0.000124" asserts="0">
                <properties />
              </test-case>
              <test-case id="1273" name="ChestSpeedUpGemCost_IsPositive" fullname="KingdomWar.Tests.EditMode.EconomyBalanceTests.ChestSpeedUpGemCost_IsPositive" methodname="ChestSpeedUpGemCost_IsPositive" classname="KingdomWar.Tests.EditMode.EconomyBalanceTests" runstate="Runnable" seed="446399354" result="Passed" start-time="2026-07-05 01:37:06Z" end-time="2026-07-05 01:37:06Z" duration="0.000115" asserts="0">
                <properties />
              </test-case>
              <test-case id="1259" name="DefaultGems_IsPositive" fullname="KingdomWar.Tests.EditMode.EconomyBalanceTests.DefaultGems_IsPositive" methodname="DefaultGems_IsPositive" classname="KingdomWar.Tests.EditMode.EconomyBalanceTests" runstate="Runnable" seed="1966014817" result="Passed" start-time="2026-07-05 01:37:06Z" end-time="2026-07-05 01:37:06Z" duration="0.000113" asserts="0">
                <properties />
              </test-case>
              <test-case id="1258" name="DefaultGold_IsPositive" fullname="KingdomWar.Tests.EditMode.EconomyBalanceTests.DefaultGold_IsPositive" methodname="DefaultGold_IsPositive" classname="KingdomWar.Tests.EditMode.EconomyBalanceTests" runstate="Runnable" seed="7262578" result="Passed" start-time="2026-07-05 01:37:06Z" end-time="2026-07-05 01:37:06Z" duration="0.000112" asserts="0">
                <properties />
              </test-case>
              <test-case id="1267" name="FreeChestCardCount_IsPositive" fullname="KingdomWar.Tests.EditMode.EconomyBalanceTests.FreeChestCardCount_IsPositive" methodname="FreeChestCardCount_IsPositive" classname="KingdomWar.Tests.EditMode.EconomyBalanceTests" runstate="Runnable" seed="1420566558" result="Passed" start-time="2026-07-05 01:37:06Z" end-time="2026-07-05 01:37:06Z" duration="0.000110" asserts="0">
                <properties />
              </test-case>
              <test-case id="1264" name="FreeChestCooldown_IsReasonable" fullname="KingdomWar.Tests.EditMode.EconomyBalanceTests.FreeChestCooldown_IsReasonable" methodname="FreeChestCooldown_IsReasonable" classname="KingdomWar.Tests.EditMode.EconomyBalanceTests" runstate="Runnable" seed="1237752416" result="Passed" start-time="2026-07-05 01:37:06Z" end-time="2026-07-05 01:37:06Z" duration="0.000106" asserts="0">
                <properties />
              </test-case>
              <test-case id="1263" name="FreeChestGold_IsPositive" fullname="KingdomWar.Tests.EditMode.EconomyBalanceTests.FreeChestGold_IsPositive" methodname="FreeChestGold_IsPositive" classname="KingdomWar.Tests.EditMode.EconomyBalanceTests" runstate="Runnable" seed="557698597" result="Passed" start-time="2026-07-05 01:37:06Z" end-time="2026-07-05 01:37:06Z" duration="0.000141" asserts="0">
                <properties />
              </test-case>
              <test-case id="1265" name="FreeChestRarityWeights_Has4Elements" fullname="KingdomWar.Tests.EditMode.EconomyBalanceTests.FreeChestRarityWeights_Has4Elements" methodname="FreeChestRarityWeights_Has4Elements" classname="KingdomWar.Tests.EditMode.EconomyBalanceTests" runstate="Runnable" seed="797130909" result="Passed" start-time="2026-07-05 01:37:06Z" end-time="2026-07-05 01:37:06Z" duration="0.000729" asserts="0">
                <properties />
              </test-case>
              <test-case id="1266" name="FreeChestRarityWeights_SumTo100" fullname="KingdomWar.Tests.EditMode.EconomyBalanceTests.FreeChestRarityWeights_SumTo100" methodname="FreeChestRarityWeights_SumTo100" classname="KingdomWar.Tests.EditMode.EconomyBalanceTests" runstate="Runnable" seed="778962664" result="Passed" start-time="2026-07-05 01:37:06Z" end-time="2026-07-05 01:37:06Z" duration="0.000169" asserts="0">
                <properties />
              </test-case>
              <test-case id="1257" name="Instance_IsNotNull" fullname="KingdomWar.Tests.EditMode.EconomyBalanceTests.Instance_IsNotNull" methodname="Instance_IsNotNull" classname="KingdomWar.Tests.EditMode.EconomyBalanceTests" runstate="Runnable" seed="35183444" result="Passed" start-time="2026-07-05 01:37:06Z" end-time="2026-07-05 01:37:06Z" duration="0.000228" asserts="0">
                <properties />
              </test-case>
              <test-case id="1261" name="ShopCardBasePrice_IsPositive" fullname="KingdomWar.Tests.EditMode.EconomyBalanceTests.ShopCardBasePrice_IsPositive" methodname="ShopCardBasePrice_IsPositive" classname="KingdomWar.Tests.EditMode.EconomyBalanceTests" runstate="Runnable" seed="1538979711" result="Passed" start-time="2026-07-05 01:37:06Z" end-time="2026-07-05 01:37:06Z" duration="0.000139" asserts="0">
                <properties />
              </test-case>
              <test-case id="1262" name="ShopCardPriceMultiplier_IsPositive" fullname="KingdomWar.Tests.EditMode.EconomyBalanceTests.ShopCardPriceMultiplier_IsPositive" methodname="ShopCardPriceMultiplier_IsPositive" classname="KingdomWar.Tests.EditMode.EconomyBalanceTests" runstate="Runnable" seed="895773526" result="Passed" start-time="2026-07-05 01:37:06Z" end-time="2026-07-05 01:37:06Z" duration="0.000123" asserts="0">
                <properties />
              </test-case>
              <test-case id="1260" name="ShopDailyCardCount_IsBetween1And8" fullname="KingdomWar.Tests.EditMode.EconomyBalanceTests.ShopDailyCardCount_IsBetween1And8" methodname="ShopDailyCardCount_IsBetween1And8" classname="KingdomWar.Tests.EditMode.EconomyBalanceTests" runstate="Runnable" seed="459542466" result="Passed" start-time="2026-07-05 01:37:06Z" end-time="2026-07-05 01:37:06Z" duration="0.000113" asserts="0">
                <properties />
              </test-case>
              <test-case id="1272" name="VictoryChestCardCount_IsGreaterThanFreeChest" fullname="KingdomWar.Tests.EditMode.EconomyBalanceTests.VictoryChestCardCount_IsGreaterThanFreeChest" methodname="VictoryChestCardCount_IsGreaterThanFreeChest" classname="KingdomWar.Tests.EditMode.EconomyBalanceTests" runstate="Runnable" seed="156148500" result="Passed" start-time="2026-07-05 01:37:06Z" end-time="2026-07-05 01:37:06Z" duration="0.000142" asserts="0">
                <properties />
              </test-case>
              <test-case id="1268" name="VictoryChestGold_IsGreaterThanFreeChest" fullname="KingdomWar.Tests.EditMode.EconomyBalanceTests.VictoryChestGold_IsGreaterThanFreeChest" methodname="VictoryChestGold_IsGreaterThanFreeChest" classname="KingdomWar.Tests.EditMode.EconomyBalanceTests" runstate="Runnable" seed="2141652853" result="Passed" start-time="2026-07-05 01:37:06Z" end-time="2026-07-05 01:37:06Z" duration="0.000115" asserts="0">
                <properties />
              </test-case>
              <test-case id="1269" name="VictoryChestRarityWeights_Has4Elements" fullname="KingdomWar.Tests.EditMode.EconomyBalanceTests.VictoryChestRarityWeights_Has4Elements" methodname="VictoryChestRarityWeights_Has4Elements" classname="KingdomWar.Tests.EditMode.EconomyBalanceTests" runstate="Runnable" seed="1554143003" result="Passed" start-time="2026-07-05 01:37:06Z" end-time="2026-07-05 01:37:06Z" duration="0.000126" asserts="0">
                <properties />
              </test-case>
              <test-case id="1270" name="VictoryChestRarityWeights_SumTo100" fullname="KingdomWar.Tests.EditMode.EconomyBalanceTests.VictoryChestRarityWeights_SumTo100" methodname="VictoryChestRarityWeights_SumTo100" classname="KingdomWar.Tests.EditMode.EconomyBalanceTests" runstate="Runnable" seed="1125077788" result="Passed" start-time="2026-07-05 01:37:06Z" end-time="2026-07-05 01:37:06Z" duration="0.000158" asserts="0">
                <properties />
              </test-case>
              <test-case id="1271" name="VictoryChestUnlockMinutes_IsPositive" fullname="KingdomWar.Tests.EditMode.EconomyBalanceTests.VictoryChestUnlockMinutes_IsPositive" methodname="VictoryChestUnlockMinutes_IsPositive" classname="KingdomWar.Tests.EditMode.EconomyBalanceTests" runstate="Runnable" seed="1996675235" result="Passed" start-time="2026-07-05 01:37:06Z" end-time="2026-07-05 01:37:06Z" duration="0.000124" asserts="0">
                <properties />
              </test-case>
            </test-suite>
            <test-suite type="TestFixture" id="1277" name="PlayerStatsTests" fullname="KingdomWar.Tests.EditMode.PlayerStatsTests" classname="KingdomWar.Tests.EditMode.PlayerStatsTests" runstate="Runnable" testcasecount="15" result="Passed" start-time="2026-07-05 01:37:06Z" end-time="2026-07-05 01:37:06Z" duration="0.005005" total="15" passed="15" failed="0" inconclusive="0" skipped="0" asserts="0">
              <properties />
              <test-case id="1286" name="GetAvatarIndex_MethodExists" fullname="KingdomWar.Tests.EditMode.PlayerStatsTests.GetAvatarIndex_MethodExists" methodname="GetAvatarIndex_MethodExists" classname="KingdomWar.Tests.EditMode.PlayerStatsTests" runstate="Runnable" seed="1338182032" result="Passed" start-time="2026-07-05 01:37:06Z" end-time="2026-07-05 01:37:06Z" duration="0.000174" asserts="0">
                <properties />
              </test-case>
              <test-case id="1284" name="GetNickname_MethodExists" fullname="KingdomWar.Tests.EditMode.PlayerStatsTests.GetNickname_MethodExists" methodname="GetNickname_MethodExists" classname="KingdomWar.Tests.EditMode.PlayerStatsTests" runstate="Runnable" seed="840430760" result="Passed" start-time="2026-07-05 01:37:06Z" end-time="2026-07-05 01:37:06Z" duration="0.000121" asserts="0">
                <properties />
              </test-case>
              <test-case id="1282" name="GetTotalBattles_MethodExists" fullname="KingdomWar.Tests.EditMode.PlayerStatsTests.GetTotalBattles_MethodExists" methodname="GetTotalBattles_MethodExists" classname="KingdomWar.Tests.EditMode.PlayerStatsTests" runstate="Runnable" seed="503165496" result="Passed" start-time="2026-07-05 01:37:06Z" end-time="2026-07-05 01:37:06Z" duration="0.000140" asserts="0">
                <properties />
              </test-case>
              <test-case id="1290" name="GetTotalBattles_SumOfWinsLossesDraws" fullname="KingdomWar.Tests.EditMode.PlayerStatsTests.GetTotalBattles_SumOfWinsLossesDraws" methodname="GetTotalBattles_SumOfWinsLossesDraws" classname="KingdomWar.Tests.EditMode.PlayerStatsTests" runstate="Runnable" seed="1117237179" result="Passed" start-time="2026-07-05 01:37:06Z" end-time="2026-07-05 01:37:06Z" duration="0.000138" asserts="0">
                <properties />
              </test-case>
              <test-case id="1281" name="GetTotalDraws_MethodExists" fullname="KingdomWar.Tests.EditMode.PlayerStatsTests.GetTotalDraws_MethodExists" methodname="GetTotalDraws_MethodExists" classname="KingdomWar.Tests.EditMode.PlayerStatsTests" runstate="Runnable" seed="1523574476" result="Passed" start-time="2026-07-05 01:37:06Z" end-time="2026-07-05 01:37:06Z" duration="0.000113" asserts="0">
                <properties />
              </test-case>
              <test-case id="1280" name="GetTotalLosses_MethodExists" fullname="KingdomWar.Tests.EditMode.PlayerStatsTests.GetTotalLosses_MethodExists" methodname="GetTotalLosses_MethodExists" classname="KingdomWar.Tests.EditMode.PlayerStatsTests" runstate="Runnable" seed="2127214051" result="Passed" start-time="2026-07-05 01:37:06Z" end-time="2026-07-05 01:37:06Z" duration="0.000104" asserts="0">
                <properties />
              </test-case>
              <test-case id="1279" name="GetTotalWins_MethodExists" fullname="KingdomWar.Tests.EditMode.PlayerStatsTests.GetTotalWins_MethodExists" methodname="GetTotalWins_MethodExists" classname="KingdomWar.Tests.EditMode.PlayerStatsTests" runstate="Runnable" seed="352887883" result="Passed" start-time="2026-07-05 01:37:06Z" end-time="2026-07-05 01:37:06Z" duration="0.000102" asserts="0">
                <properties />
              </test-case>
              <test-case id="1283" name="GetWinRate_MethodExists" fullname="KingdomWar.Tests.EditMode.PlayerStatsTests.GetWinRate_MethodExists" methodname="GetWinRate_MethodExists" classname="KingdomWar.Tests.EditMode.PlayerStatsTests" runstate="Runnable" seed="2029457446" result="Passed" start-time="2026-07-05 01:37:06Z" end-time="2026-07-05 01:37:06Z" duration="0.000099" asserts="0">
                <properties />
              </test-case>
              <test-case id="1289" name="GetWinRate_ReturnsFloat" fullname="KingdomWar.Tests.EditMode.PlayerStatsTests.GetWinRate_ReturnsFloat" methodname="GetWinRate_ReturnsFloat" classname="KingdomWar.Tests.EditMode.PlayerStatsTests" runstate="Runnable" seed="1490061531" result="Passed" start-time="2026-07-05 01:37:06Z" end-time="2026-07-05 01:37:06Z" duration="0.000110" asserts="0">
                <properties />
              </test-case>
              <test-case id="1291" name="MainPanel_Start_DoesNotPushSelf" fullname="KingdomWar.Tests.EditMode.PlayerStatsTests.MainPanel_Start_DoesNotPushSelf" methodname="MainPanel_Start_DoesNotPushSelf" classname="KingdomWar.Tests.EditMode.PlayerStatsTests" runstate="Runnable" seed="1415820552" result="Passed" start-time="2026-07-05 01:37:06Z" end-time="2026-07-05 01:37:06Z" duration="0.000569" asserts="0">
                <properties />
              </test-case>
              <test-case id="1292" name="OnBattleStatsChanged_EventExists" fullname="KingdomWar.Tests.EditMode.PlayerStatsTests.OnBattleStatsChanged_EventExists" methodname="OnBattleStatsChanged_EventExists" classname="KingdomWar.Tests.EditMode.PlayerStatsTests" runstate="Runnable" seed="768357794" result="Passed" start-time="2026-07-05 01:37:06Z" end-time="2026-07-05 01:37:06Z" duration="0.001356" asserts="0">
                <properties />
              </test-case>
              <test-case id="1278" name="RecordBattleResult_MethodExists" fullname="KingdomWar.Tests.EditMode.PlayerStatsTests.RecordBattleResult_MethodExists" methodname="RecordBattleResult_MethodExists" classname="KingdomWar.Tests.EditMode.PlayerStatsTests" runstate="Runnable" seed="596917095" result="Passed" start-time="2026-07-05 01:37:06Z" end-time="2026-07-05 01:37:06Z" duration="0.000180" asserts="0">
                <properties />
              </test-case>
              <test-case id="1287" name="SetAvatarIndex_MethodExists" fullname="KingdomWar.Tests.EditMode.PlayerStatsTests.SetAvatarIndex_MethodExists" methodname="SetAvatarIndex_MethodExists" classname="KingdomWar.Tests.EditMode.PlayerStatsTests" runstate="Runnable" seed="492328776" result="Passed" start-time="2026-07-05 01:37:06Z" end-time="2026-07-05 01:37:06Z" duration="0.000142" asserts="0">
                <properties />
              </test-case>
              <test-case id="1285" name="SetNickname_MethodExists" fullname="KingdomWar.Tests.EditMode.PlayerStatsTests.SetNickname_MethodExists" methodname="SetNickname_MethodExists" classname="KingdomWar.Tests.EditMode.PlayerStatsTests" runstate="Runnable" seed="1322910238" result="Passed" start-time="2026-07-05 01:37:06Z" end-time="2026-07-05 01:37:06Z" duration="0.000129" asserts="0">
                <properties />
              </test-case>
              <test-case id="1288" name="WinsLossesDraws_ReturnInt" fullname="KingdomWar.Tests.EditMode.PlayerStatsTests.WinsLossesDraws_ReturnInt" methodname="WinsLossesDraws_ReturnInt" classname="KingdomWar.Tests.EditMode.PlayerStatsTests" runstate="Runnable" seed="1968512067" result="Passed" start-time="2026-07-05 01:37:06Z" end-time="2026-07-05 01:37:06Z" duration="0.000158" asserts="0">
                <properties />
              </test-case>
            </test-suite>
            <test-suite type="TestFixture" id="1293" name="SpellEffectTests" fullname="KingdomWar.Tests.EditMode.SpellEffectTests" classname="KingdomWar.Tests.EditMode.SpellEffectTests" runstate="Runnable" testcasecount="18" result="Passed" start-time="2026-07-05 01:37:06Z" end-time="2026-07-05 01:37:06Z" duration="0.007894" total="18" passed="18" failed="0" inconclusive="0" skipped="0" asserts="0">
              <properties />
              <test-case id="1311" name="BuffType_HasAllExpectedTypes" fullname="KingdomWar.Tests.EditMode.SpellEffectTests.BuffType_HasAllExpectedTypes" methodname="BuffType_HasAllExpectedTypes" classname="KingdomWar.Tests.EditMode.SpellEffectTests" runstate="Runnable" seed="1519478487" result="Passed" start-time="2026-07-05 01:37:06Z" end-time="2026-07-05 01:37:06Z" duration="0.000571" asserts="0">
                <properties />
              </test-case>
              <test-case id="1310" name="BuffType_HasExactly4Values" fullname="KingdomWar.Tests.EditMode.SpellEffectTests.BuffType_HasExactly4Values" methodname="BuffType_HasExactly4Values" classname="KingdomWar.Tests.EditMode.SpellEffectTests" runstate="Runnable" seed="936501885" result="Passed" start-time="2026-07-05 01:37:06Z" end-time="2026-07-05 01:37:06Z" duration="0.000271" asserts="0">
                <properties />
              </test-case>
              <test-case id="1298" name="SpellEffectType_HasBoost" fullname="KingdomWar.Tests.EditMode.SpellEffectTests.SpellEffectType_HasBoost" methodname="SpellEffectType_HasBoost" classname="KingdomWar.Tests.EditMode.SpellEffectTests" runstate="Runnable" seed="1358295538" result="Passed" start-time="2026-07-05 01:37:06Z" end-time="2026-07-05 01:37:06Z" duration="0.000239" asserts="0">
                <properties />
              </test-case>
              <test-case id="1299" name="SpellEffectType_HasClone" fullname="KingdomWar.Tests.EditMode.SpellEffectTests.SpellEffectType_HasClone" methodname="SpellEffectType_HasClone" classname="KingdomWar.Tests.EditMode.SpellEffectTests" runstate="Runnable" seed="122040349" result="Passed" start-time="2026-07-05 01:37:06Z" end-time="2026-07-05 01:37:06Z" duration="0.000288" asserts="0">
                <properties />
              </test-case>
              <test-case id="1294" name="SpellEffectType_HasDamage" fullname="KingdomWar.Tests.EditMode.SpellEffectTests.SpellEffectType_HasDamage" methodname="SpellEffectType_HasDamage" classname="KingdomWar.Tests.EditMode.SpellEffectTests" runstate="Runnable" seed="1728061959" result="Passed" start-time="2026-07-05 01:37:06Z" end-time="2026-07-05 01:37:06Z" duration="0.000227" asserts="0">
                <properties />
              </test-case>
              <test-case id="1300" name="SpellEffectType_HasExactly6Values" fullname="KingdomWar.Tests.EditMode.SpellEffectTests.SpellEffectType_HasExactly6Values" methodname="SpellEffectType_HasExactly6Values" classname="KingdomWar.Tests.EditMode.SpellEffectTests" runstate="Runnable" seed="321810755" result="Passed" start-time="2026-07-05 01:37:06Z" end-time="2026-07-05 01:37:06Z" duration="0.000251" asserts="0">
                <properties />
              </test-case>
              <test-case id="1296" name="SpellEffectType_HasFreeze" fullname="KingdomWar.Tests.EditMode.SpellEffectTests.SpellEffectType_HasFreeze" methodname="SpellEffectType_HasFreeze" classname="KingdomWar.Tests.EditMode.SpellEffectTests" runstate="Runnable" seed="1901249932" result="Passed" start-time="2026-07-05 01:37:06Z" end-time="2026-07-05 01:37:06Z" duration="0.000226" asserts="0">
                <properties />
              </test-case>
              <test-case id="1295" name="SpellEffectType_HasHeal" fullname="KingdomWar.Tests.EditMode.SpellEffectTests.SpellEffectType_HasHeal" methodname="SpellEffectType_HasHeal" classname="KingdomWar.Tests.EditMode.SpellEffectTests" runstate="Runnable" seed="1241482854" result="Passed" start-time="2026-07-05 01:37:06Z" end-time="2026-07-05 01:37:06Z" duration="0.000200" asserts="0">
                <properties />
              </test-case>
              <test-case id="1297" name="SpellEffectType_HasStun" fullname="KingdomWar.Tests.EditMode.SpellEffectTests.SpellEffectType_HasStun" methodname="SpellEffectType_HasStun" classname="KingdomWar.Tests.EditMode.SpellEffectTests" runstate="Runnable" seed="221951414" result="Passed" start-time="2026-07-05 01:37:06Z" end-time="2026-07-05 01:37:06Z" duration="0.000191" asserts="0">
                <properties />
              </test-case>
              <test-case id="1303" name="Unit_AddBuff_BoostDamage_IncreasesMultiplier" fullname="KingdomWar.Tests.EditMode.SpellEffectTests.Unit_AddBuff_BoostDamage_IncreasesMultiplier" methodname="Unit_AddBuff_BoostDamage_IncreasesMultiplier" classname="KingdomWar.Tests.EditMode.SpellEffectTests" runstate="Runnable" seed="2037955803" result="Passed" start-time="2026-07-05 01:37:06Z" end-time="2026-07-05 01:37:06Z" duration="0.000549" asserts="0">
                <properties />
              </test-case>
              <test-case id="1304" name="Unit_AddBuff_BoostSpeed_IncreasesMultiplier" fullname="KingdomWar.Tests.EditMode.SpellEffectTests.Unit_AddBuff_BoostSpeed_IncreasesMultiplier" methodname="Unit_AddBuff_BoostSpeed_IncreasesMultiplier" classname="KingdomWar.Tests.EditMode.SpellEffectTests" runstate="Runnable" seed="469397489" result="Passed" start-time="2026-07-05 01:37:06Z" end-time="2026-07-05 01:37:06Z" duration="0.000265" asserts="0">
                <properties />
              </test-case>
              <test-case id="1301" name="Unit_AddBuff_Freeze_SetsIsFrozen" fullname="KingdomWar.Tests.EditMode.SpellEffectTests.Unit_AddBuff_Freeze_SetsIsFrozen" methodname="Unit_AddBuff_Freeze_SetsIsFrozen" classname="KingdomWar.Tests.EditMode.SpellEffectTests" runstate="Runnable" seed="1396658393" result="Passed" start-time="2026-07-05 01:37:06Z" end-time="2026-07-05 01:37:06Z" duration="0.000221" asserts="0">
                <properties />
              </test-case>
              <test-case id="1306" name="Unit_AddBuff_Freeze_ThenRemove_ResetsState" fullname="KingdomWar.Tests.EditMode.SpellEffectTests.Unit_AddBuff_Freeze_ThenRemove_ResetsState" methodname="Unit_AddBuff_Freeze_ThenRemove_ResetsState" classname="KingdomWar.Tests.EditMode.SpellEffectTests" runstate="Runnable" seed="1719358333" result="Passed" start-time="2026-07-05 01:37:06Z" end-time="2026-07-05 01:37:06Z" duration="0.000468" asserts="0">
                <properties />
              </test-case>
              <test-case id="1302" name="Unit_AddBuff_Stun_SetsIsStunned" fullname="KingdomWar.Tests.EditMode.SpellEffectTests.Unit_AddBuff_Stun_SetsIsStunned" methodname="Unit_AddBuff_Stun_SetsIsStunned" classname="KingdomWar.Tests.EditMode.SpellEffectTests" runstate="Runnable" seed="1250850355" result="Passed" start-time="2026-07-05 01:37:06Z" end-time="2026-07-05 01:37:06Z" duration="0.000241" asserts="0">
                <properties />
              </test-case>
              <test-case id="1305" name="Unit_Buff_DefaultState_NoEffects" fullname="KingdomWar.Tests.EditMode.SpellEffectTests.Unit_Buff_DefaultState_NoEffects" methodname="Unit_Buff_DefaultState_NoEffects" classname="KingdomWar.Tests.EditMode.SpellEffectTests" runstate="Runnable" seed="114327665" result="Passed" start-time="2026-07-05 01:37:06Z" end-time="2026-07-05 01:37:06Z" duration="0.000291" asserts="0">
                <properties />
              </test-case>
              <test-case id="1308" name="Unit_Heal_DoesNotExceedMaxHealth" fullname="KingdomWar.Tests.EditMode.SpellEffectTests.Unit_Heal_DoesNotExceedMaxHealth" methodname="Unit_Heal_DoesNotExceedMaxHealth" classname="KingdomWar.Tests.EditMode.SpellEffectTests" runstate="Runnable" seed="426421369" result="Passed" start-time="2026-07-05 01:37:06Z" end-time="2026-07-05 01:37:06Z" duration="0.000790" asserts="0">
                <properties />
                <output><![CDATA[TestKnight healed for 20, current HP: 100/100
]]></output>
              </test-case>
              <test-case id="1309" name="Unit_Heal_NoEffectOnDeadUnit" fullname="KingdomWar.Tests.EditMode.SpellEffectTests.Unit_Heal_NoEffectOnDeadUnit" methodname="Unit_Heal_NoEffectOnDeadUnit" classname="KingdomWar.Tests.EditMode.SpellEffectTests" runstate="Runnable" seed="1734173292" result="Passed" start-time="2026-07-05 01:37:06Z" end-time="2026-07-05 01:37:06Z" duration="0.000257" asserts="0">
                <properties />
              </test-case>
              <test-case id="1307" name="Unit_Heal_RestoresHealth" fullname="KingdomWar.Tests.EditMode.SpellEffectTests.Unit_Heal_RestoresHealth" methodname="Unit_Heal_RestoresHealth" classname="KingdomWar.Tests.EditMode.SpellEffectTests" runstate="Runnable" seed="1285399136" result="Passed" start-time="2026-07-05 01:37:06Z" end-time="2026-07-05 01:37:06Z" duration="0.000604" asserts="0">
                <properties />
                <output><![CDATA[TestKnight healed for 30, current HP: 80/100
]]></output>
              </test-case>
            </test-suite>
          </test-suite>
        </test-suite>
      </test-suite>
    </test-suite>
    <test-suite type="Assembly" id="1320" name="Unity.Addressables.Editor.Tests.DocExampleCode.dll" fullname="D:/fs2025/unity/KingdomWar/Library/ScriptAssemblies/Unity.Addressables.Editor.Tests.DocExampleCode.dll" runstate="Runnable" testcasecount="1" result="Passed" start-time="2026-07-05 01:37:06Z" end-time="2026-07-05 01:37:06Z" duration="0.000908" total="1" passed="1" failed="0" inconclusive="0" skipped="0" asserts="0">
      <properties>
        <property name="_PID" value="25184" />
        <property name="_APPDOMAIN" value="Unity Child Domain" />
        <property name="platform" value="EditMode" />
      </properties>
      <test-suite type="TestSuite" id="1321" name="AddressableAssets" fullname="AddressableAssets" runstate="Runnable" testcasecount="1" result="Passed" start-time="2026-07-05 01:37:06Z" end-time="2026-07-05 01:37:06Z" duration="0.000651" total="1" passed="1" failed="0" inconclusive="0" skipped="0" asserts="0">
        <properties />
        <test-suite type="TestSuite" id="1322" name="DocExampleCode" fullname="AddressableAssets.DocExampleCode" runstate="Runnable" testcasecount="1" result="Passed" start-time="2026-07-05 01:37:06Z" end-time="2026-07-05 01:37:06Z" duration="0.000565" total="1" passed="1" failed="0" inconclusive="0" skipped="0" asserts="0">
          <properties />
          <test-suite type="TestFixture" id="1318" name="TestStub" fullname="AddressableAssets.DocExampleCode.TestStub" classname="AddressableAssets.DocExampleCode.TestStub" runstate="Runnable" testcasecount="1" result="Passed" start-time="2026-07-05 01:37:06Z" end-time="2026-07-05 01:37:06Z" duration="0.000473" total="1" passed="1" failed="0" inconclusive="0" skipped="0" asserts="0">
            <properties />
            <test-case id="1319" name="RequiredTest" fullname="AddressableAssets.DocExampleCode.TestStub.RequiredTest" methodname="RequiredTest" classname="AddressableAssets.DocExampleCode.TestStub" runstate="Runnable" seed="61891293" result="Passed" start-time="2026-07-05 01:37:06Z" end-time="2026-07-05 01:37:06Z" duration="0.000096" asserts="0">
              <properties />
            </test-case>
          </test-suite>
        </test-suite>
      </test-suite>
    </test-suite>
  </test-suite>
</test-run>