<?xml version="1.0" encoding="utf-8"?>
<test-run id="2" testcasecount="52" result="Passed" total="52" passed="52" failed="0" inconclusive="0" skipped="0" asserts="0" engine-version="3.5.0.0" clr-version="4.0.30319.42000" start-time="2026-07-04 15:22:11Z" end-time="2026-07-04 15:22:15Z" duration="3.9791366">
  <test-suite type="TestSuite" id="1000" name="KingdomWar" fullname="KingdomWar" runstate="Runnable" testcasecount="52" result="Passed" start-time="2026-07-04 15:22:11Z" end-time="2026-07-04 15:22:15Z" duration="3.979137" total="52" passed="52" failed="0" inconclusive="0" skipped="0" asserts="0">
    <properties />
    <test-suite type="Assembly" id="1060" name="PlayMode.dll" fullname="D:/fs2025/unity/KingdomWar/Library/ScriptAssemblies/PlayMode.dll" runstate="Runnable" testcasecount="52" result="Passed" start-time="2026-07-04 15:22:11Z" end-time="2026-07-04 15:22:15Z" duration="3.973715" total="52" passed="52" failed="0" inconclusive="0" skipped="0" asserts="0">
      <properties>
        <property name="_PID" value="12436" />
        <property name="_APPDOMAIN" value="Unity Child Domain" />
        <property name="platform" value="PlayMode" />
      </properties>
      <test-suite type="TestFixture" id="1001" name="AudioManagerTests" fullname="AudioManagerTests" classname="AudioManagerTests" runstate="Runnable" testcasecount="8" result="Passed" start-time="2026-07-04 15:22:11Z" end-time="2026-07-04 15:22:11Z" duration="0.023243" total="8" passed="8" failed="0" inconclusive="0" skipped="0" asserts="0">
        <properties />
        <test-case id="1003" name="DefaultVolume_IsOne" fullname="AudioManagerTests.DefaultVolume_IsOne" methodname="DefaultVolume_IsOne" classname="AudioManagerTests" runstate="Runnable" seed="1127760598" result="Passed" start-time="2026-07-04 15:22:11Z" end-time="2026-07-04 15:22:11Z" duration="0.010175" asserts="0">
          <properties />
        </test-case>
        <test-case id="1002" name="Instance_IsNotNull" fullname="AudioManagerTests.Instance_IsNotNull" methodname="Instance_IsNotNull" classname="AudioManagerTests" runstate="Runnable" seed="107035983" result="Passed" start-time="2026-07-04 15:22:11Z" end-time="2026-07-04 15:22:11Z" duration="0.001710" asserts="0">
          <properties />
        </test-case>
        <test-case id="1008" name="LoadVolumeSettings_DoesNotThrow" fullname="AudioManagerTests.LoadVolumeSettings_DoesNotThrow" methodname="LoadVolumeSettings_DoesNotThrow" classname="AudioManagerTests" runstate="Runnable" seed="69628344" result="Passed" start-time="2026-07-04 15:22:11Z" end-time="2026-07-04 15:22:11Z" duration="0.000737" asserts="0">
          <properties />
        </test-case>
        <test-case id="1007" name="SetBGMVolume_OnlyAffectsBGM" fullname="AudioManagerTests.SetBGMVolume_OnlyAffectsBGM" methodname="SetBGMVolume_OnlyAffectsBGM" classname="AudioManagerTests" runstate="Runnable" seed="882545509" result="Passed" start-time="2026-07-04 15:22:11Z" end-time="2026-07-04 15:22:11Z" duration="0.000211" asserts="0">
          <properties />
        </test-case>
        <test-case id="1006" name="SetVolume_ClampsToOne" fullname="AudioManagerTests.SetVolume_ClampsToOne" methodname="SetVolume_ClampsToOne" classname="AudioManagerTests" runstate="Runnable" seed="670376717" result="Passed" start-time="2026-07-04 15:22:11Z" end-time="2026-07-04 15:22:11Z" duration="0.000126" asserts="0">
          <properties />
        </test-case>
        <test-case id="1005" name="SetVolume_ClampsToZero" fullname="AudioManagerTests.SetVolume_ClampsToZero" methodname="SetVolume_ClampsToZero" classname="AudioManagerTests" runstate="Runnable" seed="959053829" result="Passed" start-time="2026-07-04 15:22:11Z" end-time="2026-07-04 15:22:11Z" duration="0.000111" asserts="0">
          <properties />
        </test-case>
        <test-case id="1004" name="SetVolume_UpdatesBGMAndSFX" fullname="AudioManagerTests.SetVolume_UpdatesBGMAndSFX" methodname="SetVolume_UpdatesBGMAndSFX" classname="AudioManagerTests" runstate="Runnable" seed="1098760888" result="Passed" start-time="2026-07-04 15:22:11Z" end-time="2026-07-04 15:22:11Z" duration="0.000120" asserts="0">
          <properties />
        </test-case>
        <test-case id="1009" name="VolumePersists_AfterSaveAndLoad" fullname="AudioManagerTests.VolumePersists_AfterSaveAndLoad" methodname="VolumePersists_AfterSaveAndLoad" classname="AudioManagerTests" runstate="Runnable" seed="1029401253" result="Passed" start-time="2026-07-04 15:22:11Z" end-time="2026-07-04 15:22:11Z" duration="0.000582" asserts="0">
          <properties />
        </test-case>
      </test-suite>
      <test-suite type="TestFixture" id="1010" name="CardDatabaseTests" fullname="CardDatabaseTests" classname="CardDatabaseTests" runstate="Runnable" testcasecount="10" result="Passed" start-time="2026-07-04 15:22:11Z" end-time="2026-07-04 15:22:11Z" duration="0.059509" total="10" passed="10" failed="0" inconclusive="0" skipped="0" asserts="0">
        <properties />
        <output><![CDATA[There are no audio listeners in the scene. Please ensure there is always one audio listener in the scene
]]></output>
        <test-case id="1011" name="AllCards_LoadFromResources_AtLeastEight" fullname="CardDatabaseTests.AllCards_LoadFromResources_AtLeastEight" methodname="AllCards_LoadFromResources_AtLeastEight" classname="CardDatabaseTests" runstate="Runnable" seed="960864443" result="Passed" start-time="2026-07-04 15:22:11Z" end-time="2026-07-04 15:22:11Z" duration="0.055264" asserts="0">
          <properties />
          <output><![CDATA[The referenced script (Unknown) on this Behaviour is missing!
The referenced script (Unknown) on this Behaviour is missing!
The referenced script (Unknown) on this Behaviour is missing!
The referenced script (Unknown) on this Behaviour is missing!
The referenced script (Unknown) on this Behaviour is missing!
The referenced script (Unknown) on this Behaviour is missing!
The referenced script (Unknown) on this Behaviour is missing!
The referenced script (Unknown) on this Behaviour is missing!
The referenced script (Unknown) on this Behaviour is missing!
The referenced script (Unknown) on this Behaviour is missing!
The referenced script (Unknown) on this Behaviour is missing!
The referenced script (Unknown) on this Behaviour is missing!
The referenced script (Unknown) on this Behaviour is missing!
The referenced script (Unknown) on this Behaviour is missing!
The referenced script (Unknown) on this Behaviour is missing!
The referenced script (Unknown) on this Behaviour is missing!
The referenced script (Unknown) on this Behaviour is missing!
The referenced script (Unknown) on this Behaviour is missing!
The referenced script (Unknown) on this Behaviour is missing!
The referenced script (Unknown) on this Behaviour is missing!
The referenced script (Unknown) on this Behaviour is missing!
The referenced script (Unknown) on this Behaviour is missing!
]]></output>
        </test-case>
        <test-case id="1013" name="Archer_IsLoaded_AsUnit_3Elixir" fullname="CardDatabaseTests.Archer_IsLoaded_AsUnit_3Elixir" methodname="Archer_IsLoaded_AsUnit_3Elixir" classname="CardDatabaseTests" runstate="Runnable" seed="299719158" result="Passed" start-time="2026-07-04 15:22:11Z" end-time="2026-07-04 15:22:11Z" duration="0.001276" asserts="0">
          <properties />
        </test-case>
        <test-case id="1020" name="CardDatabase_LoadsAllCardsFromResources" fullname="CardDatabaseTests.CardDatabase_LoadsAllCardsFromResources" methodname="CardDatabase_LoadsAllCardsFromResources" classname="CardDatabaseTests" runstate="Runnable" seed="1541756277" result="Passed" start-time="2026-07-04 15:22:11Z" end-time="2026-07-04 15:22:11Z" duration="0.000291" asserts="0">
          <properties />
        </test-case>
        <test-case id="1018" name="ElixirCollector_IsLoaded_AsBuilding" fullname="CardDatabaseTests.ElixirCollector_IsLoaded_AsBuilding" methodname="ElixirCollector_IsLoaded_AsBuilding" classname="CardDatabaseTests" runstate="Runnable" seed="1551501012" result="Passed" start-time="2026-07-04 15:22:11Z" end-time="2026-07-04 15:22:11Z" duration="0.000423" asserts="0">
          <properties />
        </test-case>
        <test-case id="1014" name="Fireball_IsLoaded_AsSpell_4Elixir" fullname="CardDatabaseTests.Fireball_IsLoaded_AsSpell_4Elixir" methodname="Fireball_IsLoaded_AsSpell_4Elixir" classname="CardDatabaseTests" runstate="Runnable" seed="2080542771" result="Passed" start-time="2026-07-04 15:22:11Z" end-time="2026-07-04 15:22:11Z" duration="0.000202" asserts="0">
          <properties />
        </test-case>
        <test-case id="1015" name="Giant_IsLoaded_AsUnit_5Elixir" fullname="CardDatabaseTests.Giant_IsLoaded_AsUnit_5Elixir" methodname="Giant_IsLoaded_AsUnit_5Elixir" classname="CardDatabaseTests" runstate="Runnable" seed="1766950147" result="Passed" start-time="2026-07-04 15:22:11Z" end-time="2026-07-04 15:22:11Z" duration="0.000156" asserts="0">
          <properties />
        </test-case>
        <test-case id="1012" name="Knight_IsLoaded_AsUnit_3Elixir" fullname="CardDatabaseTests.Knight_IsLoaded_AsUnit_3Elixir" methodname="Knight_IsLoaded_AsUnit_3Elixir" classname="CardDatabaseTests" runstate="Runnable" seed="411547868" result="Passed" start-time="2026-07-04 15:22:11Z" end-time="2026-07-04 15:22:11Z" duration="0.000158" asserts="0">
          <properties />
        </test-case>
        <test-case id="1016" name="Lightning_IsLoaded_AsSpell_6Elixir" fullname="CardDatabaseTests.Lightning_IsLoaded_AsSpell_6Elixir" methodname="Lightning_IsLoaded_AsSpell_6Elixir" classname="CardDatabaseTests" runstate="Runnable" seed="1963807193" result="Passed" start-time="2026-07-04 15:22:11Z" end-time="2026-07-04 15:22:11Z" duration="0.000144" asserts="0">
          <properties />
        </test-case>
        <test-case id="1017" name="PEKKA_IsLoaded_AsUnit" fullname="CardDatabaseTests.PEKKA_IsLoaded_AsUnit" methodname="PEKKA_IsLoaded_AsUnit" classname="CardDatabaseTests" runstate="Runnable" seed="1667730992" result="Passed" start-time="2026-07-04 15:22:11Z" end-time="2026-07-04 15:22:11Z" duration="0.000187" asserts="0">
          <properties />
        </test-case>
        <test-case id="1019" name="Zap_IsLoaded_AsSpell_2Elixir" fullname="CardDatabaseTests.Zap_IsLoaded_AsSpell_2Elixir" methodname="Zap_IsLoaded_AsSpell_2Elixir" classname="CardDatabaseTests" runstate="Runnable" seed="1158013041" result="Passed" start-time="2026-07-04 15:22:11Z" end-time="2026-07-04 15:22:11Z" duration="0.000156" asserts="0">
          <properties />
        </test-case>
      </test-suite>
      <test-suite type="TestSuite" id="1061" name="KingdomWar" fullname="KingdomWar" runstate="Runnable" testcasecount="14" result="Passed" start-time="2026-07-04 15:22:11Z" end-time="2026-07-04 15:22:14Z" duration="2.441750" total="14" passed="14" failed="0" inconclusive="0" skipped="0" asserts="0">
        <properties />
        <test-suite type="TestSuite" id="1062" name="Tests" fullname="KingdomWar.Tests" runstate="Runnable" testcasecount="14" result="Passed" start-time="2026-07-04 15:22:11Z" end-time="2026-07-04 15:22:14Z" duration="2.441209" total="14" passed="14" failed="0" inconclusive="0" skipped="0" asserts="0">
          <properties />
          <test-suite type="TestSuite" id="1063" name="PlayMode" fullname="KingdomWar.Tests.PlayMode" runstate="Runnable" testcasecount="14" result="Passed" start-time="2026-07-04 15:22:11Z" end-time="2026-07-04 15:22:14Z" duration="2.441028" total="14" passed="14" failed="0" inconclusive="0" skipped="0" asserts="0">
            <properties />
            <test-suite type="TestFixture" id="1045" name="IntegrationTests" fullname="KingdomWar.Tests.PlayMode.IntegrationTests" classname="KingdomWar.Tests.PlayMode.IntegrationTests" runstate="Runnable" testcasecount="14" result="Passed" start-time="2026-07-04 15:22:11Z" end-time="2026-07-04 15:22:14Z" duration="2.440832" total="14" passed="14" failed="0" inconclusive="0" skipped="0" asserts="0">
              <properties />
              <test-case id="1058" name="PlayerStats_AvatarIndex_SetAndGet" fullname="KingdomWar.Tests.PlayMode.IntegrationTests.PlayerStats_AvatarIndex_SetAndGet" methodname="PlayerStats_AvatarIndex_SetAndGet" classname="KingdomWar.Tests.PlayMode.IntegrationTests" runstate="Runnable" seed="1433952367" result="Passed" start-time="2026-07-04 15:22:11Z" end-time="2026-07-04 15:22:14Z" duration="2.419989" asserts="0">
                <properties>
                  <property name="_JOINTYPE" value="UnityCombinatorial" />
                </properties>
                <output><![CDATA[加载卡片: 电击
加载卡片: 电击
加载卡片: 电击
加载卡片: 电击
加载卡片: 电击
加载卡片: 电击
加载卡片: 电击
加载卡片: 电击
加载卡片: 电击
加载卡片: 电击
加载卡片: 电击
加载卡片: 电击
加载卡片: 电击
加载卡片: 电击
加载卡片: 电击
加载卡片: 电击
加载卡片: 电击
加载卡片: 电击
加载卡片: 电击
加载卡片: 电击
加载卡片: 电击
加载卡片: 电击
加载卡片: 电击
加载卡片: 电击
加载卡片: 电击
加载卡片: 电击
加载卡片: 电击
加载卡片: 电击
加载卡片: 电击
加载卡片: 电击
加载卡片: 电击
加载卡片: 电击
加载卡片: 电击
加载卡片: 电击
加载卡片: 电击
加载卡片: 电击
加载卡片: 电击
加载卡片: 电击
加载卡片: 电击
加载卡片: 电击
加载卡片: 电击
加载卡片: 电击
加载卡片: 电击
加载卡片: 电击
加载卡片: 电击
加载卡片: 电击
加载卡片: 电击
加载卡片: 电击
加载卡片: 电击
加载卡片: 电击
加载卡片: 电击
加载卡片: 电击
加载卡片: 电击
加载卡片: 电击
加载卡片: 电击
加载卡片: 电击
加载卡片: 电击
加载卡片: 电击
加载卡片: 电击
加载卡片: 电击
加载卡片: 电击
加载卡片: 电击
加载卡片: 电击
加载卡片: 电击
加载卡片: 电击
加载卡片: 电击
加载卡片: 电击
加载卡片: 电击
加载卡片: 电击
加载卡片: 电击
加载卡片: 电击
加载卡片: 电击
加载卡片: 电击
加载卡片: 电击
加载卡片: 电击
加载卡片: 电击
加载卡片: 电击
加载卡片: 电击
加载卡片: 电击
加载卡片: 电击
加载卡片: 电击
加载卡片: 电击
加载卡片: 电击
加载卡片: 电击
加载卡片: 电击
加载卡片: 电击
加载卡片: 电击
加载卡片: 电击
加载卡片: 电击
加载卡片: 电击
加载卡片: 电击
加载卡片: 电击
加载卡片: 电击
加载卡片: 电击
加载卡片: 电击
加载卡片: 电击
加载卡片: 电击
加载卡片: 电击
加载卡片: 电击
加载卡片: 电击
加载卡片: 电击
加载卡片: 电击
加载卡片: 电击
加载卡片: 电击
加载卡片: 电击
加载卡片: 电击
加载卡片: 电击
加载卡片: 电击
加载卡片: 电击
加载卡片: 电击
加载卡片: 电击
加载卡片: 电击
加载卡片: 电击
加载卡片: 电击
加载卡片: 电击
加载卡片: 电击
加载卡片: 电击
加载卡片: 电击
加载卡片: 电击
加载卡片: 电击
加载卡片: 电击
加载卡片: 电击
加载卡片: 电击
加载卡片: 电击
加载卡片: 电击
加载卡片: 电击
加载卡片: 电击
加载卡片: 电击
加载卡片: 电击
加载卡片: 电击
加载卡片: 电击
加载卡片: 电击
加载卡片: 电击
加载卡片: 电击
加载卡片: 电击
加载卡片: 电击
加载卡片: 电击
加载卡片: 电击
加载卡片: 电击
加载卡片: 电击
加载卡片: 电击
加载卡片: 电击
加载卡片: 电击
加载卡片: 电击
加载卡片: 电击
加载卡片: 电击
加载卡片: 电击
加载卡片: 电击
加载卡片: 电击
加载卡片: 电击
加载卡片: 电击
加载卡片: 电击
加载卡片: 电击
加载卡片: 电击
加载卡片: 电击
加载卡片: 电击
加载卡片: 电击
加载卡片: 电击
加载卡片: 电击
加载卡片: 电击
加载卡片: 电击
加载卡片: 电击
加载卡片: 电击
加载卡片: 电击
加载卡片: 电击
加载卡片: 电击
加载卡片: 电击
加载卡片: 电击
加载卡片: 电击
加载卡片: 电击
加载卡片: 电击
加载卡片: 电击
加载卡片: 电击
加载卡片: 电击
加载卡片: 电击
加载卡片: 电击
加载卡片: 电击
加载卡片: 电击
加载卡片: 电击
加载卡片: 电击
加载卡片: 电击
加载卡片: 电击
加载卡片: 电击
加载卡片: 电击
加载卡片: 电击
加载卡片: 电击
加载卡片: 电击
加载卡片: 电击
加载卡片: 电击
加载卡片: 电击
加载卡片: 电击
加载卡片: 电击
加载卡片: 电击
加载卡片: 电击
加载卡片: 电击
加载卡片: 电击
加载卡片: 电击
加载卡片: 电击
加载卡片: 电击
加载卡片: 电击
加载卡片: 电击
加载卡片: 电击
加载卡片: 电击
加载卡片: 电击
加载卡片: 电击
加载卡片: 电击
加载卡片: 电击
加载卡片: 电击
加载卡片: 电击
加载卡片: 电击
加载卡片: 电击
加载卡片: 电击
加载卡片: 电击
加载卡片: 电击
加载卡片: 电击
加载卡片: 电击
加载卡片: 电击
加载卡片: 电击
加载卡片: 电击
加载卡片: 电击
加载卡片: 电击
加载卡片: 电击
加载卡片: 电击
加载卡片: 电击
加载卡片: 电击
加载卡片: 电击
加载卡片: 电击
加载卡片: 电击
加载卡片: 电击
加载卡片: 电击
加载卡片: 电击
加载卡片: 电击
加载卡片: 电击
加载卡片: 电击
加载卡片: 电击
加载卡片: 电击
加载卡片: 电击
加载卡片: 电击
加载卡片: 电击
加载卡片: 电击
加载卡片: 电击
加载卡片: 电击
加载卡片: 电击
加载卡片: 电击
加载卡片: 电击
加载卡片: 电击
加载卡片: 电击
加载卡片: 电击
加载卡片: 电击
加载卡片: 电击
加载卡片: 电击
加载卡片: 电击
加载卡片: 电击
加载卡片: 电击
加载卡片: 电击
加载卡片: 电击
加载卡片: 电击
加载卡片: 电击
加载卡片: 电击
加载卡片: 电击
加载卡片: 电击
加载卡片: 电击
加载卡片: 电击
加载卡片: 电击
加载卡片: 电击
加载卡片: 电击
加载卡片: 电击
加载卡片: 电击
加载卡片: 电击
加载卡片: 电击
加载卡片: 电击
加载卡片: 电击
加载卡片: 电击
加载卡片: 电击
加载卡片: 电击
加载卡片: 电击
加载卡片: 电击
加载卡片: 电击
加载卡片: 电击
加载卡片: 电击
加载卡片: 电击
加载卡片: 电击
加载卡片: 电击
加载卡片: 电击
加载卡片: 电击
加载卡片: 电击
加载卡片: 电击
加载卡片: 电击
加载卡片: 电击
加载卡片: 电击
加载卡片: 电击
加载卡片: 电击
加载卡片: 电击
加载卡片: 电击
加载卡片: 电击
加载卡片: 电击
加载卡片: 电击
加载卡片: 电击
加载卡片: 电击
加载卡片: 电击
加载卡片: 电击
加载卡片: 电击
加载卡片: 电击
加载卡片: 电击
加载卡片: 电击
加载卡片: 电击
加载卡片: 电击
加载卡片: 电击
加载卡片: 电击
加载卡片: 电击
加载卡片: 电击
加载卡片: 电击
加载卡片: 电击
加载卡片: 电击
加载卡片: 电击
加载卡片: 电击
加载卡片: 电击
加载卡片: 电击
加载卡片: 电击
加载卡片: 电击
加载卡片: 电击
加载卡片: 电击
加载卡片: 电击
加载卡片: 电击
加载卡片: 电击
加载卡片: 电击
加载卡片: 电击
加载卡片: 电击
加载卡片: 电击
加载卡片: 电击
加载卡片: 电击
加载卡片: 电击
加载卡片: 电击
加载卡片: 电击
加载卡片: 电击
加载卡片: 电击
加载卡片: 电击
加载卡片: 电击
加载卡片: 电击
加载卡片: 电击
加载卡片: 电击
加载卡片: 电击
加载卡片: 电击
加载卡片: 电击
加载卡片: 电击
加载卡片: 电击
加载卡片: 电击
加载卡片: 电击
加载卡片: 电击
加载卡片: 电击
加载卡片: 电击
加载卡片: 电击
加载卡片: 电击
加载卡片: 电击
加载卡片: 电击
加载卡片: 电击
加载卡片: 电击
加载卡片: 电击
加载卡片: 电击
加载卡片: 电击
加载卡片: 电击
加载卡片: 电击
加载卡片: 电击
加载卡片: 电击
加载卡片: 电击
加载卡片: 电击
加载卡片: 电击
加载卡片: 电击
加载卡片: 电击
加载卡片: 电击
加载卡片: 电击
加载卡片: 电击
加载卡片: 电击
加载卡片: 电击
加载卡片: 电击
加载卡片: 电击
加载卡片: 电击
加载卡片: 电击
加载卡片: 电击
加载卡片: 电击
加载卡片: 电击
加载卡片: 电击
加载卡片: 电击
加载卡片: 电击
加载卡片: 电击
加载卡片: 电击
加载卡片: 电击
加载卡片: 电击
加载卡片: 电击
加载卡片: 电击
加载卡片: 电击
加载卡片: 电击
加载卡片: 电击
加载卡片: 电击
加载卡片: 电击
加载卡片: 电击
加载卡片: 电击
加载卡片: 电击
加载卡片: 电击
加载卡片: 电击
加载卡片: 电击
加载卡片: 电击
加载卡片: 电击
加载卡片: 电击
加载卡片: 电击
加载卡片: 电击
加载卡片: 电击
加载卡片: 电击
加载卡片: 电击
加载卡片: 电击
加载卡片: 电击
加载卡片: 电击
加载卡片: 电击
加载卡片: 电击
加载卡片: 电击
加载卡片: 电击
加载卡片: 电击
加载卡片: 电击
加载卡片: 电击
加载卡片: 电击
加载卡片: 电击
加载卡片: 电击
加载卡片: 电击
加载卡片: 电击
加载卡片: 电击
加载卡片: 电击
加载卡片: 电击
加载卡片: 电击
加载卡片: 电击
加载卡片: 电击
加载卡片: 电击
加载卡片: 电击
加载卡片: 电击
加载卡片: 电击
加载卡片: 电击
加载卡片: 电击
加载卡片: 电击
加载卡片: 电击
加载卡片: 电击
加载卡片: 电击
加载卡片: 电击
加载卡片: 电击
加载卡片: 电击
加载卡片: 电击
加载卡片: 电击
加载卡片: 电击
加载卡片: 电击
加载卡片: 电击
加载卡片: 电击
加载卡片: 电击
加载卡片: 电击
加载卡片: 电击
加载卡片: 电击
加载卡片: 电击
加载卡片: 电击
加载卡片: 电击
加载卡片: 电击
加载卡片: 电击
加载卡片: 电击
加载卡片: 电击
加载卡片: 电击
加载卡片: 电击
加载卡片: 电击
加载卡片: 电击
加载卡片: 电击
加载卡片: 电击
加载卡片: 电击
加载卡片: 电击
加载卡片: 电击
加载卡片: 电击
加载卡片: 电击
加载卡片: 电击
加载卡片: 电击
加载卡片: 电击
加载卡片: 电击
加载卡片: 电击
加载卡片: 电击
加载卡片: 电击
加载卡片: 电击
加载卡片: 电击
加载卡片: 电击
加载卡片: 电击
加载卡片: 电击
加载卡片: 电击
加载卡片: 电击
加载卡片: 电击
加载卡片: 电击
加载卡片: 电击
加载卡片: 电击
加载卡片: 电击
加载卡片: 电击
加载卡片: 电击
加载卡片: 电击
加载卡片: 电击
加载卡片: 电击
加载卡片: 电击
加载卡片: 电击
加载卡片: 电击
加载卡片: 电击
加载卡片: 电击
加载卡片: 电击
加载卡片: 电击
加载卡片: 电击
加载卡片: 电击
加载卡片: 电击
加载卡片: 电击
加载卡片: 电击
加载卡片: 电击
加载卡片: 电击
加载卡片: 电击
加载卡片: 电击
加载卡片: 电击
加载卡片: 电击
加载卡片: 电击
加载卡片: 电击
加载卡片: 电击
加载卡片: 电击
加载卡片: 电击
加载卡片: 电击
加载卡片: 电击
加载卡片: 电击
加载卡片: 电击
加载卡片: 电击
加载卡片: 电击
加载卡片: 电击
加载卡片: 电击
加载卡片: 电击
加载卡片: 电击
加载卡片: 电击
加载卡片: 电击
加载卡片: 电击
加载卡片: 电击
加载卡片: 电击
加载卡片: 电击
加载卡片: 电击
加载卡片: 电击
加载卡片: 电击
加载卡片: 电击
加载卡片: 电击
加载卡片: 电击
加载卡片: 电击
加载卡片: 电击
加载卡片: 电击
加载卡片: 电击
加载卡片: 电击
加载卡片: 电击
加载卡片: 电击
加载卡片: 电击
加载卡片: 电击
加载卡片: 电击
加载卡片: 电击
加载卡片: 电击
加载卡片: 电击
加载卡片: 电击
加载卡片: 电击
加载卡片: 电击
加载卡片: 电击
加载卡片: 电击
加载卡片: 电击
加载卡片: 电击
加载卡片: 电击
加载卡片: 电击
加载卡片: 电击
加载卡片: 电击
加载卡片: 电击
加载卡片: 电击
加载卡片: 电击
加载卡片: 电击
加载卡片: 电击
加载卡片: 电击
加载卡片: 电击
加载卡片: 电击
加载卡片: 电击
加载卡片: 电击
加载卡片: 电击
加载卡片: 电击
加载卡片: 电击
加载卡片: 电击
加载卡片: 电击
加载卡片: 电击
加载卡片: 电击
加载卡片: 电击
加载卡片: 电击
加载卡片: 电击
加载卡片: 电击
加载卡片: 电击
加载卡片: 电击
加载卡片: 电击
加载卡片: 电击
加载卡片: 电击
加载卡片: 电击
加载卡片: 电击
加载卡片: 电击
加载卡片: 电击
加载卡片: 电击
加载卡片: 电击
加载卡片: 电击
加载卡片: 电击
加载卡片: 电击
加载卡片: 电击
加载卡片: 电击
加载卡片: 电击
加载卡片: 电击
加载卡片: 电击
加载卡片: 电击
加载卡片: 电击
加载卡片: 电击
加载卡片: 电击
加载卡片: 电击
加载卡片: 电击
加载卡片: 电击
加载卡片: 电击
加载卡片: 电击
加载卡片: 电击
加载卡片: 电击
加载卡片: 电击
加载卡片: 电击
加载卡片: 电击
加载卡片: 电击
加载卡片: 电击
加载卡片: 电击
加载卡片: 电击
加载卡片: 电击
加载卡片: 电击
加载卡片: 电击
加载卡片: 电击
加载卡片: 电击
加载卡片: 电击
加载卡片: 电击
加载卡片: 电击
加载卡片: 电击
加载卡片: 电击
加载卡片: 电击
加载卡片: 电击
加载卡片: 电击
加载卡片: 电击
加载卡片: 电击
加载卡片: 电击
加载卡片: 电击
加载卡片: 电击
加载卡片: 电击
加载卡片: 电击
加载卡片: 电击
加载卡片: 电击
加载卡片: 电击
加载卡片: 电击
加载卡片: 电击
加载卡片: 电击
加载卡片: 电击
加载卡片: 电击
加载卡片: 电击
加载卡片: 电击
加载卡片: 电击
加载卡片: 电击
加载卡片: 电击
加载卡片: 电击
加载卡片: 电击
加载卡片: 电击
加载卡片: 电击
加载卡片: 电击
加载卡片: 电击
加载卡片: 电击
加载卡片: 电击
加载卡片: 电击
加载卡片: 电击
加载卡片: 电击
加载卡片: 电击
加载卡片: 电击
加载卡片: 电击
加载卡片: 电击
加载卡片: 电击
加载卡片: 电击
加载卡片: 电击
加载卡片: 电击
加载卡片: 电击
加载卡片: 电击
加载卡片: 电击
加载卡片: 电击
加载卡片: 电击
加载卡片: 电击
加载卡片: 电击
加载卡片: 电击
加载卡片: 电击
加载卡片: 电击
加载卡片: 电击
加载卡片: 电击
加载卡片: 电击
加载卡片: 电击
加载卡片: 电击
加载卡片: 电击
加载卡片: 电击
加载卡片: 电击
加载卡片: 电击
加载卡片: 电击
加载卡片: 电击
加载卡片: 电击
加载卡片: 电击
加载卡片: 电击
加载卡片: 电击
加载卡片: 电击
加载卡片: 电击
加载卡片: 电击
加载卡片: 电击
加载卡片: 电击
加载卡片: 电击
加载卡片: 电击
加载卡片: 电击
加载卡片: 电击
加载卡片: 电击
加载卡片: 电击
加载卡片: 电击
加载卡片: 电击
加载卡片: 电击
加载卡片: 电击
加载卡片: 电击
加载卡片: 电击
加载卡片: 电击
加载卡片: 电击
加载卡片: 电击
加载卡片: 电击
加载卡片: 电击
加载卡片: 电击
加载卡片: 电击
加载卡片: 电击
加载卡片: 电击
加载卡片: 电击
加载卡片: 电击
加载卡片: 电击
加载卡片: 电击
加载卡片: 电击
加载卡片: 电击
加载卡片: 电击
加载卡片: 电击
加载卡片: 电击
加载卡片: 电击
加载卡片: 电击
加载卡片: 电击
加载卡片: 电击
加载卡片: 电击
加载卡片: 电击
加载卡片: 电击
加载卡片: 电击
加载卡片: 电击
加载卡片: 电击
加载卡片: 电击
加载卡片: 电击
加载卡片: 电击
加载卡片: 电击
加载卡片: 电击
加载卡片: 电击
加载卡片: 电击
加载卡片: 电击
加载卡片: 电击
加载卡片: 电击
加载卡片: 电击
加载卡片: 电击
加载卡片: 电击
加载卡片: 电击
加载卡片: 电击
加载卡片: 电击
加载卡片: 电击
加载卡片: 电击
加载卡片: 电击
加载卡片: 电击
加载卡片: 电击
加载卡片: 电击
加载卡片: 电击
加载卡片: 电击
加载卡片: 电击
加载卡片: 电击
加载卡片: 电击
加载卡片: 电击
加载卡片: 电击
加载卡片: 电击
加载卡片: 电击
加载卡片: 电击
加载卡片: 电击
加载卡片: 电击
加载卡片: 电击
加载卡片: 电击
加载卡片: 电击
加载卡片: 电击
加载卡片: 电击
加载卡片: 电击
加载卡片: 电击
加载卡片: 电击
加载卡片: 电击
加载卡片: 电击
加载卡片: 电击
加载卡片: 电击
加载卡片: 电击
加载卡片: 电击
加载卡片: 电击
加载卡片: 电击
加载卡片: 电击
加载卡片: 电击
加载卡片: 电击
加载卡片: 电击
加载卡片: 电击
加载卡片: 电击
加载卡片: 电击
加载卡片: 电击
加载卡片: 电击
加载卡片: 电击
加载卡片: 电击
加载卡片: 电击
加载卡片: 电击
加载卡片: 电击
加载卡片: 电击
加载卡片: 电击
加载卡片: 电击
加载卡片: 电击
加载卡片: 电击
加载卡片: 电击
加载卡片: 电击
加载卡片: 电击
加载卡片: 电击
加载卡片: 电击
加载卡片: 电击
加载卡片: 电击
加载卡片: 电击
加载卡片: 电击
加载卡片: 电击
加载卡片: 电击
加载卡片: 电击
加载卡片: 电击
加载卡片: 电击
加载卡片: 电击
加载卡片: 电击
加载卡片: 电击
加载卡片: 电击
加载卡片: 电击
加载卡片: 电击
加载卡片: 电击
加载卡片: 电击
加载卡片: 电击
加载卡片: 电击
加载卡片: 电击
加载卡片: 电击
加载卡片: 电击
加载卡片: 电击
加载卡片: 电击
加载卡片: 电击
加载卡片: 电击
加载卡片: 电击
加载卡片: 电击
加载卡片: 电击
加载卡片: 电击
加载卡片: 电击
加载卡片: 电击
加载卡片: 电击
加载卡片: 电击
加载卡片: 电击
加载卡片: 电击
加载卡片: 电击
加载卡片: 电击
加载卡片: 电击
加载卡片: 电击
加载卡片: 电击
加载卡片: 电击
加载卡片: 电击
加载卡片: 电击
加载卡片: 电击
加载卡片: 电击
加载卡片: 电击
加载卡片: 电击
加载卡片: 电击
加载卡片: 电击
加载卡片: 电击
加载卡片: 电击
加载卡片: 电击
加载卡片: 电击
加载卡片: 电击
加载卡片: 电击
加载卡片: 电击
加载卡片: 电击
加载卡片: 电击
加载卡片: 电击
加载卡片: 电击
加载卡片: 电击
加载卡片: 电击
加载卡片: 电击
加载卡片: 电击
加载卡片: 电击
加载卡片: 电击
加载卡片: 电击
加载卡片: 电击
加载卡片: 电击
加载卡片: 电击
加载卡片: 电击
加载卡片: 电击
加载卡片: 电击
加载卡片: 电击
加载卡片: 电击
加载卡片: 电击
加载卡片: 电击
加载卡片: 电击
加载卡片: 电击
加载卡片: 电击
加载卡片: 电击
加载卡片: 电击
加载卡片: 电击
加载卡片: 电击
加载卡片: 电击
加载卡片: 电击
加载卡片: 电击
加载卡片: 电击
加载卡片: 电击
加载卡片: 电击
加载卡片: 电击
加载卡片: 电击
加载卡片: 电击
加载卡片: 电击
加载卡片: 电击
加载卡片: 电击
加载卡片: 电击
加载卡片: 电击
加载卡片: 电击
加载卡片: 电击
加载卡片: 电击
加载卡片: 电击
加载卡片: 电击
加载卡片: 电击
加载卡片: 电击
加载卡片: 电击
加载卡片: 电击
加载卡片: 电击
加载卡片: 电击
加载卡片: 电击
加载卡片: 电击
加载卡片: 电击
加载卡片: 电击
加载卡片: 电击
加载卡片: 电击
加载卡片: 电击
加载卡片: 电击
加载卡片: 电击
加载卡片: 电击
加载卡片: 电击
加载卡片: 电击
加载卡片: 电击
加载卡片: 电击
加载卡片: 电击
加载卡片: 电击
加载卡片: 电击
加载卡片: 电击
加载卡片: 电击
加载卡片: 电击
加载卡片: 电击
加载卡片: 电击
加载卡片: 电击
加载卡片: 电击
加载卡片: 电击
加载卡片: 电击
加载卡片: 电击
加载卡片: 电击
加载卡片: 电击
加载卡片: 电击
加载卡片: 电击
加载卡片: 电击
加载卡片: 电击
加载卡片: 电击
加载卡片: 电击
加载卡片: 电击
加载卡片: 电击
加载卡片: 电击
加载卡片: 电击
加载卡片: 电击
加载卡片: 电击
加载卡片: 电击
加载卡片: 电击
加载卡片: 电击
加载卡片: 电击
加载卡片: 电击
加载卡片: 电击
加载卡片: 电击
加载卡片: 电击
加载卡片: 电击
加载卡片: 电击
加载卡片: 电击
加载卡片: 电击
加载卡片: 电击
加载卡片: 电击
加载卡片: 电击
加载卡片: 电击
加载卡片: 电击
加载卡片: 电击
加载卡片: 电击
加载卡片: 电击
加载卡片: 电击
加载卡片: 电击
加载卡片: 电击
加载卡片: 电击
加载卡片: 电击
加载卡片: 电击
加载卡片: 电击
加载卡片: 电击
加载卡片: 电击
加载卡片: 电击
加载卡片: 电击
加载卡片: 电击
加载卡片: 电击
加载卡片: 电击
加载卡片: 电击
加载卡片: 电击
加载卡片: 电击
加载卡片: 电击
加载卡片: 电击
加载卡片: 电击
加载卡片: 电击
加载卡片: 电击
加载卡片: 电击
加载卡片: 电击
加载卡片: 电击
加载卡片: 电击
加载卡片: 电击
加载卡片: 电击
加载卡片: 电击
加载卡片: 电击
加载卡片: 电击
加载卡片: 电击
加载卡片: 电击
加载卡片: 电击
加载卡片: 电击
加载卡片: 电击
加载卡片: 电击
加载卡片: 电击
加载卡片: 电击
加载卡片: 电击
加载卡片: 电击
加载卡片: 电击
加载卡片: 电击
加载卡片: 电击
加载卡片: 电击
加载卡片: 电击
加载卡片: 电击
加载卡片: 电击
加载卡片: 电击
加载卡片: 电击
加载卡片: 电击
加载卡片: 电击
加载卡片: 电击
加载卡片: 电击
加载卡片: 电击
加载卡片: 电击
加载卡片: 电击
加载卡片: 电击
加载卡片: 电击
加载卡片: 电击
加载卡片: 电击
加载卡片: 电击
加载卡片: 电击
加载卡片: 电击
加载卡片: 电击
加载卡片: 电击
加载卡片: 电击
加载卡片: 电击
加载卡片: 电击
加载卡片: 电击
加载卡片: 电击
加载卡片: 电击
加载卡片: 电击
加载卡片: 电击
加载卡片: 电击
加载卡片: 电击
加载卡片: 电击
加载卡片: 电击
加载卡片: 电击
加载卡片: 电击
加载卡片: 电击
加载卡片: 电击
加载卡片: 电击
加载卡片: 电击
加载卡片: 电击
加载卡片: 电击
加载卡片: 电击
加载卡片: 电击
加载卡片: 电击
加载卡片: 电击
加载卡片: 电击
加载卡片: 电击
加载卡片: 电击
加载卡片: 电击
加载卡片: 电击
加载卡片: 电击
加载卡片: 电击
加载卡片: 电击
加载卡片: 电击
加载卡片: 电击
加载卡片: 电击
加载卡片: 电击
加载卡片: 电击
加载卡片: 电击
加载卡片: 电击
加载卡片: 电击
加载卡片: 电击
加载卡片: 电击
加载卡片: 电击
加载卡片: 电击
加载卡片: 电击
加载卡片: 电击
加载卡片: 电击
加载卡片: 电击
加载卡片: 电击
加载卡片: 电击
加载卡片: 电击
加载卡片: 电击
加载卡片: 电击
加载卡片: 电击
加载卡片: 电击
加载卡片: 电击
加载卡片: 电击
加载卡片: 电击
加载卡片: 电击
加载卡片: 电击
加载卡片: 电击
加载卡片: 电击
加载卡片: 电击
加载卡片: 电击
加载卡片: 电击
加载卡片: 电击
加载卡片: 电击
加载卡片: 电击
加载卡片: 电击
加载卡片: 电击
加载卡片: 电击
加载卡片: 电击
加载卡片: 电击
加载卡片: 电击
加载卡片: 电击
加载卡片: 电击
加载卡片: 电击
加载卡片: 电击
加载卡片: 电击
加载卡片: 电击
加载卡片: 电击
加载卡片: 电击
加载卡片: 电击
加载卡片: 电击
加载卡片: 电击
加载卡片: 电击
加载卡片: 电击
加载卡片: 电击
加载卡片: 电击
加载卡片: 电击
加载卡片: 电击
加载卡片: 电击
加载卡片: 电击
加载卡片: 电击
加载卡片: 电击
加载卡片: 电击
加载卡片: 电击
加载卡片: 电击
加载卡片: 电击
加载卡片: 电击
加载卡片: 电击
加载卡片: 电击
加载卡片: 电击
加载卡片: 电击
加载卡片: 电击
加载卡片: 电击
加载卡片: 电击
加载卡片: 电击
加载卡片: 电击
加载卡片: 电击
加载卡片: 电击
加载卡片: 电击
加载卡片: 电击
加载卡片: 电击
加载卡片: 电击
加载卡片: 电击
加载卡片: 电击
加载卡片: 电击
加载卡片: 电击
加载卡片: 电击
加载卡片: 电击
加载卡片: 电击
加载卡片: 电击
加载卡片: 电击
加载卡片: 电击
加载卡片: 电击
加载卡片: 电击
加载卡片: 电击
加载卡片: 电击
加载卡片: 电击
加载卡片: 电击
加载卡片: 电击
加载卡片: 电击
加载卡片: 电击
加载卡片: 电击
加载卡片: 电击
加载卡片: 电击
加载卡片: 电击
加载卡片: 电击
加载卡片: 电击
加载卡片: 电击
加载卡片: 电击
加载卡片: 电击
加载卡片: 电击
加载卡片: 电击
加载卡片: 电击
加载卡片: 电击
加载卡片: 电击
加载卡片: 电击
加载卡片: 电击
加载卡片: 电击
加载卡片: 电击
加载卡片: 电击
加载卡片: 电击
加载卡片: 电击
加载卡片: 电击
加载卡片: 电击
加载卡片: 电击
加载卡片: 电击
加载卡片: 电击
加载卡片: 电击
加载卡片: 电击
加载卡片: 电击
加载卡片: 电击
加载卡片: 电击
加载卡片: 电击
加载卡片: 电击
加载卡片: 电击
加载卡片: 电击
加载卡片: 电击
加载卡片: 电击
加载卡片: 电击
加载卡片: 电击
加载卡片: 电击
加载卡片: 电击
加载卡片: 电击
加载卡片: 电击
加载卡片: 电击
加载卡片: 电击
加载卡片: 电击
加载卡片: 电击
加载卡片: 电击
加载卡片: 电击
加载卡片: 电击
加载卡片: 电击
加载卡片: 电击
加载卡片: 电击
加载卡片: 电击
加载卡片: 电击
加载卡片: 电击
加载卡片: 电击
加载卡片: 电击
加载卡片: 电击
加载卡片: 电击
加载卡片: 电击
加载卡片: 电击
加载卡片: 电击
加载卡片: 电击
加载卡片: 电击
加载卡片: 电击
加载卡片: 电击
加载卡片: 电击
加载卡片: 电击
加载卡片: 电击
加载卡片: 电击
加载卡片: 电击
加载卡片: 电击
加载卡片: 电击
加载卡片: 电击
加载卡片: 电击
加载卡片: 电击
加载卡片: 电击
加载卡片: 电击
加载卡片: 电击
加载卡片: 电击
加载卡片: 电击
加载卡片: 电击
加载卡片: 电击
加载卡片: 电击
加载卡片: 电击
加载卡片: 电击
加载卡片: 电击
加载卡片: 电击
加载卡片: 电击
加载卡片: 电击
加载卡片: 电击
加载卡片: 电击
加载卡片: 电击
加载卡片: 电击
加载卡片: 电击
加载卡片: 电击
加载卡片: 电击
加载卡片: 电击
加载卡片: 电击
加载卡片: 电击
加载卡片: 电击
加载卡片: 电击
加载卡片: 电击
加载卡片: 电击
加载卡片: 电击
加载卡片: 电击
加载卡片: 电击
加载卡片: 电击
加载卡片: 电击
加载卡片: 电击
加载卡片: 电击
加载卡片: 电击
加载卡片: 电击
加载卡片: 电击
加载卡片: 电击
加载卡片: 电击
加载卡片: 电击
加载卡片: 电击
加载卡片: 电击
加载卡片: 电击
加载卡片: 电击
加载卡片: 电击
加载卡片: 电击
加载卡片: 电击
加载卡片: 电击
加载卡片: 电击
加载卡片: 电击
加载卡片: 电击
加载卡片: 电击
加载卡片: 电击
加载卡片: 电击
加载卡片: 电击
加载卡片: 电击
加载卡片: 电击
加载卡片: 电击
加载卡片: 电击
加载卡片: 电击
加载卡片: 电击
加载卡片: 电击
加载卡片: 电击
加载卡片: 电击
加载卡片: 电击
加载卡片: 电击
加载卡片: 电击
加载卡片: 电击
加载卡片: 电击
加载卡片: 电击
加载卡片: 电击
加载卡片: 电击
加载卡片: 电击
加载卡片: 电击
加载卡片: 电击
加载卡片: 电击
加载卡片: 电击
加载卡片: 电击
加载卡片: 电击
加载卡片: 电击
加载卡片: 电击
加载卡片: 电击
加载卡片: 电击
加载卡片: 电击
加载卡片: 电击
加载卡片: 电击
加载卡片: 电击
加载卡片: 电击
加载卡片: 电击
加载卡片: 电击
加载卡片: 电击
加载卡片: 电击
加载卡片: 电击
加载卡片: 电击
加载卡片: 电击
加载卡片: 电击
加载卡片: 电击
加载卡片: 电击
加载卡片: 电击
加载卡片: 电击
加载卡片: 电击
加载卡片: 电击
加载卡片: 电击
加载卡片: 电击
加载卡片: 电击
加载卡片: 电击
加载卡片: 电击
加载卡片: 电击
加载卡片: 电击
加载卡片: 电击
加载卡片: 电击
加载卡片: 电击
加载卡片: 电击
加载卡片: 电击
加载卡片: 电击
加载卡片: 电击
加载卡片: 电击
加载卡片: 电击
加载卡片: 电击
加载卡片: 电击
加载卡片: 电击
加载卡片: 电击
加载卡片: 电击
加载卡片: 电击
加载卡片: 电击
加载卡片: 电击
加载卡片: 电击
加载卡片: 电击
加载卡片: 电击
加载卡片: 电击
加载卡片: 电击
加载卡片: 电击
加载卡片: 电击
加载卡片: 电击
加载卡片: 电击
加载卡片: 电击
加载卡片: 电击
加载卡片: 电击
加载卡片: 电击
加载卡片: 电击
加载卡片: 电击
加载卡片: 电击
加载卡片: 电击
加载卡片: 电击
加载卡片: 电击
加载卡片: 电击
加载卡片: 电击
加载卡片: 电击
加载卡片: 电击
加载卡片: 电击
加载卡片: 电击
加载卡片: 电击
加载卡片: 电击
加载卡片: 电击
加载卡片: 电击
加载卡片: 电击
加载卡片: 电击
加载卡片: 电击
加载卡片: 电击
加载卡片: 电击
加载卡片: 电击
加载卡片: 电击
加载卡片: 电击
加载卡片: 电击
加载卡片: 电击
加载卡片: 电击
加载卡片: 电击
加载卡片: 电击
加载卡片: 电击
加载卡片: 电击
加载卡片: 电击
加载卡片: 电击
加载卡片: 电击
加载卡片: 电击
加载卡片: 电击
加载卡片: 电击
加载卡片: 电击
加载卡片: 电击
加载卡片: 电击
加载卡片: 电击
加载卡片: 电击
加载卡片: 电击
加载卡片: 电击
加载卡片: 电击
加载卡片: 电击
加载卡片: 电击
加载卡片: 电击
加载卡片: 电击
加载卡片: 电击
加载卡片: 电击
加载卡片: 电击
加载卡片: 电击
加载卡片: 电击
加载卡片: 电击
加载卡片: 电击
加载卡片: 电击
加载卡片: 电击
加载卡片: 电击
加载卡片: 电击
加载卡片: 电击
加载卡片: 电击
加载卡片: 电击
加载卡片: 电击
加载卡片: 电击
加载卡片: 电击
加载卡片: 电击
加载卡片: 电击
加载卡片: 电击
加载卡片: 电击
加载卡片: 电击
加载卡片: 电击
加载卡片: 电击
加载卡片: 电击
加载卡片: 电击
加载卡片: 电击
加载卡片: 电击
加载卡片: 电击
加载卡片: 电击
加载卡片: 电击
加载卡片: 电击
加载卡片: 电击
加载卡片: 电击
加载卡片: 电击
加载卡片: 电击
加载卡片: 电击
加载卡片: 电击
加载卡片: 电击
加载卡片: 电击
加载卡片: 电击
加载卡片: 电击
加载卡片: 电击
加载卡片: 电击
加载卡片: 电击
加载卡片: 电击
加载卡片: 电击
加载卡片: 电击
加载卡片: 电击
加载卡片: 电击
加载卡片: 电击
加载卡片: 电击
加载卡片: 电击
加载卡片: 电击
加载卡片: 电击
加载卡片: 电击
加载卡片: 电击
加载卡片: 电击
加载卡片: 电击
加载卡片: 电击
加载卡片: 电击
加载卡片: 电击
加载卡片: 电击
加载卡片: 电击
加载卡片: 电击
加载卡片: 电击
加载卡片: 电击
加载卡片: 电击
加载卡片: 电击
加载卡片: 电击
加载卡片: 电击
加载卡片: 电击
加载卡片: 电击
加载卡片: 电击
加载卡片: 电击
加载卡片: 电击
加载卡片: 电击
加载卡片: 电击
加载卡片: 电击
加载卡片: 电击
加载卡片: 电击
加载卡片: 电击
加载卡片: 电击
加载卡片: 电击
加载卡片: 电击
加载卡片: 电击
加载卡片: 电击
加载卡片: 电击
加载卡片: 电击
加载卡片: 电击
加载卡片: 电击
加载卡片: 电击
加载卡片: 电击
加载卡片: 电击
加载卡片: 电击
加载卡片: 电击
加载卡片: 电击
加载卡片: 电击
加载卡片: 电击
加载卡片: 电击
加载卡片: 电击
加载卡片: 电击
加载卡片: 电击
加载卡片: 电击
加载卡片: 电击
加载卡片: 电击
加载卡片: 电击
加载卡片: 电击
加载卡片: 电击
加载卡片: 电击
加载卡片: 电击
加载卡片: 电击
加载卡片: 电击
加载卡片: 电击
加载卡片: 电击
加载卡片: 电击
加载卡片: 电击
加载卡片: 电击
加载卡片: 电击
加载卡片: 电击
加载卡片: 电击
加载卡片: 电击
加载卡片: 电击
加载卡片: 电击
加载卡片: 电击
加载卡片: 电击
加载卡片: 电击
加载卡片: 电击
加载卡片: 电击
加载卡片: 电击
加载卡片: 电击
加载卡片: 电击
加载卡片: 电击
加载卡片: 电击
加载卡片: 电击
加载卡片: 电击
加载卡片: 电击
加载卡片: 电击
加载卡片: 电击
加载卡片: 电击
加载卡片: 电击
加载卡片: 电击
加载卡片: 电击
加载卡片: 电击
加载卡片: 电击
加载卡片: 电击
加载卡片: 电击
加载卡片: 电击
加载卡片: 电击
加载卡片: 电击
加载卡片: 电击
加载卡片: 电击
加载卡片: 电击
加载卡片: 电击
加载卡片: 电击
加载卡片: 电击
加载卡片: 电击
加载卡片: 电击
加载卡片: 电击
加载卡片: 电击
加载卡片: 电击
加载卡片: 电击
加载卡片: 电击
加载卡片: 电击
加载卡片: 电击
加载卡片: 电击
加载卡片: 电击
加载卡片: 电击
加载卡片: 电击
加载卡片: 电击
加载卡片: 电击
加载卡片: 电击
加载卡片: 电击
加载卡片: 电击
加载卡片: 电击
加载卡片: 电击
加载卡片: 电击
加载卡片: 电击
加载卡片: 电击
加载卡片: 电击
加载卡片: 电击
加载卡片: 电击
加载卡片: 电击
加载卡片: 电击
加载卡片: 电击
加载卡片: 电击
加载卡片: 电击
加载卡片: 电击
加载卡片: 电击
加载卡片: 电击
加载卡片: 电击
加载卡片: 电击
加载卡片: 电击
加载卡片: 电击
加载卡片: 电击
加载卡片: 电击
加载卡片: 电击
加载卡片: 电击
加载卡片: 电击
加载卡片: 电击
加载卡片: 电击
加载卡片: 电击
加载卡片: 电击
加载卡片: 电击
加载卡片: 电击
加载卡片: 电击
加载卡片: 电击
加载卡片: 电击
加载卡片: 电击
加载卡片: 电击
加载卡片: 电击
加载卡片: 电击
加载卡片: 电击
加载卡片: 电击
加载卡片: 电击
加载卡片: 电击
加载卡片: 电击
加载卡片: 电击
加载卡片: 电击
加载卡片: 电击
加载卡片: 电击
加载卡片: 电击
加载卡片: 电击
加载卡片: 电击
加载卡片: 电击
加载卡片: 电击
加载卡片: 电击
加载卡片: 电击
加载卡片: 电击
加载卡片: 电击
加载卡片: 电击
加载卡片: 电击
加载卡片: 电击
加载卡片: 电击
加载卡片: 电击
加载卡片: 电击
加载卡片: 电击
加载卡片: 电击
加载卡片: 电击
加载卡片: 电击
加载卡片: 电击
加载卡片: 电击
加载卡片: 电击
加载卡片: 电击
加载卡片: 电击
加载卡片: 电击
加载卡片: 电击
加载卡片: 电击
加载卡片: 电击
加载卡片: 电击
加载卡片: 电击
加载卡片: 电击
加载卡片: 电击
加载卡片: 电击
加载卡片: 电击
加载卡片: 电击
加载卡片: 电击
加载卡片: 电击
加载卡片: 电击
加载卡片: 电击
加载卡片: 电击
加载卡片: 电击
加载卡片: 电击
加载卡片: 电击
加载卡片: 电击
加载卡片: 电击
加载卡片: 电击
加载卡片: 电击
加载卡片: 电击
加载卡片: 电击
加载卡片: 电击
加载卡片: 电击
加载卡片: 电击
加载卡片: 电击
加载卡片: 电击
加载卡片: 电击
加载卡片: 电击
加载卡片: 电击
加载卡片: 电击
加载卡片: 电击
加载卡片: 电击
加载卡片: 电击
加载卡片: 电击
加载卡片: 电击
加载卡片: 电击
加载卡片: 电击
加载卡片: 电击
加载卡片: 电击
加载卡片: 电击
加载卡片: 电击
加载卡片: 电击
加载卡片: 电击
加载卡片: 电击
加载卡片: 电击
加载卡片: 电击
加载卡片: 电击
加载卡片: 电击
加载卡片: 电击
加载卡片: 电击
加载卡片: 电击
加载卡片: 电击
加载卡片: 电击
加载卡片: 电击
加载卡片: 电击
加载卡片: 电击
加载卡片: 电击
加载卡片: 电击
加载卡片: 电击
加载卡片: 电击
加载卡片: 电击
加载卡片: 电击
加载卡片: 电击
加载卡片: 电击
加载卡片: 电击
加载卡片: 电击
加载卡片: 电击
加载卡片: 电击
加载卡片: 电击
加载卡片: 电击
加载卡片: 电击
加载卡片: 电击
加载卡片: 电击
加载卡片: 电击
加载卡片: 电击
加载卡片: 电击
加载卡片: 电击
加载卡片: 电击
加载卡片: 电击
加载卡片: 电击
加载卡片: 电击
加载卡片: 电击
加载卡片: 电击
加载卡片: 电击
加载卡片: 电击
加载卡片: 电击
加载卡片: 电击
加载卡片: 电击
加载卡片: 电击
加载卡片: 电击
加载卡片: 电击
加载卡片: 电击
加载卡片: 电击
加载卡片: 电击
加载卡片: 电击
加载卡片: 电击
加载卡片: 电击
加载卡片: 电击
加载卡片: 电击
加载卡片: 电击
加载卡片: 电击
加载卡片: 电击
加载卡片: 电击
加载卡片: 电击
加载卡片: 电击
加载卡片: 电击
加载卡片: 电击
加载卡片: 电击
加载卡片: 电击
加载卡片: 电击
加载卡片: 电击
加载卡片: 电击
加载卡片: 电击
加载卡片: 电击
加载卡片: 电击
加载卡片: 电击
加载卡片: 电击
加载卡片: 电击
加载卡片: 电击
加载卡片: 电击
加载卡片: 电击
加载卡片: 电击
加载卡片: 电击
加载卡片: 电击
加载卡片: 电击
加载卡片: 电击
加载卡片: 电击
加载卡片: 电击
加载卡片: 电击
加载卡片: 电击
加载卡片: 电击
加载卡片: 电击
加载卡片: 电击
加载卡片: 电击
加载卡片: 电击
加载卡片: 电击
加载卡片: 电击
加载卡片: 电击
加载卡片: 电击
加载卡片: 电击
加载卡片: 电击
加载卡片: 电击
加载卡片: 电击
加载卡片: 电击
加载卡片: 电击
加载卡片: 电击
加载卡片: 电击
加载卡片: 电击
加载卡片: 电击
加载卡片: 电击
加载卡片: 电击
加载卡片: 电击
加载卡片: 电击
加载卡片: 电击
加载卡片: 电击
加载卡片: 电击
加载卡片: 电击
加载卡片: 电击
加载卡片: 电击
加载卡片: 电击
加载卡片: 电击
加载卡片: 电击
加载卡片: 电击
加载卡片: 电击
加载卡片: 电击
加载卡片: 电击
加载卡片: 电击
加载卡片: 电击
加载卡片: 电击
加载卡片: 电击
加载卡片: 电击
加载卡片: 电击
加载卡片: 电击
加载卡片: 电击
加载卡片: 电击
加载卡片: 电击
加载卡片: 电击
加载卡片: 电击
加载卡片: 电击
加载卡片: 电击
加载卡片: 电击
加载卡片: 电击
加载卡片: 电击
加载卡片: 电击
加载卡片: 电击
加载卡片: 电击
加载卡片: 电击
加载卡片: 电击
加载卡片: 电击
加载卡片: 电击
加载卡片: 电击
加载卡片: 电击
加载卡片: 电击
加载卡片: 电击
加载卡片: 电击
加载卡片: 电击
加载卡片: 电击
加载卡片: 电击
加载卡片: 电击
加载卡片: 电击
加载卡片: 电击
加载卡片: 电击
加载卡片: 电击
加载卡片: 电击
加载卡片: 电击
加载卡片: 电击
加载卡片: 电击
加载卡片: 电击
加载卡片: 电击
加载卡片: 电击
加载卡片: 电击
加载卡片: 电击
加载卡片: 电击
加载卡片: 电击
加载卡片: 电击
加载卡片: 电击
加载卡片: 电击
加载卡片: 电击
加载卡片: 电击
加载卡片: 电击
加载卡片: 电击
加载卡片: 电击
加载卡片: 电击
加载卡片: 电击
加载卡片: 电击
加载卡片: 电击
加载卡片: 电击
加载卡片: 电击
加载卡片: 电击
加载卡片: 电击
加载卡片: 电击
加载卡片: 电击
加载卡片: 电击
加载卡片: 电击
加载卡片: 电击
加载卡片: 电击
加载卡片: 电击
加载卡片: 电击
加载卡片: 电击
加载卡片: 电击
加载卡片: 电击
加载卡片: 电击
加载卡片: 电击
加载卡片: 电击
加载卡片: 电击
加载卡片: 电击
加载卡片: 电击
加载卡片: 电击
加载卡片: 电击
加载卡片: 电击
加载卡片: 电击
加载卡片: 电击
加载卡片: 电击
加载卡片: 电击
加载卡片: 电击
加载卡片: 电击
加载卡片: 电击
加载卡片: 电击
加载卡片: 电击
加载卡片: 电击
加载卡片: 电击
加载卡片: 电击
加载卡片: 电击
加载卡片: 电击
加载卡片: 电击
加载卡片: 电击
加载卡片: 电击
加载卡片: 电击
加载卡片: 电击
加载卡片: 电击
加载卡片: 电击
加载卡片: 电击
加载卡片: 电击
加载卡片: 电击
加载卡片: 电击
加载卡片: 电击
加载卡片: 电击
加载卡片: 电击
加载卡片: 电击
加载卡片: 电击
加载卡片: 电击
加载卡片: 电击
加载卡片: 电击
加载卡片: 电击
加载卡片: 电击
加载卡片: 电击
加载卡片: 电击
加载卡片: 电击
加载卡片: 电击
加载卡片: 电击
加载卡片: 电击
加载卡片: 电击
加载卡片: 电击
加载卡片: 电击
加载卡片: 电击
加载卡片: 电击
加载卡片: 电击
加载卡片: 电击
加载卡片: 电击
加载卡片: 电击
加载卡片: 电击
加载卡片: 电击
加载卡片: 电击
加载卡片: 电击
加载卡片: 电击
加载卡片: 电击
加载卡片: 电击
加载卡片: 电击
加载卡片: 电击
加载卡片: 电击
加载卡片: 电击
加载卡片: 电击
加载卡片: 电击
加载卡片: 电击
加载卡片: 电击
加载卡片: 电击
加载卡片: 电击
加载卡片: 电击
加载卡片: 电击
加载卡片: 电击
加载卡片: 电击
加载卡片: 电击
加载卡片: 电击
加载卡片: 电击
加载卡片: 电击
加载卡片: 电击
加载卡片: 电击
加载卡片: 电击
加载卡片: 电击
加载卡片: 电击
加载卡片: 电击
加载卡片: 电击
加载卡片: 电击
加载卡片: 电击
加载卡片: 电击
加载卡片: 电击
加载卡片: 电击
加载卡片: 电击
加载卡片: 电击
加载卡片: 电击
加载卡片: 电击
加载卡片: 电击
加载卡片: 电击
加载卡片: 电击
加载卡片: 电击
加载卡片: 电击
加载卡片: 电击
加载卡片: 电击
加载卡片: 电击
加载卡片: 电击
加载卡片: 电击
加载卡片: 电击
加载卡片: 电击
加载卡片: 电击
加载卡片: 电击
加载卡片: 电击
加载卡片: 电击
加载卡片: 电击
加载卡片: 电击
加载卡片: 电击
加载卡片: 电击
加载卡片: 电击
加载卡片: 电击
加载卡片: 电击
加载卡片: 电击
加载卡片: 电击
加载卡片: 电击
加载卡片: 电击
加载卡片: 电击
加载卡片: 电击
加载卡片: 电击
加载卡片: 电击
加载卡片: 电击
加载卡片: 电击
加载卡片: 电击
加载卡片: 电击
加载卡片: 电击
加载卡片: 电击
加载卡片: 电击
加载卡片: 电击
加载卡片: 电击
加载卡片: 电击
加载卡片: 电击
加载卡片: 电击
加载卡片: 电击
加载卡片: 电击
加载卡片: 电击
加载卡片: 电击
加载卡片: 电击
加载卡片: 电击
加载卡片: 电击
加载卡片: 电击
加载卡片: 电击
加载卡片: 电击
加载卡片: 电击
加载卡片: 电击
加载卡片: 电击
加载卡片: 电击
加载卡片: 电击
加载卡片: 电击
加载卡片: 电击
加载卡片: 电击
加载卡片: 电击
加载卡片: 电击
加载卡片: 电击
加载卡片: 电击
加载卡片: 电击
加载卡片: 电击
加载卡片: 电击
加载卡片: 电击
加载卡片: 电击
加载卡片: 电击
加载卡片: 电击
加载卡片: 电击
加载卡片: 电击
加载卡片: 电击
加载卡片: 电击
加载卡片: 电击
加载卡片: 电击
加载卡片: 电击
加载卡片: 电击
加载卡片: 电击
加载卡片: 电击
加载卡片: 电击
加载卡片: 电击
加载卡片: 电击
加载卡片: 电击
加载卡片: 电击
加载卡片: 电击
加载卡片: 电击
加载卡片: 电击
加载卡片: 电击
加载卡片: 电击
加载卡片: 电击
加载卡片: 电击
加载卡片: 电击
加载卡片: 电击
加载卡片: 电击
加载卡片: 电击
加载卡片: 电击
加载卡片: 电击
加载卡片: 电击
加载卡片: 电击
加载卡片: 电击
加载卡片: 电击
加载卡片: 电击
加载卡片: 电击
加载卡片: 电击
加载卡片: 电击
加载卡片: 电击
加载卡片: 电击
加载卡片: 电击
加载卡片: 电击
加载卡片: 电击
加载卡片: 电击
加载卡片: 电击
加载卡片: 电击
加载卡片: 电击
加载卡片: 电击
加载卡片: 电击
加载卡片: 电击
加载卡片: 电击
加载卡片: 电击
加载卡片: 电击
加载卡片: 电击
加载卡片: 电击
加载卡片: 电击
加载卡片: 电击
加载卡片: 电击
加载卡片: 电击
加载卡片: 电击
加载卡片: 电击
加载卡片: 电击
加载卡片: 电击
加载卡片: 电击
加载卡片: 电击
加载卡片: 电击
加载卡片: 电击
加载卡片: 电击
加载卡片: 电击
加载卡片: 电击
加载卡片: 电击
加载卡片: 电击
加载卡片: 电击
加载卡片: 电击
加载卡片: 电击
加载卡片: 电击
加载卡片: 电击
加载卡片: 电击
加载卡片: 电击
加载卡片: 电击
加载卡片: 电击
加载卡片: 电击
加载卡片: 电击
加载卡片: 电击
加载卡片: 电击
加载卡片: 电击
加载卡片: 电击
加载卡片: 电击
加载卡片: 电击
加载卡片: 电击
加载卡片: 电击
加载卡片: 电击
加载卡片: 电击
加载卡片: 电击
加载卡片: 电击
加载卡片: 电击
加载卡片: 电击
加载卡片: 电击
加载卡片: 电击
加载卡片: 电击
加载卡片: 电击
加载卡片: 电击
加载卡片: 电击
加载卡片: 电击
加载卡片: 电击
加载卡片: 电击
加载卡片: 电击
加载卡片: 电击
加载卡片: 电击
加载卡片: 电击
加载卡片: 电击
加载卡片: 电击
加载卡片: 电击
加载卡片: 电击
加载卡片: 电击
加载卡片: 电击
加载卡片: 电击
加载卡片: 电击
加载卡片: 电击
加载卡片: 电击
加载卡片: 电击
加载卡片: 电击
加载卡片: 电击
加载卡片: 电击
加载卡片: 电击
加载卡片: 电击
加载卡片: 电击
加载卡片: 电击
加载卡片: 电击
加载卡片: 电击
加载卡片: 电击
加载卡片: 电击
加载卡片: 电击
加载卡片: 电击
加载卡片: 电击
加载卡片: 电击
加载卡片: 电击
加载卡片: 电击
加载卡片: 电击
加载卡片: 电击
加载卡片: 电击
加载卡片: 电击
加载卡片: 电击
加载卡片: 电击
加载卡片: 电击
加载卡片: 电击
加载卡片: 电击
加载卡片: 电击
加载卡片: 电击
加载卡片: 电击
加载卡片: 电击
加载卡片: 电击
加载卡片: 电击
加载卡片: 电击
加载卡片: 电击
加载卡片: 电击
加载卡片: 电击
加载卡片: 电击
加载卡片: 电击
加载卡片: 电击
加载卡片: 电击
加载卡片: 电击
加载卡片: 电击
加载卡片: 电击
加载卡片: 电击
加载卡片: 电击
加载卡片: 电击
加载卡片: 电击
加载卡片: 电击
加载卡片: 电击
加载卡片: 电击
加载卡片: 电击
加载卡片: 电击
加载卡片: 电击
加载卡片: 电击
加载卡片: 电击
加载卡片: 电击
加载卡片: 电击
加载卡片: 电击
加载卡片: 电击
加载卡片: 电击
加载卡片: 电击
加载卡片: 电击
加载卡片: 电击
加载卡片: 电击
加载卡片: 电击
加载卡片: 电击
加载卡片: 电击
加载卡片: 电击
加载卡片: 电击
加载卡片: 电击
加载卡片: 电击
加载卡片: 电击
加载卡片: 电击
加载卡片: 电击
加载卡片: 电击
加载卡片: 电击
加载卡片: 电击
加载卡片: 电击
加载卡片: 电击
加载卡片: 电击
加载卡片: 电击
加载卡片: 电击
加载卡片: 电击
加载卡片: 电击
加载卡片: 电击
加载卡片: 电击
加载卡片: 电击
加载卡片: 电击
加载卡片: 电击
加载卡片: 电击
加载卡片: 电击
加载卡片: 电击
加载卡片: 电击
加载卡片: 电击
加载卡片: 电击
加载卡片: 电击
加载卡片: 电击
加载卡片: 电击
加载卡片: 电击
加载卡片: 电击
加载卡片: 电击
加载卡片: 电击
加载卡片: 电击
加载卡片: 电击
加载卡片: 电击
加载卡片: 电击
加载卡片: 电击
加载卡片: 电击
加载卡片: 电击
加载卡片: 电击
加载卡片: 电击
加载卡片: 电击
加载卡片: 电击
加载卡片: 电击
加载卡片: 电击
加载卡片: 电击
加载卡片: 电击
加载卡片: 电击
加载卡片: 电击
加载卡片: 电击
加载卡片: 电击
加载卡片: 电击
加载卡片: 电击
加载卡片: 电击
加载卡片: 电击
加载卡片: 电击
加载卡片: 电击
加载卡片: 电击
加载卡片: 电击
加载卡片: 电击
加载卡片: 电击
加载卡片: 电击
加载卡片: 电击
加载卡片: 电击
加载卡片: 电击
加载卡片: 电击
加载卡片: 电击
加载卡片: 电击
加载卡片: 电击
加载卡片: 电击
加载卡片: 电击
加载卡片: 电击
加载卡片: 电击
加载卡片: 电击
加载卡片: 电击
加载卡片: 电击
加载卡片: 电击
加载卡片: 电击
加载卡片: 电击
加载卡片: 电击
加载卡片: 电击
加载卡片: 电击
加载卡片: 电击
加载卡片: 电击
加载卡片: 电击
加载卡片: 电击
加载卡片: 电击
加载卡片: 电击
加载卡片: 电击
加载卡片: 电击
加载卡片: 电击
加载卡片: 电击
加载卡片: 电击
加载卡片: 电击
加载卡片: 电击
加载卡片: 电击
加载卡片: 电击
加载卡片: 电击
加载卡片: 电击
加载卡片: 电击
加载卡片: 电击
加载卡片: 电击
加载卡片: 电击
加载卡片: 电击
加载卡片: 电击
加载卡片: 电击
加载卡片: 电击
加载卡片: 电击
加载卡片: 电击
加载卡片: 电击
加载卡片: 电击
加载卡片: 电击
加载卡片: 电击
加载卡片: 电击
加载卡片: 电击
加载卡片: 电击
加载卡片: 电击
加载卡片: 电击
加载卡片: 电击
加载卡片: 电击
加载卡片: 电击
加载卡片: 电击
加载卡片: 电击
加载卡片: 电击
加载卡片: 电击
加载卡片: 电击
加载卡片: 电击
加载卡片: 电击
加载卡片: 电击
加载卡片: 电击
加载卡片: 电击
加载卡片: 电击
加载卡片: 电击
加载卡片: 电击
加载卡片: 电击
加载卡片: 电击
加载卡片: 电击
加载卡片: 电击
加载卡片: 电击
加载卡片: 电击
加载卡片: 电击
加载卡片: 电击
加载卡片: 电击
加载卡片: 电击
加载卡片: 电击
加载卡片: 电击
加载卡片: 电击
加载卡片: 电击
加载卡片: 电击
加载卡片: 电击
加载卡片: 电击
加载卡片: 电击
加载卡片: 电击
加载卡片: 电击
加载卡片: 电击
加载卡片: 电击
加载卡片: 电击
加载卡片: 电击
加载卡片: 电击
加载卡片: 电击
加载卡片: 电击
加载卡片: 电击
加载卡片: 电击
加载卡片: 电击
加载卡片: 电击
加载卡片: 电击
加载卡片: 电击
加载卡片: 电击
加载卡片: 电击
加载卡片: 电击
加载卡片: 电击
加载卡片: 电击
加载卡片: 电击
加载卡片: 电击
加载卡片: 电击
加载卡片: 电击
加载卡片: 电击
加载卡片: 电击
加载卡片: 电击
加载卡片: 电击
加载卡片: 电击
加载卡片: 电击
加载卡片: 电击
加载卡片: 电击
加载卡片: 电击
加载卡片: 电击
加载卡片: 电击
加载卡片: 电击
加载卡片: 电击
加载卡片: 电击
加载卡片: 电击
加载卡片: 电击
加载卡片: 电击
加载卡片: 电击
加载卡片: 电击
加载卡片: 电击
加载卡片: 电击
加载卡片: 电击
加载卡片: 电击
加载卡片: 电击
加载卡片: 电击
加载卡片: 电击
加载卡片: 电击
加载卡片: 电击
加载卡片: 电击
加载卡片: 电击
加载卡片: 电击
加载卡片: 电击
加载卡片: 电击
加载卡片: 电击
加载卡片: 电击
加载卡片: 电击
加载卡片: 电击
加载卡片: 电击
加载卡片: 电击
加载卡片: 电击
加载卡片: 电击
加载卡片: 电击
加载卡片: 电击
加载卡片: 电击
加载卡片: 电击
加载卡片: 电击
加载卡片: 电击
加载卡片: 电击
加载卡片: 电击
加载卡片: 电击
加载卡片: 电击
加载卡片: 电击
加载卡片: 电击
加载卡片: 电击
加载卡片: 电击
加载卡片: 电击
加载卡片: 电击
加载卡片: 电击
加载卡片: 电击
加载卡片: 电击
加载卡片: 电击
加载卡片: 电击
加载卡片: 电击
加载卡片: 电击
加载卡片: 电击
加载卡片: 电击
加载卡片: 电击
加载卡片: 电击
加载卡片: 电击
加载卡片: 电击
加载卡片: 电击
加载卡片: 电击
加载卡片: 电击
加载卡片: 电击
加载卡片: 电击
加载卡片: 电击
加载卡片: 电击
加载卡片: 电击
加载卡片: 电击
加载卡片: 电击
加载卡片: 电击
加载卡片: 电击
加载卡片: 电击
加载卡片: 电击
加载卡片: 电击
加载卡片: 电击
加载卡片: 电击
加载卡片: 电击
加载卡片: 电击
加载卡片: 电击
加载卡片: 电击
加载卡片: 电击
加载卡片: 电击
加载卡片: 电击
加载卡片: 电击
加载卡片: 电击
加载卡片: 电击
加载卡片: 电击
加载卡片: 电击
加载卡片: 电击
加载卡片: 电击
加载卡片: 电击
加载卡片: 电击
加载卡片: 电击
加载卡片: 电击
加载卡片: 电击
加载卡片: 电击
加载卡片: 电击
加载卡片: 电击
加载卡片: 电击
加载卡片: 电击
加载卡片: 电击
加载卡片: 电击
加载卡片: 电击
加载卡片: 电击
加载卡片: 电击
加载卡片: 电击
加载卡片: 电击
加载卡片: 电击
加载卡片: 电击
加载卡片: 电击
加载卡片: 电击
加载卡片: 电击
加载卡片: 电击
加载卡片: 电击
加载卡片: 电击
加载卡片: 电击
加载卡片: 电击
加载卡片: 电击
加载卡片: 电击
加载卡片: 电击
加载卡片: 电击
加载卡片: 电击
加载卡片: 电击
加载卡片: 电击
加载卡片: 电击
加载卡片: 电击
加载卡片: 电击
加载卡片: 电击
加载卡片: 电击
加载卡片: 电击
加载卡片: 电击
加载卡片: 电击
加载卡片: 电击
加载卡片: 电击
加载卡片: 电击
加载卡片: 电击
加载卡片: 电击
加载卡片: 电击
加载卡片: 电击
加载卡片: 电击
加载卡片: 电击
加载卡片: 电击
加载卡片: 电击
加载卡片: 电击
加载卡片: 电击
加载卡片: 电击
加载卡片: 电击
加载卡片: 电击
加载卡片: 电击
加载卡片: 电击
加载卡片: 电击
加载卡片: 电击
加载卡片: 电击
加载卡片: 电击
加载卡片: 电击
加载卡片: 电击
加载卡片: 电击
加载卡片: 电击
加载卡片: 电击
加载卡片: 电击
加载卡片: 电击
加载卡片: 电击
加载卡片: 电击
加载卡片: 电击
加载卡片: 电击
加载卡片: 电击
加载卡片: 电击
加载卡片: 电击
加载卡片: 电击
加载卡片: 电击
加载卡片: 电击
加载卡片: 电击
加载卡片: 电击
加载卡片: 电击
加载卡片: 电击
加载卡片: 电击
加载卡片: 电击
加载卡片: 电击
加载卡片: 电击
加载卡片: 电击
加载卡片: 电击
加载卡片: 电击
加载卡片: 电击
加载卡片: 电击
加载卡片: 电击
加载卡片: 电击
加载卡片: 电击
加载卡片: 电击
加载卡片: 电击
加载卡片: 电击
加载卡片: 电击
加载卡片: 电击
加载卡片: 电击
加载卡片: 电击
加载卡片: 电击
加载卡片: 电击
加载卡片: 电击
加载卡片: 电击
加载卡片: 电击
加载卡片: 电击
加载卡片: 电击
加载卡片: 电击
加载卡片: 电击
加载卡片: 电击
加载卡片: 电击
加载卡片: 电击
加载卡片: 电击
加载卡片: 电击
加载卡片: 电击
加载卡片: 电击
加载卡片: 电击
加载卡片: 电击
加载卡片: 电击
加载卡片: 电击
加载卡片: 电击
加载卡片: 电击
加载卡片: 电击
加载卡片: 电击
加载卡片: 电击
加载卡片: 电击
加载卡片: 电击
加载卡片: 电击
加载卡片: 电击
加载卡片: 电击
加载卡片: 电击
加载卡片: 电击
加载卡片: 电击
加载卡片: 电击
加载卡片: 电击
加载卡片: 电击
加载卡片: 电击
加载卡片: 电击
加载卡片: 电击
加载卡片: 电击
加载卡片: 电击
加载卡片: 电击
加载卡片: 电击
加载卡片: 电击
加载卡片: 电击
加载卡片: 电击
加载卡片: 电击
加载卡片: 电击
加载卡片: 电击
加载卡片: 电击
加载卡片: 电击
加载卡片: 电击
加载卡片: 电击
加载卡片: 电击
加载卡片: 电击
加载卡片: 电击
加载卡片: 电击
加载卡片: 电击
加载卡片: 电击
加载卡片: 电击
加载卡片: 电击
加载卡片: 电击
加载卡片: 电击
加载卡片: 电击
加载卡片: 电击
加载卡片: 电击
加载卡片: 电击
加载卡片: 电击
加载卡片: 电击
加载卡片: 电击
加载卡片: 电击
加载卡片: 电击
加载卡片: 电击
加载卡片: 电击
加载卡片: 电击
加载卡片: 电击
加载卡片: 电击
加载卡片: 电击
加载卡片: 电击
加载卡片: 电击
加载卡片: 电击
加载卡片: 电击
加载卡片: 电击
加载卡片: 电击
加载卡片: 电击
加载卡片: 电击
加载卡片: 电击
加载卡片: 电击
加载卡片: 电击
加载卡片: 电击
加载卡片: 电击
加载卡片: 电击
加载卡片: 电击
加载卡片: 电击
加载卡片: 电击
加载卡片: 电击
加载卡片: 电击
加载卡片: 电击
加载卡片: 电击
加载卡片: 电击
加载卡片: 电击
加载卡片: 电击
加载卡片: 电击
加载卡片: 电击
加载卡片: 电击
加载卡片: 电击
加载卡片: 电击
加载卡片: 电击
加载卡片: 电击
加载卡片: 电击
加载卡片: 电击
加载卡片: 电击
加载卡片: 电击
加载卡片: 电击
加载卡片: 电击
加载卡片: 电击
加载卡片: 电击
加载卡片: 电击
加载卡片: 电击
加载卡片: 电击
加载卡片: 电击
加载卡片: 电击
加载卡片: 电击
加载卡片: 电击
加载卡片: 电击
加载卡片: 电击
加载卡片: 电击
加载卡片: 电击
加载卡片: 电击
加载卡片: 电击
加载卡片: 电击
加载卡片: 电击
加载卡片: 电击
加载卡片: 电击
加载卡片: 电击
加载卡片: 电击
加载卡片: 电击
加载卡片: 电击
加载卡片: 电击
加载卡片: 电击
加载卡片: 电击
加载卡片: 电击
加载卡片: 电击
加载卡片: 电击
加载卡片: 电击
加载卡片: 电击
加载卡片: 电击
加载卡片: 电击
加载卡片: 电击
加载卡片: 电击
加载卡片: 电击
加载卡片: 电击
加载卡片: 电击
加载卡片: 电击
加载卡片: 电击
加载卡片: 电击
加载卡片: 电击
加载卡片: 电击
加载卡片: 电击
加载卡片: 电击
加载卡片: 电击
加载卡片: 电击
加载卡片: 电击
加载卡片: 电击
加载卡片: 电击
加载卡片: 电击
加载卡片: 电击
加载卡片: 电击
加载卡片: 电击
加载卡片: 电击
加载卡片: 电击
加载卡片: 电击
加载卡片: 电击
加载卡片: 电击
加载卡片: 电击
加载卡片: 电击
加载卡片: 电击
加载卡片: 电击
加载卡片: 电击
加载卡片: 电击
加载卡片: 电击
加载卡片: 电击
加载卡片: 电击
加载卡片: 电击
加载卡片: 电击
加载卡片: 电击
加载卡片: 电击
加载卡片: 电击
加载卡片: 电击
加载卡片: 电击
加载卡片: 电击
加载卡片: 电击
加载卡片: 电击
加载卡片: 电击
加载卡片: 电击
加载卡片: 电击
加载卡片: 电击
加载卡片: 电击
加载卡片: 电击
加载卡片: 电击
加载卡片: 电击
加载卡片: 电击
加载卡片: 电击
加载卡片: 电击
加载卡片: 电击
加载卡片: 电击
加载卡片: 电击
加载卡片: 电击
加载卡片: 电击
加载卡片: 电击
加载卡片: 电击
加载卡片: 电击
加载卡片: 电击
加载卡片: 电击
加载卡片: 电击
加载卡片: 电击
加载卡片: 电击
加载卡片: 电击
加载卡片: 电击
加载卡片: 电击
加载卡片: 电击
加载卡片: 电击
加载卡片: 电击
加载卡片: 电击
加载卡片: 电击
加载卡片: 电击
加载卡片: 电击
加载卡片: 电击
加载卡片: 电击
加载卡片: 电击
加载卡片: 电击
加载卡片: 电击
加载卡片: 电击
加载卡片: 电击
加载卡片: 电击
加载卡片: 电击
加载卡片: 电击
加载卡片: 电击
加载卡片: 电击
加载卡片: 电击
加载卡片: 电击
加载卡片: 电击
加载卡片: 电击
加载卡片: 电击
加载卡片: 电击
加载卡片: 电击
加载卡片: 电击
加载卡片: 电击
加载卡片: 电击
加载卡片: 电击
加载卡片: 电击
加载卡片: 电击
加载卡片: 电击
加载卡片: 电击
加载卡片: 电击
加载卡片: 电击
加载卡片: 电击
加载卡片: 电击
加载卡片: 电击
加载卡片: 电击
加载卡片: 电击
加载卡片: 电击
加载卡片: 电击
加载卡片: 电击
加载卡片: 电击
加载卡片: 电击
加载卡片: 电击
加载卡片: 电击
加载卡片: 电击
加载卡片: 电击
加载卡片: 电击
加载卡片: 电击
加载卡片: 电击
加载卡片: 电击
加载卡片: 电击
加载卡片: 电击
加载卡片: 电击
加载卡片: 电击
加载卡片: 电击
加载卡片: 电击
加载卡片: 电击
加载卡片: 电击
加载卡片: 电击
加载卡片: 电击
加载卡片: 电击
加载卡片: 电击
加载卡片: 电击
加载卡片: 电击
加载卡片: 电击
加载卡片: 电击
加载卡片: 电击
加载卡片: 电击
加载卡片: 电击
加载卡片: 电击
加载卡片: 电击
加载卡片: 电击
加载卡片: 电击
加载卡片: 电击
加载卡片: 电击
加载卡片: 电击
加载卡片: 电击
加载卡片: 电击
加载卡片: 电击
加载卡片: 电击
加载卡片: 电击
加载卡片: 电击
加载卡片: 电击
加载卡片: 电击
加载卡片: 电击
加载卡片: 电击
加载卡片: 电击
加载卡片: 电击
加载卡片: 电击
加载卡片: 电击
加载卡片: 电击
加载卡片: 电击
加载卡片: 电击
加载卡片: 电击
加载卡片: 电击
加载卡片: 电击
加载卡片: 电击
加载卡片: 电击
加载卡片: 电击
加载卡片: 电击
加载卡片: 电击
加载卡片: 电击
加载卡片: 电击
加载卡片: 电击
加载卡片: 电击
加载卡片: 电击
加载卡片: 电击
加载卡片: 电击
加载卡片: 电击
加载卡片: 电击
加载卡片: 电击
加载卡片: 电击
加载卡片: 电击
加载卡片: 电击
加载卡片: 电击
加载卡片: 电击
加载卡片: 电击
加载卡片: 电击
加载卡片: 电击
加载卡片: 电击
加载卡片: 电击
加载卡片: 电击
加载卡片: 电击
加载卡片: 电击
加载卡片: 电击
加载卡片: 电击
加载卡片: 电击
加载卡片: 电击
加载卡片: 电击
加载卡片: 电击
加载卡片: 电击
加载卡片: 电击
加载卡片: 电击
加载卡片: 电击
加载卡片: 电击
加载卡片: 电击
加载卡片: 电击
加载卡片: 电击
加载卡片: 电击
加载卡片: 电击
加载卡片: 电击
加载卡片: 电击
加载卡片: 电击
加载卡片: 电击
加载卡片: 电击
加载卡片: 电击
加载卡片: 电击
加载卡片: 电击
加载卡片: 电击
加载卡片: 电击
加载卡片: 电击
加载卡片: 电击
加载卡片: 电击
加载卡片: 电击
加载卡片: 电击
加载卡片: 电击
加载卡片: 电击
加载卡片: 电击
加载卡片: 电击
加载卡片: 电击
加载卡片: 电击
加载卡片: 电击
加载卡片: 电击
加载卡片: 电击
加载卡片: 电击
加载卡片: 电击
加载卡片: 电击
加载卡片: 电击
加载卡片: 电击
加载卡片: 电击
加载卡片: 电击
加载卡片: 电击
加载卡片: 电击
加载卡片: 电击
加载卡片: 电击
加载卡片: 电击
加载卡片: 电击
加载卡片: 电击
加载卡片: 电击
加载卡片: 电击
加载卡片: 电击
加载卡片: 电击
加载卡片: 电击
加载卡片: 电击
加载卡片: 电击
加载卡片: 电击
加载卡片: 电击
加载卡片: 电击
加载卡片: 电击
加载卡片: 电击
加载卡片: 电击
加载卡片: 电击
加载卡片: 电击
加载卡片: 电击
加载卡片: 电击
加载卡片: 电击
加载卡片: 电击
加载卡片: 电击
加载卡片: 电击
加载卡片: 电击
加载卡片: 电击
加载卡片: 电击
加载卡片: 电击
加载卡片: 电击
加载卡片: 电击
加载卡片: 电击
加载卡片: 电击
加载卡片: 电击
加载卡片: 电击
加载卡片: 电击
加载卡片: 电击
加载卡片: 电击
加载卡片: 电击
加载卡片: 电击
加载卡片: 电击
加载卡片: 电击
加载卡片: 电击
加载卡片: 电击
加载卡片: 电击
加载卡片: 电击
加载卡片: 电击
加载卡片: 电击
加载卡片: 电击
加载卡片: 电击
加载卡片: 电击
加载卡片: 电击
加载卡片: 电击
加载卡片: 电击
加载卡片: 电击
加载卡片: 电击
加载卡片: 电击
加载卡片: 电击
加载卡片: 电击
加载卡片: 电击
加载卡片: 电击
加载卡片: 电击
加载卡片: 电击
加载卡片: 电击
加载卡片: 电击
加载卡片: 电击
加载卡片: 电击
加载卡片: 电击
加载卡片: 电击
加载卡片: 电击
加载卡片: 电击
加载卡片: 电击
加载卡片: 电击
加载卡片: 电击
加载卡片: 电击
加载卡片: 电击
加载卡片: 电击
加载卡片: 电击
加载卡片: 电击
加载卡片: 电击
加载卡片: 电击
加载卡片: 电击
加载卡片: 电击
加载卡片: 电击
加载卡片: 电击
加载卡片: 电击
加载卡片: 电击
加载卡片: 电击
加载卡片: 电击
加载卡片: 电击
加载卡片: 电击
加载卡片: 电击
加载卡片: 电击
加载卡片: 电击
加载卡片: 电击
加载卡片: 电击
加载卡片: 电击
加载卡片: 电击
加载卡片: 电击
加载卡片: 电击
加载卡片: 电击
加载卡片: 电击
加载卡片: 电击
加载卡片: 电击
加载卡片: 电击
加载卡片: 电击
加载卡片: 电击
加载卡片: 电击
加载卡片: 电击
加载卡片: 电击
加载卡片: 电击
加载卡片: 电击
加载卡片: 电击
加载卡片: 电击
加载卡片: 电击
加载卡片: 电击
加载卡片: 电击
加载卡片: 电击
加载卡片: 电击
加载卡片: 电击
加载卡片: 电击
加载卡片: 电击
加载卡片: 电击
加载卡片: 电击
加载卡片: 电击
加载卡片: 电击
加载卡片: 骑士
加载卡片: 骑士
加载卡片: 骑士
加载卡片: 骑士
加载卡片: 骑士
加载卡片: 骑士
加载卡片: 骑士
加载卡片: 骑士
加载卡片: 骑士
加载卡片: 骑士
加载卡片: 骑士
加载卡片: 骑士
加载卡片: 骑士
加载卡片: 骑士
加载卡片: 骑士
加载卡片: 骑士
加载卡片: 骑士
加载卡片: 骑士
加载卡片: 骑士
加载卡片: 骑士
加载卡片: 骑士
加载卡片: 骑士
加载卡片: 骑士
加载卡片: 骑士
加载卡片: 骑士
加载卡片: 骑士
加载卡片: 骑士
加载卡片: 骑士
加载卡片: 骑士
加载卡片: 骑士
加载卡片: 骑士
加载卡片: 骑士
加载卡片: 骑士
加载卡片: 骑士
加载卡片: 骑士
加载卡片: 骑士
加载卡片: 骑士
加载卡片: 骑士
加载卡片: 骑士
加载卡片: 骑士
加载卡片: 骑士
加载卡片: 骑士
加载卡片: 骑士
加载卡片: 骑士
加载卡片: 骑士
加载卡片: 骑士
加载卡片: 骑士
加载卡片: 骑士
加载卡片: 骑士
加载卡片: 骑士
加载卡片: 骑士
加载卡片: 骑士
加载卡片: 骑士
加载卡片: 骑士
加载卡片: 骑士
加载卡片: 骑士
加载卡片: 骑士
加载卡片: 骑士
加载卡片: 骑士
加载卡片: 骑士
加载卡片: 骑士
加载卡片: 骑士
加载卡片: 骑士
加载卡片: 骑士
加载卡片: 骑士
加载卡片: 骑士
加载卡片: 骑士
加载卡片: 骑士
加载卡片: 骑士
加载卡片: 骑士
加载卡片: 骑士
加载卡片: 骑士
加载卡片: 骑士
加载卡片: 骑士
加载卡片: 骑士
加载卡片: 骑士
加载卡片: 骑士
加载卡片: 骑士
加载卡片: 骑士
加载卡片: 骑士
加载卡片: 骑士
加载卡片: 骑士
加载卡片: 骑士
加载卡片: 骑士
加载卡片: 骑士
加载卡片: 骑士
加载卡片: 骑士
加载卡片: 骑士
加载卡片: 骑士
加载卡片: 骑士
加载卡片: 骑士
加载卡片: 骑士
加载卡片: 骑士
加载卡片: 骑士
加载卡片: 骑士
加载卡片: 骑士
加载卡片: 骑士
加载卡片: 骑士
加载卡片: 骑士
加载卡片: 骑士
加载卡片: 骑士
加载卡片: 骑士
加载卡片: 骑士
加载卡片: 骑士
加载卡片: 骑士
加载卡片: 骑士
加载卡片: 骑士
加载卡片: 骑士
加载卡片: 骑士
加载卡片: 骑士
加载卡片: 骑士
加载卡片: 骑士
加载卡片: 骑士
加载卡片: 骑士
加载卡片: 骑士
加载卡片: 骑士
加载卡片: 骑士
加载卡片: 骑士
加载卡片: 骑士
加载卡片: 骑士
加载卡片: 骑士
加载卡片: 骑士
加载卡片: 骑士
加载卡片: 骑士
加载卡片: 骑士
加载卡片: 骑士
加载卡片: 骑士
加载卡片: 骑士
加载卡片: 骑士
加载卡片: 骑士
加载卡片: 骑士
加载卡片: 骑士
加载卡片: 骑士
加载卡片: 骑士
加载卡片: 骑士
加载卡片: 骑士
加载卡片: 骑士
加载卡片: 骑士
加载卡片: 骑士
加载卡片: 骑士
加载卡片: 骑士
加载卡片: 骑士
加载卡片: 骑士
加载卡片: 骑士
加载卡片: 骑士
加载卡片: 骑士
加载卡片: 骑士
加载卡片: 骑士
加载卡片: 骑士
加载卡片: 骑士
加载卡片: 骑士
加载卡片: 骑士
加载卡片: 骑士
加载卡片: 骑士
加载卡片: 骑士
加载卡片: 骑士
加载卡片: 骑士
加载卡片: 骑士
加载卡片: 骑士
加载卡片: 骑士
加载卡片: 骑士
加载卡片: 骑士
加载卡片: 骑士
加载卡片: 骑士
加载卡片: 骑士
加载卡片: 骑士
加载卡片: 骑士
加载卡片: 骑士
加载卡片: 骑士
加载卡片: 骑士
加载卡片: 骑士
加载卡片: 骑士
加载卡片: 骑士
加载卡片: 骑士
加载卡片: 骑士
加载卡片: 骑士
加载卡片: 骑士
加载卡片: 骑士
加载卡片: 骑士
加载卡片: 骑士
加载卡片: 骑士
加载卡片: 骑士
加载卡片: 骑士
加载卡片: 骑士
加载卡片: 骑士
加载卡片: 骑士
加载卡片: 骑士
加载卡片: 骑士
加载卡片: 骑士
加载卡片: 骑士
加载卡片: 骑士
加载卡片: 骑士
加载卡片: 骑士
加载卡片: 骑士
加载卡片: 骑士
加载卡片: 骑士
加载卡片: 骑士
加载卡片: 骑士
加载卡片: 骑士
加载卡片: 骑士
加载卡片: 骑士
加载卡片: 骑士
加载卡片: 骑士
加载卡片: 骑士
加载卡片: 骑士
加载卡片: 骑士
加载卡片: 骑士
加载卡片: 骑士
加载卡片: 骑士
加载卡片: 骑士
加载卡片: 骑士
加载卡片: 骑士
加载卡片: 骑士
加载卡片: 骑士
加载卡片: 骑士
加载卡片: 骑士
加载卡片: 骑士
加载卡片: 骑士
加载卡片: 骑士
加载卡片: 骑士
加载卡片: 骑士
加载卡片: 骑士
加载卡片: 骑士
加载卡片: 骑士
加载卡片: 骑士
加载卡片: 骑士
加载卡片: 骑士
加载卡片: 骑士
加载卡片: 骑士
加载卡片: 骑士
加载卡片: 骑士
加载卡片: 骑士
加载卡片: 骑士
加载卡片: 骑士
加载卡片: 骑士
加载卡片: 骑士
加载卡片: 骑士
加载卡片: 骑士
加载卡片: 骑士
加载卡片: 骑士
加载卡片: 骑士
加载卡片: 骑士
加载卡片: 骑士
加载卡片: 骑士
加载卡片: 骑士
加载卡片: 骑士
加载卡片: 骑士
加载卡片: 骑士
加载卡片: 骑士
加载卡片: 骑士
加载卡片: 骑士
加载卡片: 骑士
加载卡片: 骑士
加载卡片: 骑士
加载卡片: 骑士
加载卡片: 骑士
加载卡片: 骑士
加载卡片: 骑士
加载卡片: 骑士
加载卡片: 骑士
加载卡片: 骑士
加载卡片: 骑士
加载卡片: 骑士
加载卡片: 骑士
加载卡片: 骑士
加载卡片: 骑士
加载卡片: 骑士
加载卡片: 骑士
加载卡片: 骑士
加载卡片: 骑士
加载卡片: 骑士
加载卡片: 骑士
加载卡片: 骑士
加载卡片: 骑士
加载卡片: 骑士
加载卡片: 骑士
加载卡片: 骑士
加载卡片: 骑士
加载卡片: 骑士
加载卡片: 骑士
加载卡片: 骑士
加载卡片: 骑士
加载卡片: 骑士
加载卡片: 骑士
加载卡片: 骑士
加载卡片: 骑士
加载卡片: 骑士
加载卡片: 骑士
加载卡片: 骑士
加载卡片: 骑士
加载卡片: 骑士
加载卡片: 骑士
加载卡片: 骑士
加载卡片: 骑士
加载卡片: 骑士
加载卡片: 骑士
加载卡片: 骑士
加载卡片: 骑士
加载卡片: 骑士
加载卡片: 骑士
加载卡片: 骑士
加载卡片: 骑士
加载卡片: 骑士
加载卡片: 骑士
加载卡片: 骑士
加载卡片: 骑士
加载卡片: 骑士
加载卡片: 骑士
加载卡片: 骑士
加载卡片: 骑士
加载卡片: 骑士
加载卡片: 骑士
加载卡片: 骑士
加载卡片: 骑士
加载卡片: 骑士
加载卡片: 骑士
加载卡片: 骑士
加载卡片: 骑士
加载卡片: 骑士
加载卡片: 骑士
加载卡片: 骑士
加载卡片: 骑士
加载卡片: 骑士
加载卡片: 骑士
加载卡片: 骑士
加载卡片: 骑士
加载卡片: 骑士
加载卡片: 骑士
加载卡片: 骑士
加载卡片: 骑士
加载卡片: 骑士
加载卡片: 骑士
加载卡片: 骑士
加载卡片: 骑士
加载卡片: 骑士
加载卡片: 骑士
加载卡片: 骑士
加载卡片: 骑士
加载卡片: 骑士
加载卡片: 骑士
加载卡片: 骑士
加载卡片: 骑士
加载卡片: 骑士
加载卡片: 骑士
加载卡片: 骑士
加载卡片: 骑士
加载卡片: 骑士
加载卡片: 骑士
加载卡片: 骑士
加载卡片: 骑士
加载卡片: 骑士
加载卡片: 骑士
加载卡片: 骑士
加载卡片: 骑士
加载卡片: 骑士
加载卡片: 骑士
加载卡片: 骑士
加载卡片: 骑士
加载卡片: 骑士
加载卡片: 骑士
加载卡片: 骑士
加载卡片: 骑士
加载卡片: 骑士
加载卡片: 骑士
加载卡片: 骑士
加载卡片: 骑士
加载卡片: 骑士
加载卡片: 骑士
加载卡片: 骑士
加载卡片: 骑士
加载卡片: 骑士
加载卡片: 骑士
加载卡片: 骑士
加载卡片: 骑士
加载卡片: 骑士
加载卡片: 骑士
加载卡片: 骑士
加载卡片: 骑士
加载卡片: 骑士
加载卡片: 骑士
加载卡片: 骑士
加载卡片: 骑士
加载卡片: 骑士
加载卡片: 骑士
加载卡片: 骑士
加载卡片: 骑士
加载卡片: 骑士
加载卡片: 骑士
加载卡片: 骑士
加载卡片: 骑士
加载卡片: 骑士
加载卡片: 骑士
加载卡片: 骑士
加载卡片: 骑士
加载卡片: 骑士
加载卡片: 骑士
加载卡片: 骑士
加载卡片: 骑士
加载卡片: 骑士
加载卡片: 骑士
加载卡片: 骑士
加载卡片: 骑士
加载卡片: 骑士
加载卡片: 骑士
加载卡片: 骑士
加载卡片: 骑士
加载卡片: 骑士
加载卡片: 骑士
加载卡片: 骑士
加载卡片: 骑士
加载卡片: 骑士
加载卡片: 骑士
加载卡片: 骑士
加载卡片: 骑士
加载卡片: 骑士
加载卡片: 骑士
加载卡片: 骑士
加载卡片: 骑士
加载卡片: 骑士
加载卡片: 骑士
加载卡片: 骑士
加载卡片: 骑士
加载卡片: 骑士
加载卡片: 骑士
加载卡片: 骑士
加载卡片: 骑士
加载卡片: 骑士
加载卡片: 骑士
加载卡片: 骑士
加载卡片: 骑士
加载卡片: 骑士
加载卡片: 骑士
加载卡片: 骑士
加载卡片: 骑士
加载卡片: 骑士
加载卡片: 骑士
加载卡片: 骑士
加载卡片: 骑士
加载卡片: 骑士
加载卡片: 骑士
加载卡片: 骑士
加载卡片: 骑士
加载卡片: 骑士
加载卡片: 骑士
加载卡片: 骑士
加载卡片: 骑士
加载卡片: 骑士
加载卡片: 骑士
加载卡片: 骑士
加载卡片: 骑士
加载卡片: 骑士
加载卡片: 骑士
加载卡片: 骑士
加载卡片: 骑士
加载卡片: 骑士
加载卡片: 骑士
加载卡片: 骑士
加载卡片: 骑士
加载卡片: 骑士
加载卡片: 骑士
加载卡片: 骑士
加载卡片: 骑士
加载卡片: 骑士
加载卡片: 骑士
加载卡片: 骑士
加载卡片: 骑士
加载卡片: 骑士
加载卡片: 骑士
加载卡片: 骑士
加载卡片: 骑士
加载卡片: 骑士
加载卡片: 骑士
加载卡片: 骑士
加载卡片: 骑士
加载卡片: 骑士
加载卡片: 骑士
加载卡片: 骑士
加载卡片: 骑士
加载卡片: 骑士
加载卡片: 骑士
加载卡片: 骑士
加载卡片: 骑士
加载卡片: 骑士
加载卡片: 骑士
加载卡片: 骑士
加载卡片: 骑士
加载卡片: 骑士
加载卡片: 骑士
加载卡片: 骑士
加载卡片: 骑士
加载卡片: 骑士
加载卡片: 骑士
加载卡片: 骑士
加载卡片: 骑士
加载卡片: 骑士
加载卡片: 骑士
加载卡片: 骑士
加载卡片: 骑士
加载卡片: 骑士
加载卡片: 骑士
加载卡片: 骑士
加载卡片: 骑士
加载卡片: 骑士
加载卡片: 骑士
加载卡片: 骑士
加载卡片: 骑士
加载卡片: 骑士
加载卡片: 骑士
加载卡片: 骑士
加载卡片: 骑士
加载卡片: 骑士
加载卡片: 骑士
加载卡片: 骑士
加载卡片: 骑士
加载卡片: 骑士
加载卡片: 骑士
加载卡片: 骑士
加载卡片: 骑士
加载卡片: 骑士
加载卡片: 骑士
加载卡片: 骑士
加载卡片: 骑士
加载卡片: 骑士
加载卡片: 骑士
加载卡片: 骑士
加载卡片: 骑士
加载卡片: 骑士
加载卡片: 骑士
加载卡片: 骑士
加载卡片: 骑士
加载卡片: 骑士
加载卡片: 骑士
加载卡片: 骑士
加载卡片: 骑士
加载卡片: 骑士
加载卡片: 骑士
加载卡片: 骑士
加载卡片: 骑士
加载卡片: 骑士
加载卡片: 骑士
加载卡片: 骑士
加载卡片: 骑士
加载卡片: 骑士
加载卡片: 骑士
加载卡片: 骑士
加载卡片: 骑士
加载卡片: 骑士
加载卡片: 骑士
加载卡片: 骑士
加载卡片: 骑士
加载卡片: 骑士
加载卡片: 骑士
加载卡片: 骑士
加载卡片: 骑士
加载卡片: 骑士
加载卡片: 骑士
加载卡片: 骑士
加载卡片: 骑士
加载卡片: 骑士
加载卡片: 骑士
加载卡片: 骑士
加载卡片: 骑士
加载卡片: 骑士
加载卡片: 骑士
加载卡片: 骑士
加载卡片: 骑士
加载卡片: 骑士
加载卡片: 骑士
加载卡片: 骑士
加载卡片: 骑士
加载卡片: 骑士
加载卡片: 骑士
加载卡片: 骑士
加载卡片: 骑士
加载卡片: 骑士
加载卡片: 骑士
加载卡片: 骑士
加载卡片: 骑士
加载卡片: 骑士
加载卡片: 骑士
加载卡片: 骑士
加载卡片: 骑士
加载卡片: 骑士
加载卡片: 骑士
加载卡片: 骑士
加载卡片: 骑士
加载卡片: 骑士
加载卡片: 骑士
加载卡片: 骑士
加载卡片: 骑士
加载卡片: 骑士
加载卡片: 骑士
加载卡片: 骑士
加载卡片: 骑士
加载卡片: 骑士
加载卡片: 骑士
加载卡片: 骑士
加载卡片: 骑士
加载卡片: 骑士
加载卡片: 骑士
加载卡片: 骑士
加载卡片: 骑士
加载卡片: 骑士
加载卡片: 骑士
加载卡片: 骑士
加载卡片: 骑士
加载卡片: 骑士
加载卡片: 骑士
加载卡片: 骑士
加载卡片: 骑士
加载卡片: 骑士
加载卡片: 骑士
加载卡片: 骑士
加载卡片: 骑士
加载卡片: 骑士
加载卡片: 骑士
加载卡片: 骑士
加载卡片: 骑士
加载卡片: 骑士
加载卡片: 骑士
加载卡片: 骑士
加载卡片: 骑士
加载卡片: 骑士
加载卡片: 骑士
加载卡片: 骑士
加载卡片: 骑士
加载卡片: 骑士
加载卡片: 骑士
加载卡片: 骑士
加载卡片: 骑士
加载卡片: 骑士
加载卡片: 骑士
加载卡片: 骑士
加载卡片: 骑士
加载卡片: 骑士
加载卡片: 骑士
加载卡片: 骑士
加载卡片: 骑士
加载卡片: 骑士
加载卡片: 骑士
加载卡片: 骑士
加载卡片: 骑士
加载卡片: 骑士
加载卡片: 骑士
加载卡片: 骑士
加载卡片: 骑士
加载卡片: 骑士
加载卡片: 骑士
加载卡片: 骑士
加载卡片: 骑士
加载卡片: 骑士
加载卡片: 骑士
加载卡片: 骑士
加载卡片: 骑士
加载卡片: 骑士
加载卡片: 骑士
加载卡片: 骑士
加载卡片: 骑士
加载卡片: 骑士
加载卡片: 骑士
加载卡片: 骑士
加载卡片: 骑士
加载卡片: 骑士
加载卡片: 骑士
加载卡片: 骑士
加载卡片: 骑士
加载卡片: 骑士
加载卡片: 骑士
加载卡片: 骑士
加载卡片: 骑士
加载卡片: 骑士
加载卡片: 骑士
加载卡片: 骑士
加载卡片: 骑士
加载卡片: 骑士
加载卡片: 骑士
加载卡片: 骑士
加载卡片: 骑士
加载卡片: 骑士
加载卡片: 骑士
加载卡片: 骑士
加载卡片: 骑士
加载卡片: 骑士
加载卡片: 骑士
加载卡片: 骑士
加载卡片: 骑士
加载卡片: 骑士
加载卡片: 骑士
加载卡片: 骑士
加载卡片: 骑士
加载卡片: 骑士
加载卡片: 骑士
加载卡片: 骑士
加载卡片: 骑士
加载卡片: 骑士
加载卡片: 骑士
加载卡片: 骑士
加载卡片: 骑士
加载卡片: 骑士
加载卡片: 骑士
加载卡片: 骑士
加载卡片: 骑士
加载卡片: 骑士
加载卡片: 骑士
加载卡片: 骑士
加载卡片: 骑士
加载卡片: 骑士
加载卡片: 骑士
加载卡片: 骑士
加载卡片: 骑士
加载卡片: 骑士
加载卡片: 骑士
加载卡片: 骑士
加载卡片: 骑士
加载卡片: 骑士
加载卡片: 骑士
加载卡片: 骑士
加载卡片: 骑士
加载卡片: 骑士
加载卡片: 骑士
加载卡片: 骑士
加载卡片: 骑士
加载卡片: 骑士
加载卡片: 骑士
加载卡片: 骑士
加载卡片: 骑士
加载卡片: 骑士
加载卡片: 骑士
加载卡片: 骑士
加载卡片: 骑士
加载卡片: 骑士
加载卡片: 骑士
加载卡片: 骑士
加载卡片: 骑士
加载卡片: 骑士
加载卡片: 骑士
加载卡片: 骑士
加载卡片: 骑士
加载卡片: 骑士
加载卡片: 骑士
加载卡片: 骑士
加载卡片: 骑士
加载卡片: 骑士
加载卡片: 骑士
加载卡片: 骑士
加载卡片: 骑士
加载卡片: 骑士
加载卡片: 骑士
加载卡片: 骑士
加载卡片: 骑士
加载卡片: 骑士
加载卡片: 骑士
加载卡片: 骑士
加载卡片: 骑士
加载卡片: 骑士
加载卡片: 骑士
加载卡片: 骑士
加载卡片: 骑士
加载卡片: 骑士
加载卡片: 骑士
加载卡片: 骑士
加载卡片: 骑士
加载卡片: 骑士
加载卡片: 骑士
加载卡片: 骑士
加载卡片: 骑士
加载卡片: 骑士
加载卡片: 骑士
加载卡片: 骑士
加载卡片: 骑士
加载卡片: 骑士
加载卡片: 骑士
加载卡片: 骑士
加载卡片: 骑士
加载卡片: 骑士
加载卡片: 骑士
加载卡片: 骑士
加载卡片: 骑士
加载卡片: 骑士
加载卡片: 骑士
加载卡片: 骑士
加载卡片: 骑士
加载卡片: 骑士
加载卡片: 骑士
加载卡片: 骑士
加载卡片: 骑士
加载卡片: 骑士
加载卡片: 骑士
加载卡片: 骑士
加载卡片: 骑士
加载卡片: 骑士
加载卡片: 骑士
加载卡片: 骑士
加载卡片: 骑士
加载卡片: 骑士
加载卡片: 骑士
加载卡片: 骑士
加载卡片: 骑士
加载卡片: 骑士
加载卡片: 骑士
加载卡片: 骑士
加载卡片: 骑士
加载卡片: 骑士
加载卡片: 骑士
加载卡片: 骑士
加载卡片: 骑士
加载卡片: 骑士
加载卡片: 骑士
加载卡片: 骑士
加载卡片: 骑士
加载卡片: 骑士
加载卡片: 骑士
加载卡片: 骑士
加载卡片: 骑士
加载卡片: 骑士
加载卡片: 骑士
加载卡片: 骑士
加载卡片: 骑士
加载卡片: 骑士
加载卡片: 骑士
加载卡片: 骑士
加载卡片: 骑士
加载卡片: 骑士
加载卡片: 骑士
加载卡片: 骑士
加载卡片: 骑士
加载卡片: 骑士
加载卡片: 骑士
加载卡片: 骑士
加载卡片: 骑士
加载卡片: 骑士
加载卡片: 骑士
加载卡片: 骑士
加载卡片: 骑士
加载卡片: 骑士
加载卡片: 骑士
加载卡片: 骑士
加载卡片: 骑士
加载卡片: 骑士
加载卡片: 骑士
加载卡片: 骑士
加载卡片: 骑士
加载卡片: 骑士
加载卡片: 骑士
加载卡片: 骑士
加载卡片: 骑士
加载卡片: 骑士
加载卡片: 骑士
加载卡片: 骑士
加载卡片: 骑士
加载卡片: 骑士
加载卡片: 骑士
加载卡片: 骑士
加载卡片: 骑士
加载卡片: 骑士
加载卡片: 骑士
加载卡片: 骑士
加载卡片: 骑士
加载卡片: 骑士
加载卡片: 骑士
加载卡片: 骑士
加载卡片: 骑士
加载卡片: 骑士
加载卡片: 骑士
加载卡片: 骑士
加载卡片: 骑士
加载卡片: 骑士
加载卡片: 骑士
加载卡片: 骑士
加载卡片: 骑士
加载卡片: 骑士
加载卡片: 骑士
加载卡片: 骑士
加载卡片: 骑士
加载卡片: 骑士
加载卡片: 骑士
加载卡片: 骑士
加载卡片: 骑士
加载卡片: 骑士
加载卡片: 骑士
加载卡片: 骑士
加载卡片: 骑士
加载卡片: 骑士
加载卡片: 骑士
加载卡片: 骑士
加载卡片: 骑士
加载卡片: 骑士
加载卡片: 骑士
加载卡片: 骑士
加载卡片: 骑士
加载卡片: 骑士
加载卡片: 骑士
加载卡片: 骑士
加载卡片: 骑士
加载卡片: 骑士
加载卡片: 骑士
加载卡片: 骑士
加载卡片: 骑士
加载卡片: 骑士
加载卡片: 骑士
加载卡片: 骑士
加载卡片: 骑士
加载卡片: 骑士
加载卡片: 骑士
加载卡片: 骑士
加载卡片: 骑士
加载卡片: 骑士
加载卡片: 骑士
加载卡片: 骑士
加载卡片: 骑士
加载卡片: 骑士
加载卡片: 骑士
加载卡片: 骑士
加载卡片: 骑士
加载卡片: 骑士
加载卡片: 骑士
加载卡片: 骑士
加载卡片: 骑士
加载卡片: 骑士
加载卡片: 骑士
加载卡片: 骑士
加载卡片: 骑士
加载卡片: 骑士
加载卡片: 骑士
加载卡片: 骑士
加载卡片: 骑士
加载卡片: 骑士
加载卡片: 骑士
加载卡片: 骑士
加载卡片: 骑士
加载卡片: 骑士
加载卡片: 骑士
加载卡片: 骑士
加载卡片: 骑士
加载卡片: 骑士
加载卡片: 骑士
加载卡片: 骑士
加载卡片: 骑士
加载卡片: 骑士
加载卡片: 骑士
加载卡片: 骑士
加载卡片: 骑士
加载卡片: 骑士
加载卡片: 骑士
加载卡片: 骑士
加载卡片: 骑士
加载卡片: 骑士
加载卡片: 骑士
加载卡片: 骑士
加载卡片: 骑士
加载卡片: 骑士
加载卡片: 骑士
加载卡片: 骑士
加载卡片: 骑士
加载卡片: 骑士
加载卡片: 骑士
加载卡片: 骑士
加载卡片: 骑士
加载卡片: 骑士
加载卡片: 骑士
加载卡片: 骑士
加载卡片: 骑士
加载卡片: 骑士
加载卡片: 骑士
加载卡片: 骑士
加载卡片: 骑士
加载卡片: 骑士
加载卡片: 骑士
加载卡片: 骑士
加载卡片: 骑士
加载卡片: 骑士
加载卡片: 骑士
加载卡片: 骑士
加载卡片: 骑士
加载卡片: 骑士
加载卡片: 骑士
加载卡片: 骑士
加载卡片: 骑士
加载卡片: 骑士
加载卡片: 骑士
加载卡片: 骑士
加载卡片: 骑士
加载卡片: 骑士
加载卡片: 骑士
加载卡片: 骑士
加载卡片: 骑士
加载卡片: 骑士
加载卡片: 骑士
加载卡片: 骑士
加载卡片: 骑士
加载卡片: 骑士
加载卡片: 骑士
加载卡片: 骑士
加载卡片: 骑士
加载卡片: 骑士
加载卡片: 骑士
加载卡片: 骑士
加载卡片: 骑士
加载卡片: 骑士
加载卡片: 骑士
加载卡片: 骑士
加载卡片: 骑士
加载卡片: 骑士
加载卡片: 骑士
加载卡片: 骑士
加载卡片: 骑士
加载卡片: 骑士
加载卡片: 骑士
加载卡片: 骑士
加载卡片: 骑士
加载卡片: 骑士
加载卡片: 骑士
加载卡片: 骑士
加载卡片: 骑士
加载卡片: 骑士
加载卡片: 骑士
加载卡片: 骑士
加载卡片: 骑士
加载卡片: 骑士
加载卡片: 骑士
加载卡片: 骑士
加载卡片: 骑士
加载卡片: 骑士
加载卡片: 骑士
加载卡片: 骑士
加载卡片: 骑士
加载卡片: 骑士
加载卡片: 骑士
加载卡片: 骑士
加载卡片: 骑士
加载卡片: 骑士
加载卡片: 骑士
加载卡片: 骑士
加载卡片: 骑士
加载卡片: 骑士
加载卡片: 骑士
加载卡片: 骑士
加载卡片: 骑士
加载卡片: 骑士
加载卡片: 骑士
加载卡片: 骑士
加载卡片: 骑士
加载卡片: 骑士
加载卡片: 骑士
加载卡片: 骑士
加载卡片: 骑士
加载卡片: 骑士
加载卡片: 骑士
加载卡片: 骑士
加载卡片: 骑士
加载卡片: 骑士
加载卡片: 骑士
加载卡片: 骑士
加载卡片: 骑士
加载卡片: 骑士
加载卡片: 骑士
加载卡片: 骑士
加载卡片: 骑士
加载卡片: 骑士
加载卡片: 骑士
加载卡片: 骑士
加载卡片: 骑士
加载卡片: 骑士
加载卡片: 骑士
加载卡片: 骑士
加载卡片: 骑士
加载卡片: 骑士
加载卡片: 骑士
加载卡片: 骑士
加载卡片: 骑士
加载卡片: 骑士
加载卡片: 骑士
加载卡片: 骑士
加载卡片: 骑士
加载卡片: 骑士
加载卡片: 骑士
加载卡片: 骑士
加载卡片: 骑士
加载卡片: 骑士
加载卡片: 骑士
加载卡片: 骑士
加载卡片: 骑士
加载卡片: 骑士
加载卡片: 骑士
加载卡片: 骑士
加载卡片: 骑士
加载卡片: 骑士
加载卡片: 骑士
加载卡片: 骑士
加载卡片: 骑士
加载卡片: 骑士
加载卡片: 骑士
加载卡片: 骑士
加载卡片: 骑士
加载卡片: 骑士
加载卡片: 骑士
加载卡片: 骑士
加载卡片: 骑士
加载卡片: 骑士
加载卡片: 骑士
加载卡片: 骑士
加载卡片: 骑士
加载卡片: 骑士
加载卡片: 骑士
加载卡片: 骑士
加载卡片: 骑士
加载卡片: 骑士
加载卡片: 骑士
加载卡片: 骑士
加载卡片: 骑士
加载卡片: 骑士
加载卡片: 骑士
加载卡片: 骑士
加载卡片: 骑士
加载卡片: 骑士
加载卡片: 骑士
加载卡片: 骑士
加载卡片: 骑士
加载卡片: 骑士
加载卡片: 骑士
加载卡片: 骑士
加载卡片: 骑士
加载卡片: 骑士
加载卡片: 骑士
加载卡片: 骑士
加载卡片: 骑士
加载卡片: 骑士
加载卡片: 骑士
加载卡片: 骑士
加载卡片: 骑士
加载卡片: 骑士
加载卡片: 骑士
加载卡片: 骑士
加载卡片: 骑士
加载卡片: 骑士
加载卡片: 骑士
加载卡片: 骑士
加载卡片: 骑士
加载卡片: 骑士
加载卡片: 骑士
加载卡片: 骑士
加载卡片: 骑士
加载卡片: 骑士
加载卡片: 骑士
加载卡片: 骑士
加载卡片: 骑士
加载卡片: 骑士
加载卡片: 骑士
加载卡片: 骑士
加载卡片: 骑士
加载卡片: 骑士
加载卡片: 骑士
加载卡片: 骑士
加载卡片: 骑士
加载卡片: 骑士
加载卡片: 骑士
加载卡片: 骑士
加载卡片: 骑士
加载卡片: 骑士
加载卡片: 骑士
加载卡片: 骑士
加载卡片: 骑士
加载卡片: 骑士
加载卡片: 骑士
加载卡片: 骑士
加载卡片: 骑士
加载卡片: 骑士
加载卡片: 骑士
加载卡片: 骑士
加载卡片: 骑士
加载卡片: 骑士
加载卡片: 骑士
加载卡片: 骑士
加载卡片: 骑士
加载卡片: 骑士
加载卡片: 骑士
加载卡片: 骑士
加载卡片: 骑士
加载卡片: 骑士
加载卡片: 骑士
加载卡片: 骑士
加载卡片: 骑士
加载卡片: 骑士
加载卡片: 骑士
加载卡片: 骑士
加载卡片: 骑士
加载卡片: 骑士
加载卡片: 骑士
加载卡片: 骑士
加载卡片: 骑士
加载卡片: 骑士
加载卡片: 骑士
加载卡片: 骑士
加载卡片: 骑士
加载卡片: 骑士
加载卡片: 骑士
加载卡片: 骑士
加载卡片: 骑士
加载卡片: 骑士
加载卡片: 骑士
加载卡片: 骑士
加载卡片: 骑士
加载卡片: 骑士
加载卡片: 骑士
加载卡片: 骑士
加载卡片: 骑士
加载卡片: 骑士
加载卡片: 骑士
加载卡片: 骑士
加载卡片: 骑士
加载卡片: 骑士
加载卡片: 骑士
加载卡片: 骑士
加载卡片: 骑士
加载卡片: 骑士
加载卡片: 骑士
加载卡片: 骑士
加载卡片: 骑士
加载卡片: 骑士
加载卡片: 骑士
加载卡片: 骑士
加载卡片: 骑士
加载卡片: 骑士
加载卡片: 骑士
加载卡片: 骑士
加载卡片: 骑士
加载卡片: 骑士
加载卡片: 骑士
加载卡片: 骑士
加载卡片: 骑士
加载卡片: 骑士
加载卡片: 骑士
加载卡片: 骑士
加载卡片: 骑士
加载卡片: 骑士
加载卡片: 骑士
加载卡片: 骑士
加载卡片: 骑士
加载卡片: 骑士
加载卡片: 骑士
加载卡片: 骑士
加载卡片: 骑士
加载卡片: 骑士
加载卡片: 骑士
加载卡片: 骑士
加载卡片: 骑士
加载卡片: 骑士
加载卡片: 骑士
加载卡片: 骑士
加载卡片: 骑士
加载卡片: 骑士
加载卡片: 骑士
加载卡片: 骑士
加载卡片: 骑士
加载卡片: 骑士
加载卡片: 骑士
加载卡片: 骑士
加载卡片: 骑士
加载卡片: 骑士
加载卡片: 骑士
加载卡片: 骑士
加载卡片: 骑士
加载卡片: 骑士
加载卡片: 骑士
加载卡片: 骑士
加载卡片: 骑士
加载卡片: 骑士
加载卡片: 骑士
加载卡片: 骑士
加载卡片: 骑士
加载卡片: 骑士
加载卡片: 骑士
加载卡片: 骑士
加载卡片: 骑士
加载卡片: 骑士
加载卡片: 骑士
加载卡片: 骑士
加载卡片: 骑士
加载卡片: 骑士
加载卡片: 骑士
加载卡片: 骑士
加载卡片: 骑士
加载卡片: 骑士
加载卡片: 骑士
加载卡片: 骑士
加载卡片: 骑士
加载卡片: 骑士
加载卡片: 骑士
加载卡片: 骑士
加载卡片: 骑士
加载卡片: 骑士
加载卡片: 骑士
加载卡片: 骑士
加载卡片: 骑士
加载卡片: 骑士
加载卡片: 骑士
加载卡片: 骑士
加载卡片: 骑士
加载卡片: 骑士
加载卡片: 骑士
加载卡片: 骑士
加载卡片: 骑士
加载卡片: 骑士
加载卡片: 骑士
加载卡片: 骑士
加载卡片: 骑士
加载卡片: 骑士
加载卡片: 骑士
加载卡片: 骑士
加载卡片: 骑士
加载卡片: 骑士
加载卡片: 骑士
加载卡片: 骑士
加载卡片: 骑士
加载卡片: 骑士
加载卡片: 骑士
加载卡片: 骑士
加载卡片: 骑士
加载卡片: 骑士
加载卡片: 骑士
加载卡片: 骑士
加载卡片: 骑士
加载卡片: 骑士
加载卡片: 骑士
加载卡片: 骑士
加载卡片: 骑士
加载卡片: 骑士
加载卡片: 骑士
加载卡片: 骑士
加载卡片: 骑士
加载卡片: 骑士
加载卡片: 骑士
加载卡片: 骑士
加载卡片: 骑士
加载卡片: 骑士
加载卡片: 骑士
加载卡片: 骑士
加载卡片: 骑士
加载卡片: 骑士
加载卡片: 骑士
加载卡片: 骑士
加载卡片: 骑士
加载卡片: 骑士
加载卡片: 骑士
加载卡片: 骑士
加载卡片: 骑士
加载卡片: 骑士
加载卡片: 骑士
加载卡片: 骑士
加载卡片: 骑士
加载卡片: 骑士
加载卡片: 骑士
加载卡片: 骑士
加载卡片: 骑士
加载卡片: 骑士
加载卡片: 骑士
加载卡片: 骑士
加载卡片: 骑士
加载卡片: 骑士
加载卡片: 骑士
加载卡片: 骑士
加载卡片: 骑士
加载卡片: 骑士
加载卡片: 骑士
加载卡片: 骑士
加载卡片: 骑士
加载卡片: 骑士
加载卡片: 骑士
加载卡片: 骑士
加载卡片: 骑士
加载卡片: 骑士
加载卡片: 骑士
加载卡片: 骑士
加载卡片: 骑士
加载卡片: 骑士
加载卡片: 骑士
加载卡片: 骑士
加载卡片: 骑士
加载卡片: 骑士
加载卡片: 骑士
加载卡片: 骑士
加载卡片: 骑士
加载卡片: 骑士
加载卡片: 骑士
加载卡片: 骑士
加载卡片: 骑士
加载卡片: 骑士
加载卡片: 骑士
加载卡片: 骑士
加载卡片: 骑士
加载卡片: 骑士
加载卡片: 骑士
加载卡片: 骑士
加载卡片: 骑士
加载卡片: 骑士
加载卡片: 骑士
加载卡片: 骑士
加载卡片: 骑士
加载卡片: 骑士
加载卡片: 骑士
加载卡片: 骑士
加载卡片: 骑士
加载卡片: 骑士
加载卡片: 骑士
加载卡片: 骑士
加载卡片: 骑士
加载卡片: 骑士
加载卡片: 骑士
加载卡片: 骑士
加载卡片: 骑士
加载卡片: 骑士
加载卡片: 骑士
加载卡片: 骑士
加载卡片: 骑士
加载卡片: 骑士
加载卡片: 骑士
加载卡片: 骑士
加载卡片: 骑士
加载卡片: 骑士
加载卡片: 骑士
加载卡片: 骑士
加载卡片: 骑士
加载卡片: 骑士
加载卡片: 骑士
加载卡片: 骑士
加载卡片: 骑士
加载卡片: 骑士
加载卡片: 骑士
加载卡片: 骑士
加载卡片: 骑士
加载卡片: 骑士
加载卡片: 骑士
加载卡片: 骑士
加载卡片: 骑士
加载卡片: 骑士
加载卡片: 骑士
加载卡片: 骑士
加载卡片: 骑士
加载卡片: 骑士
加载卡片: 骑士
加载卡片: 骑士
加载卡片: 骑士
加载卡片: 骑士
加载卡片: 骑士
加载卡片: 骑士
加载卡片: 骑士
加载卡片: 骑士
加载卡片: 骑士
加载卡片: 骑士
加载卡片: 骑士
加载卡片: 骑士
加载卡片: 骑士
加载卡片: 骑士
加载卡片: 骑士
加载卡片: 骑士
加载卡片: 骑士
加载卡片: 骑士
加载卡片: 骑士
加载卡片: 骑士
加载卡片: 骑士
加载卡片: 骑士
加载卡片: 骑士
加载卡片: 骑士
加载卡片: 骑士
加载卡片: 骑士
加载卡片: 骑士
加载卡片: 骑士
加载卡片: 骑士
加载卡片: 骑士
加载卡片: 骑士
加载卡片: 骑士
加载卡片: 骑士
加载卡片: 骑士
加载卡片: 骑士
加载卡片: 骑士
加载卡片: 骑士
加载卡片: 骑士
加载卡片: 骑士
加载卡片: 骑士
加载卡片: 骑士
加载卡片: 骑士
加载卡片: 骑士
加载卡片: 骑士
加载卡片: 骑士
加载卡片: 骑士
加载卡片: 骑士
加载卡片: 骑士
加载卡片: 骑士
加载卡片: 骑士
加载卡片: 骑士
加载卡片: 骑士
加载卡片: 骑士
加载卡片: 骑士
加载卡片: 骑士
加载卡片: 骑士
加载卡片: 骑士
加载卡片: 骑士
加载卡片: 骑士
加载卡片: 骑士
加载卡片: 骑士
加载卡片: 骑士
加载卡片: 骑士
加载卡片: 骑士
加载卡片: 骑士
加载卡片: 骑士
加载卡片: 骑士
加载卡片: 骑士
加载卡片: 骑士
加载卡片: 骑士
加载卡片: 骑士
加载卡片: 骑士
加载卡片: 骑士
加载卡片: 骑士
加载卡片: 骑士
加载卡片: 骑士
加载卡片: 骑士
加载卡片: 骑士
加载卡片: 骑士
加载卡片: 骑士
加载卡片: 骑士
加载卡片: 骑士
加载卡片: 骑士
加载卡片: 骑士
加载卡片: 骑士
加载卡片: 骑士
加载卡片: 骑士
加载卡片: 骑士
加载卡片: 骑士
加载卡片: 骑士
加载卡片: 骑士
加载卡片: 骑士
加载卡片: 骑士
加载卡片: 骑士
加载卡片: 骑士
加载卡片: 骑士
加载卡片: 骑士
加载卡片: 骑士
加载卡片: 骑士
加载卡片: 骑士
加载卡片: 骑士
加载卡片: 骑士
加载卡片: 骑士
加载卡片: 骑士
加载卡片: 骑士
加载卡片: 骑士
加载卡片: 骑士
加载卡片: 骑士
加载卡片: 骑士
加载卡片: 骑士
加载卡片: 骑士
加载卡片: 骑士
加载卡片: 骑士
加载卡片: 骑士
加载卡片: 骑士
加载卡片: 骑士
加载卡片: 骑士
加载卡片: 骑士
加载卡片: 骑士
加载卡片: 骑士
加载卡片: 骑士
加载卡片: 骑士
加载卡片: 骑士
加载卡片: 骑士
加载卡片: 骑士
加载卡片: 骑士
加载卡片: 骑士
加载卡片: 骑士
加载卡片: 骑士
加载卡片: 骑士
加载卡片: 骑士
加载卡片: 骑士
加载卡片: 骑士
加载卡片: 骑士
加载卡片: 骑士
加载卡片: 骑士
加载卡片: 骑士
加载卡片: 骑士
加载卡片: 骑士
加载卡片: 骑士
加载卡片: 骑士
加载卡片: 骑士
加载卡片: 骑士
加载卡片: 骑士
加载卡片: 骑士
加载卡片: 骑士
加载卡片: 骑士
加载卡片: 骑士
加载卡片: 骑士
加载卡片: 骑士
加载卡片: 骑士
加载卡片: 骑士
加载卡片: 骑士
加载卡片: 骑士
加载卡片: 骑士
加载卡片: 骑士
加载卡片: 骑士
加载卡片: 骑士
加载卡片: 骑士
加载卡片: 骑士
加载卡片: 骑士
加载卡片: 骑士
加载卡片: 骑士
加载卡片: 骑士
加载卡片: 骑士
加载卡片: 骑士
加载卡片: 骑士
加载卡片: 骑士
加载卡片: 骑士
加载卡片: 骑士
加载卡片: 骑士
加载卡片: 骑士
加载卡片: 骑士
加载卡片: 骑士
加载卡片: 骑士
加载卡片: 骑士
加载卡片: 骑士
加载卡片: 骑士
加载卡片: 骑士
加载卡片: 骑士
加载卡片: 骑士
加载卡片: 骑士
加载卡片: 骑士
加载卡片: 骑士
加载卡片: 骑士
加载卡片: 骑士
加载卡片: 骑士
加载卡片: 骑士
加载卡片: 骑士
加载卡片: 骑士
加载卡片: 骑士
加载卡片: 骑士
加载卡片: 骑士
加载卡片: 骑士
加载卡片: 骑士
加载卡片: 骑士
加载卡片: 骑士
加载卡片: 骑士
加载卡片: 骑士
加载卡片: 骑士
加载卡片: 骑士
加载卡片: 骑士
加载卡片: 骑士
加载卡片: 骑士
加载卡片: 骑士
加载卡片: 骑士
加载卡片: 骑士
加载卡片: 骑士
加载卡片: 骑士
加载卡片: 骑士
加载卡片: 骑士
加载卡片: 骑士
加载卡片: 骑士
加载卡片: 骑士
加载卡片: 骑士
加载卡片: 骑士
加载卡片: 骑士
加载卡片: 骑士
加载卡片: 骑士
加载卡片: 骑士
加载卡片: 骑士
加载卡片: 骑士
加载卡片: 骑士
加载卡片: 骑士
加载卡片: 骑士
加载卡片: 骑士
加载卡片: 骑士
加载卡片: 骑士
加载卡片: 骑士
加载卡片: 骑士
加载卡片: 骑士
加载卡片: 骑士
加载卡片: 骑士
加载卡片: 骑士
加载卡片: 骑士
加载卡片: 骑士
加载卡片: 骑士
加载卡片: 骑士
加载卡片: 骑士
加载卡片: 骑士
加载卡片: 骑士
加载卡片: 骑士
加载卡片: 骑士
加载卡片: 骑士
加载卡片: 骑士
加载卡片: 骑士
加载卡片: 骑士
加载卡片: 骑士
加载卡片: 骑士
加载卡片: 骑士
加载卡片: 骑士
加载卡片: 骑士
加载卡片: 骑士
加载卡片: 骑士
加载卡片: 骑士
加载卡片: 骑士
加载卡片: 骑士
加载卡片: 骑士
加载卡片: 骑士
加载卡片: 骑士
加载卡片: 骑士
加载卡片: 骑士
加载卡片: 骑士
加载卡片: 骑士
加载卡片: 骑士
加载卡片: 骑士
加载卡片: 骑士
加载卡片: 骑士
加载卡片: 骑士
加载卡片: 骑士
加载卡片: 骑士
加载卡片: 骑士
加载卡片: 骑士
加载卡片: 骑士
加载卡片: 骑士
加载卡片: 骑士
加载卡片: 骑士
加载卡片: 骑士
加载卡片: 骑士
加载卡片: 骑士
加载卡片: 骑士
加载卡片: 骑士
加载卡片: 骑士
加载卡片: 骑士
加载卡片: 骑士
加载卡片: 骑士
加载卡片: 骑士
加载卡片: 骑士
加载卡片: 骑士
加载卡片: 骑士
加载卡片: 骑士
加载卡片: 骑士
加载卡片: 骑士
加载卡片: 骑士
加载卡片: 骑士
加载卡片: 骑士
加载卡片: 骑士
加载卡片: 骑士
加载卡片: 骑士
加载卡片: 骑士
加载卡片: 骑士
加载卡片: 骑士
加载卡片: 骑士
加载卡片: 骑士
加载卡片: 骑士
加载卡片: 骑士
加载卡片: 骑士
加载卡片: 骑士
加载卡片: 骑士
加载卡片: 骑士
加载卡片: 骑士
加载卡片: 骑士
加载卡片: 骑士
加载卡片: 骑士
加载卡片: 骑士
加载卡片: 骑士
加载卡片: 骑士
加载卡片: 骑士
加载卡片: 骑士
加载卡片: 骑士
加载卡片: 骑士
加载卡片: 骑士
加载卡片: 骑士
加载卡片: 骑士
加载卡片: 骑士
加载卡片: 骑士
加载卡片: 骑士
加载卡片: 骑士
加载卡片: 骑士
加载卡片: 骑士
加载卡片: 骑士
加载卡片: 骑士
加载卡片: 骑士
加载卡片: 骑士
加载卡片: 骑士
加载卡片: 骑士
加载卡片: 骑士
加载卡片: 骑士
加载卡片: 骑士
加载卡片: 骑士
加载卡片: 骑士
加载卡片: 骑士
加载卡片: 骑士
加载卡片: 骑士
加载卡片: 骑士
加载卡片: 骑士
加载卡片: 骑士
加载卡片: 骑士
加载卡片: 骑士
加载卡片: 骑士
加载卡片: 骑士
加载卡片: 骑士
加载卡片: 骑士
加载卡片: 骑士
加载卡片: 骑士
加载卡片: 骑士
加载卡片: 骑士
加载卡片: 骑士
加载卡片: 骑士
加载卡片: 骑士
加载卡片: 骑士
加载卡片: 骑士
加载卡片: 骑士
加载卡片: 骑士
加载卡片: 骑士
加载卡片: 骑士
加载卡片: 骑士
加载卡片: 骑士
加载卡片: 骑士
加载卡片: 骑士
加载卡片: 骑士
加载卡片: 骑士
加载卡片: 骑士
加载卡片: 骑士
加载卡片: 骑士
加载卡片: 骑士
加载卡片: 骑士
加载卡片: 骑士
加载卡片: 骑士
加载卡片: 骑士
加载卡片: 骑士
加载卡片: 骑士
加载卡片: 骑士
加载卡片: 骑士
加载卡片: 骑士
加载卡片: 骑士
加载卡片: 骑士
加载卡片: 骑士
加载卡片: 骑士
加载卡片: 骑士
加载卡片: 骑士
加载卡片: 骑士
加载卡片: 骑士
加载卡片: 骑士
加载卡片: 骑士
加载卡片: 骑士
加载卡片: 骑士
加载卡片: 骑士
加载卡片: 骑士
加载卡片: 骑士
加载卡片: 骑士
加载卡片: 骑士
加载卡片: 骑士
加载卡片: 骑士
加载卡片: 骑士
加载卡片: 骑士
加载卡片: 骑士
加载卡片: 骑士
加载卡片: 骑士
加载卡片: 骑士
加载卡片: 骑士
加载卡片: 骑士
加载卡片: 骑士
加载卡片: 骑士
加载卡片: 骑士
加载卡片: 骑士
加载卡片: 骑士
加载卡片: 骑士
加载卡片: 骑士
加载卡片: 骑士
加载卡片: 骑士
加载卡片: 骑士
加载卡片: 骑士
加载卡片: 骑士
加载卡片: 骑士
加载卡片: 骑士
加载卡片: 骑士
加载卡片: 骑士
加载卡片: 骑士
加载卡片: 骑士
加载卡片: 骑士
加载卡片: 骑士
加载卡片: 骑士
加载卡片: 骑士
加载卡片: 骑士
加载卡片: 骑士
加载卡片: 骑士
加载卡片: 骑士
加载卡片: 骑士
加载卡片: 骑士
加载卡片: 骑士
加载卡片: 骑士
加载卡片: 骑士
加载卡片: 骑士
加载卡片: 骑士
加载卡片: 骑士
加载卡片: 骑士
加载卡片: 骑士
加载卡片: 骑士
加载卡片: 骑士
加载卡片: 骑士
加载卡片: 骑士
加载卡片: 骑士
加载卡片: 骑士
加载卡片: 骑士
加载卡片: 骑士
加载卡片: 骑士
加载卡片: 骑士
加载卡片: 骑士
加载卡片: 骑士
加载卡片: 骑士
加载卡片: 骑士
加载卡片: 骑士
加载卡片: 骑士
加载卡片: 骑士
加载卡片: 骑士
加载卡片: 骑士
加载卡片: 骑士
加载卡片: 骑士
加载卡片: 骑士
加载卡片: 骑士
加载卡片: 骑士
加载卡片: 骑士
加载卡片: 骑士
加载卡片: 骑士
加载卡片: 骑士
加载卡片: 骑士
加载卡片: 骑士
加载卡片: 骑士
加载卡片: 骑士
加载卡片: 骑士
加载卡片: 骑士
加载卡片: 骑士
加载卡片: 骑士
加载卡片: 骑士
加载卡片: 骑士
加载卡片: 骑士
加载卡片: 骑士
加载卡片: 骑士
加载卡片: 骑士
加载卡片: 骑士
加载卡片: 骑士
加载卡片: 骑士
加载卡片: 骑士
加载卡片: 骑士
加载卡片: 骑士
加载卡片: 骑士
加载卡片: 骑士
加载卡片: 骑士
加载卡片: 骑士
加载卡片: 骑士
加载卡片: 骑士
加载卡片: 骑士
加载卡片: 骑士
加载卡片: 骑士
加载卡片: 骑士
加载卡片: 骑士
加载卡片: 骑士
加载卡片: 骑士
加载卡片: 骑士
加载卡片: 骑士
加载卡片: 骑士
加载卡片: 骑士
加载卡片: 骑士
加载卡片: 骑士
加载卡片: 骑士
加载卡片: 骑士
加载卡片: 骑士
加载卡片: 骑士
加载卡片: 骑士
加载卡片: 骑士
加载卡片: 骑士
加载卡片: 骑士
加载卡片: 骑士
加载卡片: 骑士
加载卡片: 骑士
加载卡片: 骑士
加载卡片: 骑士
加载卡片: 骑士
加载卡片: 骑士
加载卡片: 骑士
加载卡片: 骑士
加载卡片: 骑士
加载卡片: 骑士
加载卡片: 骑士
加载卡片: 骑士
加载卡片: 骑士
加载卡片: 骑士
加载卡片: 骑士
加载卡片: 骑士
加载卡片: 骑士
加载卡片: 骑士
加载卡片: 骑士
加载卡片: 骑士
加载卡片: 骑士
加载卡片: 骑士
加载卡片: 骑士
加载卡片: 骑士
加载卡片: 骑士
加载卡片: 骑士
加载卡片: 骑士
加载卡片: 骑士
加载卡片: 骑士
加载卡片: 骑士
加载卡片: 骑士
加载卡片: 骑士
加载卡片: 骑士
加载卡片: 骑士
加载卡片: 骑士
加载卡片: 骑士
加载卡片: 骑士
加载卡片: 骑士
加载卡片: 骑士
加载卡片: 骑士
加载卡片: 骑士
加载卡片: 骑士
加载卡片: 骑士
加载卡片: 骑士
加载卡片: 骑士
加载卡片: 骑士
加载卡片: 骑士
加载卡片: 骑士
加载卡片: 骑士
加载卡片: 骑士
加载卡片: 骑士
加载卡片: 骑士
加载卡片: 骑士
加载卡片: 骑士
加载卡片: 骑士
加载卡片: 骑士
加载卡片: 骑士
加载卡片: 骑士
加载卡片: 骑士
加载卡片: 骑士
加载卡片: 骑士
加载卡片: 骑士
加载卡片: 骑士
加载卡片: 骑士
加载卡片: 骑士
加载卡片: 骑士
加载卡片: 骑士
加载卡片: 骑士
加载卡片: 骑士
加载卡片: 骑士
加载卡片: 骑士
加载卡片: 骑士
加载卡片: 骑士
加载卡片: 骑士
加载卡片: 骑士
加载卡片: 骑士
加载卡片: 骑士
加载卡片: 骑士
加载卡片: 骑士
加载卡片: 骑士
加载卡片: 骑士
加载卡片: 骑士
加载卡片: 骑士
加载卡片: 骑士
加载卡片: 骑士
加载卡片: 骑士
加载卡片: 骑士
加载卡片: 骑士
加载卡片: 骑士
加载卡片: 骑士
加载卡片: 骑士
加载卡片: 骑士
加载卡片: 骑士
加载卡片: 骑士
加载卡片: 骑士
加载卡片: 骑士
加载卡片: 骑士
加载卡片: 骑士
加载卡片: 骑士
加载卡片: 骑士
加载卡片: 骑士
加载卡片: 骑士
加载卡片: 骑士
加载卡片: 骑士
加载卡片: 骑士
加载卡片: 骑士
加载卡片: 骑士
加载卡片: 骑士
加载卡片: 骑士
加载卡片: 骑士
加载卡片: 骑士
加载卡片: 骑士
加载卡片: 骑士
加载卡片: 骑士
加载卡片: 骑士
加载卡片: 骑士
加载卡片: 骑士
加载卡片: 骑士
加载卡片: 骑士
加载卡片: 骑士
加载卡片: 骑士
加载卡片: 骑士
加载卡片: 骑士
加载卡片: 骑士
加载卡片: 骑士
加载卡片: 骑士
加载卡片: 骑士
加载卡片: 骑士
加载卡片: 骑士
加载卡片: 骑士
加载卡片: 骑士
加载卡片: 骑士
加载卡片: 骑士
加载卡片: 骑士
加载卡片: 骑士
加载卡片: 骑士
加载卡片: 骑士
加载卡片: 骑士
加载卡片: 骑士
加载卡片: 骑士
加载卡片: 骑士
加载卡片: 骑士
加载卡片: 骑士
加载卡片: 骑士
加载卡片: 骑士
加载卡片: 骑士
加载卡片: 骑士
加载卡片: 骑士
加载卡片: 骑士
加载卡片: 骑士
加载卡片: 骑士
加载卡片: 骑士
加载卡片: 骑士
加载卡片: 骑士
加载卡片: 骑士
加载卡片: 骑士
加载卡片: 骑士
加载卡片: 骑士
加载卡片: 骑士
加载卡片: 骑士
加载卡片: 骑士
加载卡片: 骑士
加载卡片: 骑士
加载卡片: 骑士
加载卡片: 骑士
加载卡片: 骑士
加载卡片: 骑士
加载卡片: 骑士
加载卡片: 骑士
加载卡片: 骑士
加载卡片: 骑士
加载卡片: 骑士
加载卡片: 骑士
加载卡片: 骑士
加载卡片: 骑士
加载卡片: 骑士
加载卡片: 骑士
加载卡片: 骑士
加载卡片: 骑士
加载卡片: 骑士
加载卡片: 骑士
加载卡片: 骑士
加载卡片: 骑士
加载卡片: 骑士
加载卡片: 骑士
加载卡片: 骑士
加载卡片: 骑士
加载卡片: 骑士
加载卡片: 骑士
加载卡片: 骑士
加载卡片: 骑士
加载卡片: 骑士
加载卡片: 骑士
加载卡片: 骑士
加载卡片: 骑士
加载卡片: 骑士
加载卡片: 骑士
加载卡片: 骑士
加载卡片: 骑士
加载卡片: 骑士
加载卡片: 骑士
加载卡片: 骑士
加载卡片: 骑士
加载卡片: 骑士
加载卡片: 骑士
加载卡片: 骑士
加载卡片: 骑士
加载卡片: 骑士
加载卡片: 骑士
加载卡片: 骑士
加载卡片: 骑士
加载卡片: 骑士
加载卡片: 骑士
加载卡片: 骑士
加载卡片: 骑士
加载卡片: 骑士
加载卡片: 骑士
加载卡片: 骑士
加载卡片: 骑士
加载卡片: 骑士
加载卡片: 骑士
加载卡片: 骑士
加载卡片: 骑士
加载卡片: 骑士
加载卡片: 骑士
加载卡片: 骑士
加载卡片: 骑士
加载卡片: 骑士
加载卡片: 骑士
加载卡片: 骑士
加载卡片: 骑士
加载卡片: 骑士
加载卡片: 骑士
加载卡片: 骑士
加载卡片: 骑士
加载卡片: 骑士
加载卡片: 骑士
加载卡片: 骑士
加载卡片: 骑士
加载卡片: 骑士
加载卡片: 骑士
加载卡片: 骑士
加载卡片: 骑士
加载卡片: 骑士
加载卡片: 骑士
加载卡片: 骑士
加载卡片: 骑士
加载卡片: 骑士
加载卡片: 骑士
加载卡片: 骑士
加载卡片: 骑士
加载卡片: 骑士
加载卡片: 骑士
加载卡片: 骑士
加载卡片: 骑士
加载卡片: 骑士
加载卡片: 骑士
加载卡片: 骑士
加载卡片: 骑士
加载卡片: 骑士
加载卡片: 骑士
加载卡片: 骑士
加载卡片: 骑士
加载卡片: 骑士
加载卡片: 骑士
加载卡片: 骑士
加载卡片: 骑士
加载卡片: 骑士
加载卡片: 骑士
加载卡片: 骑士
加载卡片: 骑士
加载卡片: 骑士
加载卡片: 骑士
加载卡片: 骑士
加载卡片: 骑士
加载卡片: 骑士
加载卡片: 骑士
加载卡片: 骑士
加载卡片: 骑士
加载卡片: 骑士
加载卡片: 骑士
加载卡片: 骑士
加载卡片: 骑士
加载卡片: 骑士
加载卡片: 骑士
加载卡片: 骑士
加载卡片: 骑士
加载卡片: 骑士
加载卡片: 骑士
加载卡片: 骑士
加载卡片: 骑士
加载卡片: 骑士
加载卡片: 骑士
加载卡片: 骑士
加载卡片: 骑士
加载卡片: 骑士
加载卡片: 骑士
加载卡片: 骑士
加载卡片: 骑士
加载卡片: 骑士
加载卡片: 骑士
加载卡片: 骑士
加载卡片: 骑士
加载卡片: 骑士
加载卡片: 骑士
加载卡片: 骑士
加载卡片: 骑士
加载卡片: 骑士
加载卡片: 骑士
加载卡片: 骑士
加载卡片: 骑士
加载卡片: 骑士
加载卡片: 骑士
加载卡片: 骑士
加载卡片: 骑士
加载卡片: 骑士
加载卡片: 骑士
加载卡片: 骑士
加载卡片: 骑士
加载卡片: 骑士
加载卡片: 骑士
加载卡片: 骑士
加载卡片: 骑士
加载卡片: 骑士
加载卡片: 骑士
加载卡片: 骑士
加载卡片: 骑士
加载卡片: 骑士
加载卡片: 骑士
加载卡片: 骑士
加载卡片: 骑士
加载卡片: 骑士
加载卡片: 骑士
加载卡片: 骑士
加载卡片: 骑士
加载卡片: 骑士
加载卡片: 骑士
加载卡片: 骑士
加载卡片: 骑士
加载卡片: 骑士
加载卡片: 骑士
加载卡片: 骑士
加载卡片: 骑士
加载卡片: 骑士
加载卡片: 骑士
加载卡片: 骑士
加载卡片: 骑士
加载卡片: 骑士
加载卡片: 骑士
加载卡片: 骑士
加载卡片: 骑士
加载卡片: 骑士
加载卡片: 骑士
加载卡片: 骑士
加载卡片: 骑士
加载卡片: 骑士
加载卡片: 骑士
加载卡片: 骑士
加载卡片: 骑士
加载卡片: 骑士
加载卡片: 骑士
加载卡片: 骑士
加载卡片: 骑士
加载卡片: 骑士
加载卡片: 骑士
加载卡片: 骑士
加载卡片: 骑士
加载卡片: 骑士
加载卡片: 骑士
加载卡片: 骑士
加载卡片: 骑士
加载卡片: 骑士
加载卡片: 骑士
加载卡片: 骑士
加载卡片: 骑士
加载卡片: 骑士
加载卡片: 骑士
加载卡片: 骑士
加载卡片: 骑士
加载卡片: 骑士
加载卡片: 骑士
加载卡片: 骑士
加载卡片: 骑士
加载卡片: 骑士
加载卡片: 骑士
加载卡片: 骑士
加载卡片: 骑士
加载卡片: 骑士
加载卡片: 骑士
加载卡片: 骑士
加载卡片: 骑士
加载卡片: 骑士
加载卡片: 骑士
加载卡片: 骑士
加载卡片: 骑士
加载卡片: 骑士
加载卡片: 骑士
加载卡片: 骑士
加载卡片: 骑士
加载卡片: 骑士
加载卡片: 骑士
加载卡片: 骑士
加载卡片: 骑士
加载卡片: 骑士
加载卡片: 骑士
加载卡片: 骑士
加载卡片: 骑士
加载卡片: 骑士
加载卡片: 骑士
加载卡片: 骑士
加载卡片: 骑士
加载卡片: 骑士
加载卡片: 骑士
加载卡片: 骑士
加载卡片: 骑士
加载卡片: 骑士
加载卡片: 骑士
加载卡片: 骑士
加载卡片: 骑士
加载卡片: 骑士
加载卡片: 骑士
加载卡片: 骑士
加载卡片: 骑士
加载卡片: 骑士
加载卡片: 骑士
加载卡片: 骑士
加载卡片: 骑士
加载卡片: 骑士
加载卡片: 骑士
加载卡片: 骑士
加载卡片: 骑士
加载卡片: 骑士
加载卡片: 骑士
加载卡片: 骑士
加载卡片: 骑士
加载卡片: 骑士
加载卡片: 骑士
加载卡片: 骑士
加载卡片: 骑士
加载卡片: 骑士
加载卡片: 骑士
加载卡片: 骑士
加载卡片: 骑士
加载卡片: 骑士
加载卡片: 骑士
加载卡片: 骑士
加载卡片: 骑士
加载卡片: 骑士
加载卡片: 骑士
加载卡片: 骑士
加载卡片: 骑士
加载卡片: 骑士
加载卡片: 骑士
加载卡片: 骑士
加载卡片: 骑士
加载卡片: 骑士
加载卡片: 骑士
加载卡片: 骑士
加载卡片: 骑士
加载卡片: 骑士
加载卡片: 骑士
加载卡片: 骑士
加载卡片: 骑士
加载卡片: 骑士
加载卡片: 骑士
加载卡片: 骑士
加载卡片: 骑士
加载卡片: 骑士
加载卡片: 骑士
加载卡片: 骑士
加载卡片: 骑士
加载卡片: 骑士
加载卡片: 骑士
加载卡片: 骑士
加载卡片: 骑士
加载卡片: 骑士
加载卡片: 骑士
加载卡片: 骑士
加载卡片: 骑士
加载卡片: 骑士
加载卡片: 骑士
加载卡片: 骑士
加载卡片: 骑士
加载卡片: 骑士
加载卡片: 骑士
加载卡片: 骑士
加载卡片: 骑士
加载卡片: 骑士
加载卡片: 骑士
加载卡片: 骑士
加载卡片: 骑士
加载卡片: 骑士
加载卡片: 骑士
加载卡片: 骑士
加载卡片: 骑士
加载卡片: 骑士
加载卡片: 骑士
加载卡片: 骑士
加载卡片: 骑士
加载卡片: 骑士
加载卡片: 骑士
加载卡片: 骑士
加载卡片: 骑士
加载卡片: 骑士
加载卡片: 骑士
加载卡片: 骑士
加载卡片: 骑士
加载卡片: 骑士
加载卡片: 骑士
加载卡片: 骑士
加载卡片: 骑士
加载卡片: 骑士
加载卡片: 骑士
加载卡片: 骑士
加载卡片: 骑士
加载卡片: 骑士
加载卡片: 骑士
加载卡片: 骑士
加载卡片: 骑士
加载卡片: 骑士
加载卡片: 骑士
加载卡片: 骑士
加载卡片: 骑士
加载卡片: 骑士
加载卡片: 骑士
加载卡片: 骑士
加载卡片: 骑士
加载卡片: 骑士
加载卡片: 骑士
加载卡片: 骑士
加载卡片: 骑士
加载卡片: 骑士
加载卡片: 骑士
加载卡片: 骑士
加载卡片: 骑士
加载卡片: 骑士
加载卡片: 骑士
加载卡片: 骑士
加载卡片: 骑士
加载卡片: 骑士
加载卡片: 骑士
加载卡片: 骑士
加载卡片: 骑士
加载卡片: 骑士
加载卡片: 骑士
加载卡片: 骑士
加载卡片: 骑士
加载卡片: 骑士
加载卡片: 骑士
加载卡片: 骑士
加载卡片: 骑士
加载卡片: 骑士
加载卡片: 骑士
加载卡片: 骑士
加载卡片: 骑士
加载卡片: 骑士
加载卡片: 骑士
加载卡片: 骑士
加载卡片: 骑士
加载卡片: 骑士
加载卡片: 骑士
加载卡片: 骑士
加载卡片: 骑士
加载卡片: 骑士
加载卡片: 骑士
加载卡片: 骑士
加载卡片: 骑士
加载卡片: 骑士
加载卡片: 骑士
加载卡片: 骑士
加载卡片: 骑士
加载卡片: 骑士
加载卡片: 骑士
加载卡片: 骑士
加载卡片: 骑士
加载卡片: 骑士
加载卡片: 骑士
加载卡片: 骑士
加载卡片: 骑士
加载卡片: 骑士
加载卡片: 骑士
加载卡片: 骑士
加载卡片: 骑士
加载卡片: 骑士
加载卡片: 骑士
加载卡片: 骑士
加载卡片: 骑士
加载卡片: 骑士
加载卡片: 骑士
加载卡片: 骑士
加载卡片: 骑士
加载卡片: 骑士
加载卡片: 骑士
加载卡片: 骑士
加载卡片: 骑士
加载卡片: 骑士
加载卡片: 骑士
加载卡片: 骑士
加载卡片: 骑士
加载卡片: 骑士
加载卡片: 骑士
加载卡片: 骑士
加载卡片: 骑士
加载卡片: 骑士
加载卡片: 骑士
加载卡片: 骑士
加载卡片: 骑士
加载卡片: 骑士
加载卡片: 骑士
加载卡片: 骑士
加载卡片: 骑士
加载卡片: 骑士
加载卡片: 骑士
加载卡片: 骑士
加载卡片: 骑士
加载卡片: 骑士
加载卡片: 骑士
加载卡片: 骑士
加载卡片: 骑士
加载卡片: 骑士
加载卡片: 骑士
加载卡片: 骑士
加载卡片: 骑士
加载卡片: 骑士
加载卡片: 骑士
加载卡片: 骑士
加载卡片: 骑士
加载卡片: 骑士
加载卡片: 骑士
加载卡片: 骑士
加载卡片: 骑士
加载卡片: 骑士
加载卡片: 骑士
加载卡片: 骑士
加载卡片: 骑士
加载卡片: 骑士
加载卡片: 骑士
加载卡片: 骑士
加载卡片: 骑士
加载卡片: 骑士
加载卡片: 骑士
加载卡片: 骑士
加载卡片: 骑士
加载卡片: 骑士
加载卡片: 骑士
加载卡片: 骑士
加载卡片: 骑士
加载卡片: 骑士
加载卡片: 骑士
加载卡片: 骑士
加载卡片: 骑士
加载卡片: 骑士
加载卡片: 骑士
加载卡片: 骑士
加载卡片: 骑士
加载卡片: 骑士
加载卡片: 骑士
加载卡片: 骑士
加载卡片: 骑士
加载卡片: 骑士
加载卡片: 骑士
加载卡片: 骑士
加载卡片: 骑士
加载卡片: 骑士
加载卡片: 骑士
加载卡片: 骑士
加载卡片: 骑士
加载卡片: 骑士
加载卡片: 骑士
加载卡片: 骑士
加载卡片: 骑士
加载卡片: 骑士
加载卡片: 骑士
加载卡片: 骑士
加载卡片: 骑士
加载卡片: 骑士
加载卡片: 骑士
加载卡片: 骑士
加载卡片: 骑士
加载卡片: 骑士
加载卡片: 骑士
加载卡片: 骑士
加载卡片: 骑士
加载卡片: 骑士
加载卡片: 骑士
加载卡片: 骑士
加载卡片: 骑士
加载卡片: 骑士
加载卡片: 骑士
加载卡片: 骑士
加载卡片: 骑士
加载卡片: 骑士
加载卡片: 骑士
加载卡片: 骑士
加载卡片: 骑士
加载卡片: 骑士
加载卡片: 骑士
加载卡片: 骑士
加载卡片: 骑士
加载卡片: 骑士
加载卡片: 骑士
加载卡片: 骑士
加载卡片: 骑士
加载卡片: 骑士
加载卡片: 骑士
加载卡片: 骑士
加载卡片: 骑士
加载卡片: 骑士
加载卡片: 骑士
加载卡片: 骑士
加载卡片: 骑士
加载卡片: 骑士
加载卡片: 骑士
加载卡片: 骑士
加载卡片: 骑士
加载卡片: 骑士
加载卡片: 骑士
加载卡片: 骑士
加载卡片: 骑士
加载卡片: 骑士
加载卡片: 骑士
加载卡片: 骑士
加载卡片: 骑士
加载卡片: 骑士
加载卡片: 骑士
加载卡片: 骑士
加载卡片: 骑士
加载卡片: 骑士
加载卡片: 骑士
加载卡片: 骑士
加载卡片: 骑士
加载卡片: 骑士
加载卡片: 骑士
加载卡片: 骑士
加载卡片: 骑士
加载卡片: 骑士
加载卡片: 骑士
加载卡片: 骑士
加载卡片: 骑士
加载卡片: 骑士
加载卡片: 骑士
加载卡片: 骑士
加载卡片: 骑士
加载卡片: 骑士
加载卡片: 骑士
加载卡片: 骑士
加载卡片: 骑士
加载卡片: 骑士
加载卡片: 骑士
加载卡片: 骑士
加载卡片: 骑士
加载卡片: 骑士
加载卡片: 骑士
加载卡片: 骑士
加载卡片: 骑士
加载卡片: 骑士
加载卡片: 骑士
加载卡片: 骑士
加载卡片: 骑士
加载卡片: 骑士
加载卡片: 骑士
加载卡片: 骑士
加载卡片: 骑士
加载卡片: 骑士
加载卡片: 骑士
加载卡片: 骑士
加载卡片: 骑士
加载卡片: 骑士
加载卡片: 骑士
加载卡片: 骑士
加载卡片: 骑士
加载卡片: 骑士
加载卡片: 骑士
加载卡片: 骑士
加载卡片: 骑士
加载卡片: 骑士
加载卡片: 骑士
加载卡片: 骑士
加载卡片: 骑士
加载卡片: 骑士
加载卡片: 骑士
加载卡片: 骑士
加载卡片: 骑士
加载卡片: 骑士
加载卡片: 骑士
加载卡片: 骑士
加载卡片: 骑士
加载卡片: 骑士
加载卡片: 骑士
加载卡片: 骑士
加载卡片: 骑士
加载卡片: 骑士
加载卡片: 骑士
加载卡片: 骑士
加载卡片: 骑士
加载卡片: 骑士
加载卡片: 骑士
加载卡片: 骑士
加载卡片: 骑士
加载卡片: 骑士
加载卡片: 骑士
加载卡片: 骑士
加载卡片: 骑士
加载卡片: 骑士
加载卡片: 骑士
加载卡片: 骑士
加载卡片: 骑士
加载卡片: 骑士
加载卡片: 骑士
加载卡片: 骑士
加载卡片: 骑士
加载卡片: 骑士
加载卡片: 骑士
加载卡片: 骑士
加载卡片: 骑士
加载卡片: 骑士
加载卡片: 骑士
加载卡片: 骑士
加载卡片: 骑士
加载卡片: 骑士
加载卡片: 骑士
加载卡片: 骑士
加载卡片: 骑士
加载卡片: 骑士
加载卡片: 骑士
加载卡片: 骑士
加载卡片: 骑士
加载卡片: 骑士
加载卡片: 骑士
加载卡片: 骑士
加载卡片: 骑士
加载卡片: 骑士
加载卡片: 骑士
加载卡片: 骑士
加载卡片: 骑士
加载卡片: 骑士
加载卡片: 骑士
加载卡片: 骑士
加载卡片: 骑士
加载卡片: 骑士
加载卡片: 骑士
加载卡片: 骑士
加载卡片: 骑士
加载卡片: 骑士
加载卡片: 骑士
加载卡片: 骑士
加载卡片: 骑士
加载卡片: 骑士
加载卡片: 骑士
加载卡片: 骑士
加载卡片: 骑士
加载卡片: 骑士
加载卡片: 骑士
加载卡片: 骑士
加载卡片: 骑士
加载卡片: 骑士
加载卡片: 骑士
加载卡片: 骑士
加载卡片: 骑士
加载卡片: 骑士
加载卡片: 骑士
加载卡片: 骑士
加载卡片: 骑士
加载卡片: 骑士
加载卡片: 骑士
加载卡片: 骑士
加载卡片: 骑士
加载卡片: 骑士
加载卡片: 骑士
加载卡片: 骑士
加载卡片: 骑士
加载卡片: 骑士
加载卡片: 骑士
加载卡片: 骑士
加载卡片: 骑士
加载卡片: 骑士
加载卡片: 骑士
加载卡片: 骑士
加载卡片: 骑士
加载卡片: 骑士
加载卡片: 骑士
加载卡片: 骑士
加载卡片: 骑士
加载卡片: 骑士
加载卡片: 骑士
加载卡片: 骑士
加载卡片: 骑士
加载卡片: 骑士
加载卡片: 骑士
加载卡片: 骑士
加载卡片: 骑士
加载卡片: 骑士
加载卡片: 骑士
加载卡片: 骑士
加载卡片: 骑士
加载卡片: 骑士
加载卡片: 骑士
加载卡片: 骑士
加载卡片: 骑士
加载卡片: 骑士
加载卡片: 骑士
加载卡片: 骑士
加载卡片: 骑士
加载卡片: 骑士
加载卡片: 骑士
加载卡片: 骑士
加载卡片: 骑士
加载卡片: 骑士
加载卡片: 骑士
加载卡片: 骑士
加载卡片: 骑士
加载卡片: 骑士
加载卡片: 骑士
加载卡片: 骑士
加载卡片: 骑士
加载卡片: 骑士
加载卡片: 骑士
加载卡片: 骑士
加载卡片: 骑士
加载卡片: 骑士
加载卡片: 骑士
加载卡片: 骑士
加载卡片: 骑士
加载卡片: 骑士
加载卡片: 骑士
加载卡片: 骑士
加载卡片: 骑士
加载卡片: 骑士
加载卡片: 骑士
加载卡片: 骑士
加载卡片: 骑士
加载卡片: 骑士
加载卡片: 骑士
加载卡片: 骑士
加载卡片: 骑士
加载卡片: 骑士
加载卡片: 骑士
加载卡片: 骑士
加载卡片: 骑士
加载卡片: 骑士
加载卡片: 骑士
加载卡片: 骑士
加载卡片: 骑士
加载卡片: 骑士
加载卡片: 骑士
加载卡片: 骑士
加载卡片: 骑士
加载卡片: 骑士
加载卡片: 骑士
加载卡片: 骑士
加载卡片: 骑士
加载卡片: 骑士
加载卡片: 骑士
加载卡片: 骑士
加载卡片: 骑士
加载卡片: 骑士
加载卡片: 骑士
加载卡片: 骑士
加载卡片: 骑士
加载卡片: 骑士
加载卡片: 骑士
加载卡片: 骑士
加载卡片: 骑士
加载卡片: 骑士
加载卡片: 骑士
加载卡片: 骑士
加载卡片: 骑士
加载卡片: 骑士
加载卡片: 骑士
加载卡片: 骑士
加载卡片: 骑士
加载卡片: 骑士
加载卡片: 骑士
加载卡片: 骑士
加载卡片: 骑士
加载卡片: 骑士
加载卡片: 骑士
加载卡片: 骑士
加载卡片: 骑士
加载卡片: 骑士
加载卡片: 骑士
加载卡片: 骑士
加载卡片: 骑士
加载卡片: 骑士
加载卡片: 骑士
加载卡片: 骑士
加载卡片: 骑士
加载卡片: 骑士
加载卡片: 骑士
加载卡片: 骑士
加载卡片: 骑士
加载卡片: 骑士
加载卡片: 骑士
加载卡片: 骑士
加载卡片: 骑士
加载卡片: 骑士
加载卡片: 骑士
加载卡片: 骑士
加载卡片: 骑士
加载卡片: 骑士
加载卡片: 骑士
加载卡片: 骑士
加载卡片: 骑士
加载卡片: 骑士
加载卡片: 骑士
加载卡片: 骑士
加载卡片: 骑士
加载卡片: 骑士
加载卡片: 骑士
加载卡片: 骑士
加载卡片: 骑士
加载卡片: 骑士
加载卡片: 骑士
加载卡片: 骑士
加载卡片: 骑士
加载卡片: 骑士
加载卡片: 骑士
加载卡片: 骑士
加载卡片: 骑士
加载卡片: 骑士
加载卡片: 骑士
加载卡片: 骑士
加载卡片: 骑士
加载卡片: 骑士
加载卡片: 骑士
加载卡片: 骑士
加载卡片: 骑士
加载卡片: 骑士
加载卡片: 骑士
加载卡片: 骑士
加载卡片: 骑士
加载卡片: 骑士
加载卡片: 骑士
加载卡片: 骑士
加载卡片: 骑士
加载卡片: 骑士
加载卡片: 骑士
加载卡片: 骑士
加载卡片: 骑士
加载卡片: 骑士
加载卡片: 骑士
加载卡片: 骑士
加载卡片: 骑士
加载卡片: 骑士
加载卡片: 骑士
加载卡片: 骑士
加载卡片: 骑士
加载卡片: 骑士
加载卡片: 骑士
加载卡片: 骑士
加载卡片: 骑士
加载卡片: 骑士
加载卡片: 骑士
加载卡片: 骑士
加载卡片: 骑士
加载卡片: 骑士
加载卡片: 骑士
加载卡片: 骑士
加载卡片: 骑士
加载卡片: 骑士
加载卡片: 骑士
加载卡片: 骑士
加载卡片: 骑士
加载卡片: 骑士
加载卡片: 骑士
加载卡片: 骑士
加载卡片: 骑士
加载卡片: 骑士
加载卡片: 骑士
加载卡片: 骑士
加载卡片: 骑士
加载卡片: 骑士
加载卡片: 骑士
加载卡片: 骑士
加载卡片: 骑士
加载卡片: 骑士
加载卡片: 骑士
加载卡片: 骑士
加载卡片: 骑士
加载卡片: 骑士
加载卡片: 骑士
加载卡片: 骑士
加载卡片: 骑士
加载卡片: 骑士
加载卡片: 骑士
加载卡片: 骑士
加载卡片: 骑士
加载卡片: 骑士
加载卡片: 骑士
加载卡片: 骑士
加载卡片: 骑士
加载卡片: 骑士
加载卡片: 骑士
加载卡片: 骑士
加载卡片: 骑士
加载卡片: 骑士
加载卡片: 骑士
加载卡片: 骑士
加载卡片: 骑士
加载卡片: 骑士
加载卡片: 骑士
加载卡片: 骑士
加载卡片: 骑士
加载卡片: 骑士
加载卡片: 骑士
加载卡片: 骑士
加载卡片: 骑士
加载卡片: 骑士
加载卡片: 骑士
加载卡片: 骑士
加载卡片: 骑士
加载卡片: 骑士
加载卡片: 骑士
加载卡片: 骑士
加载卡片: 骑士
加载卡片: 骑士
加载卡片: 骑士
加载卡片: 骑士
加载卡片: 骑士
加载卡片: 骑士
加载卡片: 骑士
加载卡片: 骑士
加载卡片: 骑士
加载卡片: 骑士
加载卡片: 骑士
加载卡片: 骑士
加载卡片: 骑士
加载卡片: 骑士
加载卡片: 骑士
加载卡片: 骑士
加载卡片: 骑士
加载卡片: 骑士
加载卡片: 骑士
加载卡片: 骑士
加载卡片: 骑士
加载卡片: 骑士
加载卡片: 骑士
加载卡片: 骑士
加载卡片: 骑士
加载卡片: 骑士
加载卡片: 骑士
加载卡片: 骑士
加载卡片: 骑士
加载卡片: 骑士
加载卡片: 骑士
加载卡片: 骑士
加载卡片: 骑士
加载卡片: 骑士
加载卡片: 骑士
加载卡片: 骑士
加载卡片: 骑士
加载卡片: 骑士
加载卡片: 骑士
加载卡片: 骑士
加载卡片: 骑士
加载卡片: 骑士
加载卡片: 骑士
加载卡片: 骑士
加载卡片: 骑士
加载卡片: 骑士
加载卡片: 骑士
加载卡片: 骑士
加载卡片: 骑士
加载卡片: 骑士
加载卡片: 骑士
加载卡片: 骑士
加载卡片: 骑士
加载卡片: 骑士
加载卡片: 骑士
加载卡片: 骑士
加载卡片: 骑士
加载卡片: 骑士
加载卡片: 骑士
加载卡片: 骑士
加载卡片: 骑士
加载卡片: 骑士
加载卡片: 骑士
加载卡片: 骑士
加载卡片: 骑士
加载卡片: 骑士
加载卡片: 骑士
加载卡片: 骑士
加载卡片: 骑士
加载卡片: 骑士
加载卡片: 骑士
加载卡片: 骑士
加载卡片: 骑士
加载卡片: 骑士
加载卡片: 骑士
加载卡片: 骑士
加载卡片: 骑士
加载卡片: 骑士
加载卡片: 骑士
加载卡片: 骑士
加载卡片: 骑士
加载卡片: 骑士
加载卡片: 骑士
加载卡片: 骑士
加载卡片: 骑士
加载卡片: 骑士
加载卡片: 骑士
加载卡片: 骑士
加载卡片: 骑士
加载卡片: 骑士
加载卡片: 骑士
加载卡片: 骑士
加载卡片: 骑士
加载卡片: 骑士
加载卡片: 骑士
加载卡片: 骑士
加载卡片: 骑士
加载卡片: 骑士
加载卡片: 骑士
加载卡片: 骑士
加载卡片: 骑士
加载卡片: 骑士
加载卡片: 骑士
加载卡片: 骑士
加载卡片: 骑士
加载卡片: 骑士
加载卡片: 骑士
加载卡片: 骑士
加载卡片: 骑士
加载卡片: 骑士
加载卡片: 骑士
加载卡片: 骑士
加载卡片: 骑士
加载卡片: 骑士
加载卡片: 骑士
加载卡片: 骑士
加载卡片: 骑士
加载卡片: 骑士
加载卡片: 骑士
加载卡片: 骑士
加载卡片: 骑士
加载卡片: 骑士
加载卡片: 骑士
加载卡片: 骑士
加载卡片: 骑士
加载卡片: 骑士
加载卡片: 骑士
加载卡片: 骑士
加载卡片: 骑士
加载卡片: 骑士
加载卡片: 骑士
加载卡片: 骑士
加载卡片: 骑士
加载卡片: 骑士
加载卡片: 骑士
加载卡片: 骑士
加载卡片: 骑士
加载卡片: 闪电
加载卡片: 闪电
加载卡片: 闪电
加载卡片: 闪电
加载卡片: 闪电
加载卡片: 闪电
加载卡片: 闪电
加载卡片: 闪电
加载卡片: 闪电
加载卡片: 闪电
加载卡片: 闪电
加载卡片: 闪电
加载卡片: 闪电
加载卡片: 闪电
加载卡片: 闪电
加载卡片: 闪电
加载卡片: 闪电
加载卡片: 闪电
加载卡片: 闪电
加载卡片: 闪电
加载卡片: 闪电
加载卡片: 闪电
加载卡片: 闪电
加载卡片: 闪电
加载卡片: 闪电
加载卡片: 闪电
加载卡片: 闪电
加载卡片: 闪电
加载卡片: 闪电
加载卡片: 闪电
加载卡片: 闪电
加载卡片: 闪电
加载卡片: 闪电
加载卡片: 闪电
加载卡片: 闪电
加载卡片: 闪电
加载卡片: 闪电
加载卡片: 闪电
加载卡片: 闪电
加载卡片: 闪电
加载卡片: 闪电
加载卡片: 闪电
加载卡片: 闪电
加载卡片: 闪电
加载卡片: 闪电
加载卡片: 闪电
加载卡片: 闪电
加载卡片: 闪电
加载卡片: 闪电
加载卡片: 闪电
加载卡片: 闪电
加载卡片: 闪电
加载卡片: 闪电
加载卡片: 闪电
加载卡片: 闪电
加载卡片: 闪电
加载卡片: 闪电
加载卡片: 闪电
加载卡片: 闪电
加载卡片: 闪电
加载卡片: 闪电
加载卡片: 闪电
加载卡片: 闪电
加载卡片: 闪电
加载卡片: 闪电
加载卡片: 闪电
加载卡片: 闪电
加载卡片: 闪电
加载卡片: 闪电
加载卡片: 闪电
加载卡片: 闪电
加载卡片: 闪电
加载卡片: 闪电
加载卡片: 闪电
加载卡片: 闪电
加载卡片: 闪电
加载卡片: 闪电
加载卡片: 闪电
加载卡片: 闪电
加载卡片: 闪电
加载卡片: 闪电
加载卡片: 闪电
加载卡片: 闪电
加载卡片: 闪电
加载卡片: 闪电
加载卡片: 闪电
加载卡片: 闪电
加载卡片: 闪电
加载卡片: 闪电
加载卡片: 闪电
加载卡片: 闪电
加载卡片: 闪电
加载卡片: 闪电
加载卡片: 闪电
加载卡片: 闪电
加载卡片: 闪电
加载卡片: 闪电
加载卡片: 闪电
加载卡片: 闪电
加载卡片: 闪电
加载卡片: 闪电
加载卡片: 闪电
加载卡片: 闪电
加载卡片: 闪电
加载卡片: 闪电
加载卡片: 闪电
加载卡片: 闪电
加载卡片: 闪电
加载卡片: 闪电
加载卡片: 闪电
加载卡片: 闪电
加载卡片: 闪电
加载卡片: 闪电
加载卡片: 闪电
加载卡片: 闪电
加载卡片: 闪电
加载卡片: 闪电
加载卡片: 闪电
加载卡片: 闪电
加载卡片: 闪电
加载卡片: 闪电
加载卡片: 闪电
加载卡片: 闪电
加载卡片: 闪电
加载卡片: 闪电
加载卡片: 闪电
加载卡片: 闪电
加载卡片: 闪电
加载卡片: 闪电
加载卡片: 闪电
加载卡片: 闪电
加载卡片: 闪电
加载卡片: 闪电
加载卡片: 闪电
加载卡片: 闪电
加载卡片: 闪电
加载卡片: 闪电
加载卡片: 闪电
加载卡片: 闪电
加载卡片: 闪电
加载卡片: 闪电
加载卡片: 闪电
加载卡片: 闪电
加载卡片: 闪电
加载卡片: 闪电
加载卡片: 闪电
加载卡片: 闪电
加载卡片: 闪电
加载卡片: 闪电
加载卡片: 闪电
加载卡片: 闪电
加载卡片: 闪电
加载卡片: 闪电
加载卡片: 闪电
加载卡片: 闪电
加载卡片: 闪电
加载卡片: 闪电
加载卡片: 闪电
加载卡片: 闪电
加载卡片: 闪电
加载卡片: 闪电
加载卡片: 闪电
加载卡片: 闪电
加载卡片: 闪电
加载卡片: 闪电
加载卡片: 闪电
加载卡片: 闪电
加载卡片: 闪电
加载卡片: 闪电
加载卡片: 闪电
加载卡片: 闪电
加载卡片: 闪电
加载卡片: 闪电
加载卡片: 闪电
加载卡片: 闪电
加载卡片: 闪电
加载卡片: 闪电
加载卡片: 闪电
加载卡片: 闪电
加载卡片: 闪电
加载卡片: 闪电
加载卡片: 闪电
加载卡片: 闪电
加载卡片: 闪电
加载卡片: 闪电
加载卡片: 闪电
加载卡片: 闪电
加载卡片: 闪电
加载卡片: 闪电
加载卡片: 闪电
加载卡片: 闪电
加载卡片: 闪电
加载卡片: 闪电
加载卡片: 闪电
加载卡片: 闪电
加载卡片: 闪电
加载卡片: 闪电
加载卡片: 闪电
加载卡片: 闪电
加载卡片: 闪电
加载卡片: 闪电
加载卡片: 闪电
加载卡片: 闪电
加载卡片: 闪电
加载卡片: 闪电
加载卡片: 闪电
加载卡片: 闪电
加载卡片: 闪电
加载卡片: 闪电
加载卡片: 闪电
加载卡片: 闪电
加载卡片: 闪电
加载卡片: 闪电
加载卡片: 闪电
加载卡片: 闪电
加载卡片: 闪电
加载卡片: 闪电
加载卡片: 闪电
加载卡片: 闪电
加载卡片: 闪电
加载卡片: 闪电
加载卡片: 闪电
加载卡片: 闪电
加载卡片: 闪电
加载卡片: 闪电
加载卡片: 闪电
加载卡片: 闪电
加载卡片: 闪电
加载卡片: 闪电
加载卡片: 闪电
加载卡片: 闪电
加载卡片: 闪电
加载卡片: 闪电
加载卡片: 闪电
加载卡片: 闪电
加载卡片: 闪电
加载卡片: 闪电
加载卡片: 闪电
加载卡片: 闪电
加载卡片: 闪电
加载卡片: 闪电
加载卡片: 闪电
加载卡片: 闪电
加载卡片: 闪电
加载卡片: 闪电
加载卡片: 闪电
加载卡片: 闪电
加载卡片: 闪电
加载卡片: 闪电
加载卡片: 闪电
加载卡片: 闪电
加载卡片: 闪电
加载卡片: 闪电
加载卡片: 闪电
加载卡片: 闪电
加载卡片: 闪电
加载卡片: 闪电
加载卡片: 闪电
加载卡片: 闪电
加载卡片: 闪电
加载卡片: 闪电
加载卡片: 闪电
加载卡片: 闪电
加载卡片: 闪电
加载卡片: 闪电
加载卡片: 闪电
加载卡片: 闪电
加载卡片: 闪电
加载卡片: 闪电
加载卡片: 闪电
加载卡片: 闪电
加载卡片: 闪电
加载卡片: 闪电
加载卡片: 闪电
加载卡片: 闪电
加载卡片: 闪电
加载卡片: 闪电
加载卡片: 闪电
加载卡片: 闪电
加载卡片: 闪电
加载卡片: 闪电
加载卡片: 闪电
加载卡片: 闪电
加载卡片: 闪电
加载卡片: 闪电
加载卡片: 闪电
加载卡片: 闪电
加载卡片: 闪电
加载卡片: 闪电
加载卡片: 闪电
加载卡片: 闪电
加载卡片: 闪电
加载卡片: 闪电
加载卡片: 闪电
加载卡片: 闪电
加载卡片: 闪电
加载卡片: 闪电
加载卡片: 闪电
加载卡片: 闪电
加载卡片: 闪电
[...]
加载卡片: 皮卡超人
加载卡片: 皮卡超人
加载卡片: 皮卡超人
加载卡片: 皮卡超人
加载卡片: 皮卡超人
加载卡片: 皮卡超人
加载卡片: 皮卡超人
加载卡片: 皮卡超人
加载卡片: 皮卡超人
加载卡片: 皮卡超人
加载卡片: 皮卡超人
加载卡片: 皮卡超人
加载卡片: 皮卡超人
加载卡片: 皮卡超人
加载卡片: 皮卡超人
加载卡片: 皮卡超人
加载卡片: 皮卡超人
加载卡片: 皮卡超人
加载卡片: 皮卡超人
加载卡片: 皮卡超人
加载卡片: 皮卡超人
加载卡片: 皮卡超人
加载卡片: 皮卡超人
加载卡片: 皮卡超人
加载卡片: 皮卡超人
加载卡片: 皮卡超人
加载卡片: 皮卡超人
加载卡片: 皮卡超人
加载卡片: 皮卡超人
加载卡片: 皮卡超人
加载卡片: 皮卡超人
加载卡片: 皮卡超人
加载卡片: 皮卡超人
加载卡片: 皮卡超人
加载卡片: 皮卡超人
加载卡片: 皮卡超人
加载卡片: 皮卡超人
加载卡片: 皮卡超人
加载卡片: 皮卡超人
加载卡片: 皮卡超人
加载卡片: 皮卡超人
加载卡片: 皮卡超人
加载卡片: 皮卡超人
加载卡片: 皮卡超人
加载卡片: 皮卡超人
加载卡片: 皮卡超人
加载卡片: 皮卡超人
加载卡片: 皮卡超人
加载卡片: 皮卡超人
加载卡片: 皮卡超人
加载卡片: 皮卡超人
加载卡片: 皮卡超人
加载卡片: 皮卡超人
加载卡片: 皮卡超人
加载卡片: 皮卡超人
加载卡片: 皮卡超人
加载卡片: 皮卡超人
加载卡片: 皮卡超人
加载卡片: 皮卡超人
加载卡片: 皮卡超人
加载卡片: 皮卡超人
加载卡片: 皮卡超人
加载卡片: 皮卡超人
加载卡片: 皮卡超人
加载卡片: 皮卡超人
加载卡片: 皮卡超人
加载卡片: 皮卡超人
加载卡片: 皮卡超人
加载卡片: 皮卡超人
加载卡片: 皮卡超人
加载卡片: 皮卡超人
加载卡片: 皮卡超人
加载卡片: 皮卡超人
加载卡片: 皮卡超人
加载卡片: 皮卡超人
加载卡片: 皮卡超人
加载卡片: 皮卡超人
加载卡片: 皮卡超人
加载卡片: 皮卡超人
加载卡片: 皮卡超人
加载卡片: 皮卡超人
加载卡片: 皮卡超人
加载卡片: 皮卡超人
加载卡片: 皮卡超人
加载卡片: 皮卡超人
加载卡片: 皮卡超人
加载卡片: 皮卡超人
加载卡片: 皮卡超人
加载卡片: 皮卡超人
加载卡片: 皮卡超人
加载卡片: 皮卡超人
加载卡片: 皮卡超人
加载卡片: 皮卡超人
加载卡片: 皮卡超人
加载卡片: 皮卡超人
加载卡片: 皮卡超人
加载卡片: 皮卡超人
加载卡片: 皮卡超人
加载卡片: 皮卡超人
加载卡片: 皮卡超人
加载卡片: 皮卡超人
加载卡片: 皮卡超人
加载卡片: 皮卡超人
加载卡片: 皮卡超人
加载卡片: 皮卡超人
加载卡片: 皮卡超人
加载卡片: 皮卡超人
加载卡片: 皮卡超人
加载卡片: 皮卡超人
加载卡片: 皮卡超人
加载卡片: 皮卡超人
加载卡片: 皮卡超人
加载卡片: 皮卡超人
加载卡片: 皮卡超人
加载卡片: 皮卡超人
加载卡片: 皮卡超人
加载卡片: 皮卡超人
加载卡片: 皮卡超人
加载卡片: 皮卡超人
加载卡片: 皮卡超人
加载卡片: 皮卡超人
加载卡片: 皮卡超人
加载卡片: 皮卡超人
加载卡片: 皮卡超人
加载卡片: 皮卡超人
加载卡片: 皮卡超人
加载卡片: 皮卡超人
加载卡片: 皮卡超人
加载卡片: 皮卡超人
加载卡片: 皮卡超人
加载卡片: 皮卡超人
加载卡片: 皮卡超人
加载卡片: 皮卡超人
加载卡片: 皮卡超人
加载卡片: 皮卡超人
加载卡片: 皮卡超人
加载卡片: 皮卡超人
加载卡片: 皮卡超人
加载卡片: 皮卡超人
加载卡片: 皮卡超人
加载卡片: 皮卡超人
加载卡片: 皮卡超人
加载卡片: 皮卡超人
加载卡片: 皮卡超人
加载卡片: 皮卡超人
加载卡片: 皮卡超人
加载卡片: 皮卡超人
加载卡片: 皮卡超人
加载卡片: 皮卡超人
GameConfig not found, using defaults!
]]></output>
              </test-case>
              <test-case id="1057" name="PlayerStats_Nickname_SetAndGet" fullname="KingdomWar.Tests.PlayMode.IntegrationTests.PlayerStats_Nickname_SetAndGet" methodname="PlayerStats_Nickname_SetAndGet" classname="KingdomWar.Tests.PlayMode.IntegrationTests" runstate="Runnable" seed="548693478" result="Passed" start-time="2026-07-04 15:22:14Z" end-time="2026-07-04 15:22:14Z" duration="0.001543" asserts="0">
                <properties>
                  <property name="_JOINTYPE" value="UnityCombinatorial" />
                </properties>
              </test-case>
              <test-case id="1054" name="PlayerStats_RecordBattleResult_IncrementsDraws" fullname="KingdomWar.Tests.PlayMode.IntegrationTests.PlayerStats_RecordBattleResult_IncrementsDraws" methodname="PlayerStats_RecordBattleResult_IncrementsDraws" classname="KingdomWar.Tests.PlayMode.IntegrationTests" runstate="Runnable" seed="1547623207" result="Passed" start-time="2026-07-04 15:22:14Z" end-time="2026-07-04 15:22:14Z" duration="0.001336" asserts="0">
                <properties>
                  <property name="_JOINTYPE" value="UnityCombinatorial" />
                </properties>
              </test-case>
              <test-case id="1053" name="PlayerStats_RecordBattleResult_IncrementsLosses" fullname="KingdomWar.Tests.PlayMode.IntegrationTests.PlayerStats_RecordBattleResult_IncrementsLosses" methodname="PlayerStats_RecordBattleResult_IncrementsLosses" classname="KingdomWar.Tests.PlayMode.IntegrationTests" runstate="Runnable" seed="1042949600" result="Passed" start-time="2026-07-04 15:22:14Z" end-time="2026-07-04 15:22:14Z" duration="0.001251" asserts="0">
                <properties>
                  <property name="_JOINTYPE" value="UnityCombinatorial" />
                </properties>
              </test-case>
              <test-case id="1052" name="PlayerStats_RecordBattleResult_IncrementsWins" fullname="KingdomWar.Tests.PlayMode.IntegrationTests.PlayerStats_RecordBattleResult_IncrementsWins" methodname="PlayerStats_RecordBattleResult_IncrementsWins" classname="KingdomWar.Tests.PlayMode.IntegrationTests" runstate="Runnable" seed="1456180651" result="Passed" start-time="2026-07-04 15:22:14Z" end-time="2026-07-04 15:22:14Z" duration="0.001322" asserts="0">
                <properties>
                  <property name="_JOINTYPE" value="UnityCombinatorial" />
                </properties>
              </test-case>
              <test-case id="1059" name="PlayerStats_TotalBattles_EqualsSum" fullname="KingdomWar.Tests.PlayMode.IntegrationTests.PlayerStats_TotalBattles_EqualsSum" methodname="PlayerStats_TotalBattles_EqualsSum" classname="KingdomWar.Tests.PlayMode.IntegrationTests" runstate="Runnable" seed="1713176529" result="Passed" start-time="2026-07-04 15:22:14Z" end-time="2026-07-04 15:22:14Z" duration="0.000994" asserts="0">
                <properties>
                  <property name="_JOINTYPE" value="UnityCombinatorial" />
                </properties>
              </test-case>
              <test-case id="1055" name="PlayerStats_WinRate_CalculatesCorrectly" fullname="KingdomWar.Tests.PlayMode.IntegrationTests.PlayerStats_WinRate_CalculatesCorrectly" methodname="PlayerStats_WinRate_CalculatesCorrectly" classname="KingdomWar.Tests.PlayMode.IntegrationTests" runstate="Runnable" seed="390918608" result="Passed" start-time="2026-07-04 15:22:14Z" end-time="2026-07-04 15:22:14Z" duration="0.002061" asserts="0">
                <properties>
                  <property name="_JOINTYPE" value="UnityCombinatorial" />
                </properties>
              </test-case>
              <test-case id="1056" name="PlayerStats_WinRate_ZeroBattles_ReturnsZero" fullname="KingdomWar.Tests.PlayMode.IntegrationTests.PlayerStats_WinRate_ZeroBattles_ReturnsZero" methodname="PlayerStats_WinRate_ZeroBattles_ReturnsZero" classname="KingdomWar.Tests.PlayMode.IntegrationTests" runstate="Runnable" seed="695232187" result="Passed" start-time="2026-07-04 15:22:14Z" end-time="2026-07-04 15:22:14Z" duration="0.001369" asserts="0">
                <properties>
                  <property name="_JOINTYPE" value="UnityCombinatorial" />
                </properties>
              </test-case>
              <test-case id="1050" name="TrophyManager_ApplyTrophyChange_ArenaChangeDetected" fullname="KingdomWar.Tests.PlayMode.IntegrationTests.TrophyManager_ApplyTrophyChange_ArenaChangeDetected" methodname="TrophyManager_ApplyTrophyChange_ArenaChangeDetected" classname="KingdomWar.Tests.PlayMode.IntegrationTests" runstate="Runnable" seed="756893542" result="Passed" start-time="2026-07-04 15:22:14Z" end-time="2026-07-04 15:22:14Z" duration="0.002791" asserts="0">
                <properties>
                  <property name="_JOINTYPE" value="UnityCombinatorial" />
                </properties>
              </test-case>
              <test-case id="1047" name="TrophyManager_ApplyTrophyChange_DecreasesTrophiesOnLoss" fullname="KingdomWar.Tests.PlayMode.IntegrationTests.TrophyManager_ApplyTrophyChange_DecreasesTrophiesOnLoss" methodname="TrophyManager_ApplyTrophyChange_DecreasesTrophiesOnLoss" classname="KingdomWar.Tests.PlayMode.IntegrationTests" runstate="Runnable" seed="551700694" result="Passed" start-time="2026-07-04 15:22:14Z" end-time="2026-07-04 15:22:14Z" duration="0.001457" asserts="0">
                <properties>
                  <property name="_JOINTYPE" value="UnityCombinatorial" />
                </properties>
              </test-case>
              <test-case id="1049" name="TrophyManager_ApplyTrophyChange_DoesNotDropBelowZero" fullname="KingdomWar.Tests.PlayMode.IntegrationTests.TrophyManager_ApplyTrophyChange_DoesNotDropBelowZero" methodname="TrophyManager_ApplyTrophyChange_DoesNotDropBelowZero" classname="KingdomWar.Tests.PlayMode.IntegrationTests" runstate="Runnable" seed="1355028086" result="Passed" start-time="2026-07-04 15:22:14Z" end-time="2026-07-04 15:22:14Z" duration="0.001254" asserts="0">
                <properties>
                  <property name="_JOINTYPE" value="UnityCombinatorial" />
                </properties>
              </test-case>
              <test-case id="1048" name="TrophyManager_ApplyTrophyChange_DrawGivesZero" fullname="KingdomWar.Tests.PlayMode.IntegrationTests.TrophyManager_ApplyTrophyChange_DrawGivesZero" methodname="TrophyManager_ApplyTrophyChange_DrawGivesZero" classname="KingdomWar.Tests.PlayMode.IntegrationTests" runstate="Runnable" seed="1031079757" result="Passed" start-time="2026-07-04 15:22:14Z" end-time="2026-07-04 15:22:14Z" duration="0.001203" asserts="0">
                <properties>
                  <property name="_JOINTYPE" value="UnityCombinatorial" />
                </properties>
              </test-case>
              <test-case id="1046" name="TrophyManager_ApplyTrophyChange_IncreasesTrophiesOnWin" fullname="KingdomWar.Tests.PlayMode.IntegrationTests.TrophyManager_ApplyTrophyChange_IncreasesTrophiesOnWin" methodname="TrophyManager_ApplyTrophyChange_IncreasesTrophiesOnWin" classname="KingdomWar.Tests.PlayMode.IntegrationTests" runstate="Runnable" seed="42329617" result="Passed" start-time="2026-07-04 15:22:14Z" end-time="2026-07-04 15:22:14Z" duration="0.001350" asserts="0">
                <properties>
                  <property name="_JOINTYPE" value="UnityCombinatorial" />
                </properties>
              </test-case>
              <test-case id="1051" name="TrophyManager_GetPlayerArena_ReturnsCorrectArena" fullname="KingdomWar.Tests.PlayMode.IntegrationTests.TrophyManager_GetPlayerArena_ReturnsCorrectArena" methodname="TrophyManager_GetPlayerArena_ReturnsCorrectArena" classname="KingdomWar.Tests.PlayMode.IntegrationTests" runstate="Runnable" seed="576044897" result="Passed" start-time="2026-07-04 15:22:14Z" end-time="2026-07-04 15:22:14Z" duration="0.000960" asserts="0">
                <properties>
                  <property name="_JOINTYPE" value="UnityCombinatorial" />
                </properties>
              </test-case>
            </test-suite>
          </test-suite>
        </test-suite>
      </test-suite>
      <test-suite type="TestFixture" id="1021" name="LotterySystemTests" fullname="LotterySystemTests" classname="LotterySystemTests" runstate="Runnable" testcasecount="5" result="Passed" start-time="2026-07-04 15:22:14Z" end-time="2026-07-04 15:22:15Z" duration="1.368194" total="5" passed="5" failed="0" inconclusive="0" skipped="0" asserts="0">
        <properties />
        <test-case id="1026" name="Draw_ReturnsCorrectCardRarityWeights" fullname="LotterySystemTests.Draw_ReturnsCorrectCardRarityWeights" methodname="Draw_ReturnsCorrectCardRarityWeights" classname="LotterySystemTests" runstate="Runnable" seed="1016522610" result="Passed" start-time="2026-07-04 15:22:14Z" end-time="2026-07-04 15:22:15Z" duration="1.365050" asserts="0">
          <properties />
          <output><![CDATA[Loaded 8 cards into database
]]></output>
        </test-case>
        <test-case id="1022" name="Draw_ReturnsSuccess_WhenPlayerHasGold" fullname="LotterySystemTests.Draw_ReturnsSuccess_WhenPlayerHasGold" methodname="Draw_ReturnsSuccess_WhenPlayerHasGold" classname="LotterySystemTests" runstate="Runnable" seed="1756468020" result="Passed" start-time="2026-07-04 15:22:15Z" end-time="2026-07-04 15:22:15Z" duration="0.001599" asserts="0">
          <properties />
        </test-case>
        <test-case id="1023" name="GetRemainingFreeDraws_ReturnsNonNegative" fullname="LotterySystemTests.GetRemainingFreeDraws_ReturnsNonNegative" methodname="GetRemainingFreeDraws_ReturnsNonNegative" classname="LotterySystemTests" runstate="Runnable" seed="1622845332" result="Passed" start-time="2026-07-04 15:22:15Z" end-time="2026-07-04 15:22:15Z" duration="0.000288" asserts="0">
          <properties />
        </test-case>
        <test-case id="1025" name="HasEnoughCurrency_ReturnsBool" fullname="LotterySystemTests.HasEnoughCurrency_ReturnsBool" methodname="HasEnoughCurrency_ReturnsBool" classname="LotterySystemTests" runstate="Runnable" seed="893924375" result="Passed" start-time="2026-07-04 15:22:15Z" end-time="2026-07-04 15:22:15Z" duration="0.000412" asserts="0">
          <properties />
        </test-case>
        <test-case id="1024" name="IsFreeDrawAvailable_ReturnsBool" fullname="LotterySystemTests.IsFreeDrawAvailable_ReturnsBool" methodname="IsFreeDrawAvailable_ReturnsBool" classname="LotterySystemTests" runstate="Runnable" seed="1662224619" result="Passed" start-time="2026-07-04 15:22:15Z" end-time="2026-07-04 15:22:15Z" duration="0.000165" asserts="0">
          <properties />
        </test-case>
      </test-suite>
      <test-suite type="TestFixture" id="1027" name="ShopManagerTests" fullname="ShopManagerTests" classname="ShopManagerTests" runstate="Runnable" testcasecount="5" result="Passed" start-time="2026-07-04 15:22:15Z" end-time="2026-07-04 15:22:15Z" duration="0.006092" total="5" passed="5" failed="0" inconclusive="0" skipped="0" asserts="0">
        <properties />
        <test-case id="1030" name="GetDailyItems_ItemsHaveValidData" fullname="ShopManagerTests.GetDailyItems_ItemsHaveValidData" methodname="GetDailyItems_ItemsHaveValidData" classname="ShopManagerTests" runstate="Runnable" seed="1963397864" result="Passed" start-time="2026-07-04 15:22:15Z" end-time="2026-07-04 15:22:15Z" duration="0.001531" asserts="0">
          <properties />
        </test-case>
        <test-case id="1029" name="GetDailyItems_ReturnsThreeItems" fullname="ShopManagerTests.GetDailyItems_ReturnsThreeItems" methodname="GetDailyItems_ReturnsThreeItems" classname="ShopManagerTests" runstate="Runnable" seed="227729249" result="Passed" start-time="2026-07-04 15:22:15Z" end-time="2026-07-04 15:22:15Z" duration="0.000171" asserts="0">
          <properties />
        </test-case>
        <test-case id="1028" name="Instance_IsNotNull" fullname="ShopManagerTests.Instance_IsNotNull" methodname="Instance_IsNotNull" classname="ShopManagerTests" runstate="Runnable" seed="1621897259" result="Passed" start-time="2026-07-04 15:22:15Z" end-time="2026-07-04 15:22:15Z" duration="0.000135" asserts="0">
          <properties />
        </test-case>
        <test-case id="1031" name="PurchaseItem_FailsForAlreadyPurchased" fullname="ShopManagerTests.PurchaseItem_FailsForAlreadyPurchased" methodname="PurchaseItem_FailsForAlreadyPurchased" classname="ShopManagerTests" runstate="Runnable" seed="190333417" result="Passed" start-time="2026-07-04 15:22:15Z" end-time="2026-07-04 15:22:15Z" duration="0.001811" asserts="0">
          <properties />
          <output><![CDATA[Item already purchased
]]></output>
        </test-case>
        <test-case id="1032" name="RefreshDailyShop_GeneratesNewItems" fullname="ShopManagerTests.RefreshDailyShop_GeneratesNewItems" methodname="RefreshDailyShop_GeneratesNewItems" classname="ShopManagerTests" runstate="Runnable" seed="1032006901" result="Passed" start-time="2026-07-04 15:22:15Z" end-time="2026-07-04 15:22:15Z" duration="0.001259" asserts="0">
          <properties />
          <output><![CDATA[EconomyBalanceSO not found in Resources/Config/, using defaults!
]]></output>
        </test-case>
      </test-suite>
      <test-suite type="TestFixture" id="1033" name="UIManagerTests" fullname="UIManagerTests" classname="UIManagerTests" runstate="Runnable" testcasecount="6" result="Passed" start-time="2026-07-04 15:22:15Z" end-time="2026-07-04 15:22:15Z" duration="0.054872" total="6" passed="6" failed="0" inconclusive="0" skipped="0" asserts="0">
        <properties />
        <test-case id="1039" name="ClearPanelCache_DoesNotThrow" fullname="UIManagerTests.ClearPanelCache_DoesNotThrow" methodname="ClearPanelCache_DoesNotThrow" classname="UIManagerTests" runstate="Runnable" seed="394900877" result="Passed" start-time="2026-07-04 15:22:15Z" end-time="2026-07-04 15:22:15Z" duration="0.001288" asserts="0">
          <properties />
        </test-case>
        <test-case id="1036" name="CreatePromptMessageAsync_DoesNotThrow" fullname="UIManagerTests.CreatePromptMessageAsync_DoesNotThrow" methodname="CreatePromptMessageAsync_DoesNotThrow" classname="UIManagerTests" runstate="Runnable" seed="2137946852" result="Passed" start-time="2026-07-04 15:22:15Z" end-time="2026-07-04 15:22:15Z" duration="0.042532" asserts="0">
          <properties />
        </test-case>
        <test-case id="1037" name="GetPanel_ReturnsNull_ForInvalidType" fullname="UIManagerTests.GetPanel_ReturnsNull_ForInvalidType" methodname="GetPanel_ReturnsNull_ForInvalidType" classname="UIManagerTests" runstate="Runnable" seed="756245038" result="Passed" start-time="2026-07-04 15:22:15Z" end-time="2026-07-04 15:22:15Z" duration="0.008856" asserts="0">
          <properties />
          <output><![CDATA[未找到UI面板:999
]]></output>
        </test-case>
        <test-case id="1035" name="GetPanelAsync_DoesNotThrow" fullname="UIManagerTests.GetPanelAsync_DoesNotThrow" methodname="GetPanelAsync_DoesNotThrow" classname="UIManagerTests" runstate="Runnable" seed="2024417462" result="Passed" start-time="2026-07-04 15:22:15Z" end-time="2026-07-04 15:22:15Z" duration="0.000811" asserts="0">
          <properties />
        </test-case>
        <test-case id="1034" name="Instance_IsNotNull" fullname="UIManagerTests.Instance_IsNotNull" methodname="Instance_IsNotNull" classname="UIManagerTests" runstate="Runnable" seed="1150727807" result="Passed" start-time="2026-07-04 15:22:15Z" end-time="2026-07-04 15:22:15Z" duration="0.000215" asserts="0">
          <properties />
        </test-case>
        <test-case id="1038" name="ParseUIText_PopulatesPanelPathDic" fullname="UIManagerTests.ParseUIText_PopulatesPanelPathDic" methodname="ParseUIText_PopulatesPanelPathDic" classname="UIManagerTests" runstate="Runnable" seed="721192589" result="Passed" start-time="2026-07-04 15:22:15Z" end-time="2026-07-04 15:22:15Z" duration="0.000255" asserts="0">
          <properties />
        </test-case>
      </test-suite>
      <test-suite type="TestFixture" id="1040" name="UnitHealthBarTests" fullname="UnitHealthBarTests" classname="UnitHealthBarTests" runstate="Runnable" testcasecount="4" result="Passed" start-time="2026-07-04 15:22:15Z" end-time="2026-07-04 15:22:15Z" duration="0.018612" total="4" passed="4" failed="0" inconclusive="0" skipped="0" asserts="0">
        <properties />
        <test-case id="1044" name="Cleanup_DestroysCanvas" fullname="UnitHealthBarTests.Cleanup_DestroysCanvas" methodname="Cleanup_DestroysCanvas" classname="UnitHealthBarTests" runstate="Runnable" seed="974013854" result="Passed" start-time="2026-07-04 15:22:15Z" end-time="2026-07-04 15:22:15Z" duration="0.013412" asserts="0">
          <properties />
        </test-case>
        <test-case id="1041" name="Initialize_CreatesCanvas" fullname="UnitHealthBarTests.Initialize_CreatesCanvas" methodname="Initialize_CreatesCanvas" classname="UnitHealthBarTests" runstate="Runnable" seed="1075360640" result="Passed" start-time="2026-07-04 15:22:15Z" end-time="2026-07-04 15:22:15Z" duration="0.000723" asserts="0">
          <properties />
        </test-case>
        <test-case id="1042" name="UpdateHealth_ChangesBarFill" fullname="UnitHealthBarTests.UpdateHealth_ChangesBarFill" methodname="UpdateHealth_ChangesBarFill" classname="UnitHealthBarTests" runstate="Runnable" seed="1953429811" result="Passed" start-time="2026-07-04 15:22:15Z" end-time="2026-07-04 15:22:15Z" duration="0.001252" asserts="0">
          <properties />
        </test-case>
        <test-case id="1043" name="UpdateHealth_FullHealth_ShowsGreen" fullname="UnitHealthBarTests.UpdateHealth_FullHealth_ShowsGreen" methodname="UpdateHealth_FullHealth_ShowsGreen" classname="UnitHealthBarTests" runstate="Runnable" seed="179514543" result="Passed" start-time="2026-07-04 15:22:15Z" end-time="2026-07-04 15:22:15Z" duration="0.000594" asserts="0">
          <properties />
        </test-case>
      </test-suite>
    </test-suite>
  </test-suite>
</test-run>